[0.022s] Invoking command in '/home/yjh/px4_ros_com_ros2/build/px4_ros_com': AMENT_PREFIX_PATH=/home/yjh/px4_ros_com_ros2/install/px4_msgs:${AMENT_PREFIX_PATH} CMAKE_PREFIX_PATH=/home/yjh/px4_ros_com_ros2/install/px4_msgs:/opt/ros/foxy LD_LIBRARY_PATH=/home/yjh/px4_ros_com_ros2/install/px4_msgs/lib:${LD_LIBRARY_PATH} PYTHONPATH=/home/yjh/px4_ros_com_ros2/install/px4_msgs/lib/python3.8/site-packages:${PYTHONPATH} /usr/bin/cmake --build /home/yjh/px4_ros_com_ros2/build/px4_ros_com -- -j4 -l4
[0.168s] [  2%] Built target frame_transforms
[0.248s] [  4%] Built target vehicle_gps_position_listener
[0.318s] [  5%] Built target debug_vect_advertiser
[0.395s] [  7%] Built target sensor_combined_listener
[0.475s] [  9%] Built target iris0_takeoff
[0.558s] [ 11%] Built target iris2_takeoff
[0.635s] [ 13%] Built target offboard_control
[0.669s] [35m[1mScanning dependencies of target position_calculator[0m
[0.745s] [ 14%] [32mBuilding CXX object CMakeFiles/position_calculator.dir/src/examples/offboard/position_calculator.cpp.o[0m
[39.357s] [ 15%] [32m[1mLinking CXX executable position_calculator[0m
[39.967s] [ 15%] Built target position_calculator
[40.046s] [ 17%] Built target mission2
[40.218s] [ 98%] Built target micrortps_agent
[40.298s] [100%] Built target iris1_takeoff
[40.336s] Invoked command in '/home/yjh/px4_ros_com_ros2/build/px4_ros_com' returned '0': AMENT_PREFIX_PATH=/home/yjh/px4_ros_com_ros2/install/px4_msgs:${AMENT_PREFIX_PATH} CMAKE_PREFIX_PATH=/home/yjh/px4_ros_com_ros2/install/px4_msgs:/opt/ros/foxy LD_LIBRARY_PATH=/home/yjh/px4_ros_com_ros2/install/px4_msgs/lib:${LD_LIBRARY_PATH} PYTHONPATH=/home/yjh/px4_ros_com_ros2/install/px4_msgs/lib/python3.8/site-packages:${PYTHONPATH} /usr/bin/cmake --build /home/yjh/px4_ros_com_ros2/build/px4_ros_com -- -j4 -l4
[40.777s] Invoking command in '/home/yjh/px4_ros_com_ros2/build/px4_ros_com': AMENT_PREFIX_PATH=/home/yjh/px4_ros_com_ros2/install/px4_msgs:${AMENT_PREFIX_PATH} CMAKE_PREFIX_PATH=/home/yjh/px4_ros_com_ros2/install/px4_msgs:/opt/ros/foxy LD_LIBRARY_PATH=/home/yjh/px4_ros_com_ros2/install/px4_msgs/lib:${LD_LIBRARY_PATH} PYTHONPATH=/home/yjh/px4_ros_com_ros2/install/px4_msgs/lib/python3.8/site-packages:${PYTHONPATH} /usr/bin/cmake --install /home/yjh/px4_ros_com_ros2/build/px4_ros_com
[40.800s] -- Install configuration: "RELWITHDEBINFO"
[40.802s] -- Execute custom install script
[40.803s] -- Up-to-date symlink: /home/yjh/px4_ros_com_ros2/install/px4_ros_com/lib/px4_ros_com/sensor_combined_listener
[40.807s] -- Up-to-date symlink: /home/yjh/px4_ros_com_ros2/install/px4_ros_com/lib/px4_ros_com/vehicle_gps_position_listener
[40.808s] -- Up-to-date symlink: /home/yjh/px4_ros_com_ros2/install/px4_ros_com/lib/px4_ros_com/debug_vect_advertiser
[40.808s] -- Up-to-date symlink: /home/yjh/px4_ros_com_ros2/install/px4_ros_com/lib/px4_ros_com/offboard_control
[40.809s] -- Up-to-date symlink: /home/yjh/px4_ros_com_ros2/install/px4_ros_com/lib/px4_ros_com/iris0_takeoff
[40.810s] -- Up-to-date symlink: /home/yjh/px4_ros_com_ros2/install/px4_ros_com/lib/px4_ros_com/iris1_takeoff
[40.811s] -- Up-to-date symlink: /home/yjh/px4_ros_com_ros2/install/px4_ros_com/lib/px4_ros_com/iris2_takeoff
[40.815s] -- Up-to-date symlink: /home/yjh/px4_ros_com_ros2/install/px4_ros_com/lib/px4_ros_com/position_calculator
[40.815s] -- Up-to-date symlink: /home/yjh/px4_ros_com_ros2/install/px4_ros_com/lib/px4_ros_com/mission2
[40.815s] -- Up-to-date symlink: /home/yjh/px4_ros_com_ros2/install/px4_ros_com/share/px4_ros_com/environment/library_path.sh
[40.815s] -- Up-to-date symlink: /home/yjh/px4_ros_com_ros2/install/px4_ros_com/share/px4_ros_com/environment/library_path.dsv
[40.816s] -- Up-to-date symlink: /home/yjh/px4_ros_com_ros2/install/px4_ros_com/include/px4_ros_com/frame_transforms.h
[40.817s] -- Up-to-date symlink: /home/yjh/px4_ros_com_ros2/install/px4_ros_com/share/px4_ros_com/cmake/EnableC++XX.cmake
[40.818s] -- Up-to-date symlink: /home/yjh/px4_ros_com_ros2/install/px4_ros_com/share/px4_ros_com/cmake/EnableSanitizers.cmake
[40.819s] -- Up-to-date symlink: /home/yjh/px4_ros_com_ros2/install/px4_ros_com/share/px4_ros_com/cmake/GenerateMicroRTPSAgent.cmake
[40.822s] -- Up-to-date symlink: /home/yjh/px4_ros_com_ros2/install/px4_ros_com/share/px4_ros_com/launch/sensor_combined_listener.launch.py
[40.830s] -- Up-to-date symlink: /home/yjh/px4_ros_com_ros2/install/px4_ros_com/share/px4_ros_com/test/__init__.py
[40.831s] -- Up-to-date symlink: /home/yjh/px4_ros_com_ros2/install/px4_ros_com/share/px4_ros_com/test/pipeline_io_test.py
[40.832s] -- Up-to-date symlink: /home/yjh/px4_ros_com_ros2/install/px4_ros_com/share/px4_ros_com/test/test_input.py
[40.832s] -- Up-to-date symlink: /home/yjh/px4_ros_com_ros2/install/px4_ros_com/share/px4_ros_com/test/test_output.py
[40.833s] -- Up-to-date symlink: /home/yjh/px4_ros_com_ros2/install/px4_ros_com/share/ament_index/resource_index/package_run_dependencies/px4_ros_com
[40.833s] -- Up-to-date symlink: /home/yjh/px4_ros_com_ros2/install/px4_ros_com/share/ament_index/resource_index/parent_prefix_path/px4_ros_com
[40.836s] -- Up-to-date symlink: /home/yjh/px4_ros_com_ros2/install/px4_ros_com/share/px4_ros_com/environment/ament_prefix_path.sh
[40.837s] -- Up-to-date symlink: /home/yjh/px4_ros_com_ros2/install/px4_ros_com/share/px4_ros_com/environment/ament_prefix_path.dsv
[40.838s] -- Up-to-date symlink: /home/yjh/px4_ros_com_ros2/install/px4_ros_com/share/px4_ros_com/environment/path.sh
[40.839s] -- Up-to-date symlink: /home/yjh/px4_ros_com_ros2/install/px4_ros_com/share/px4_ros_com/environment/path.dsv
[40.839s] -- Up-to-date symlink: /home/yjh/px4_ros_com_ros2/install/px4_ros_com/share/px4_ros_com/local_setup.bash
[40.840s] -- Up-to-date symlink: /home/yjh/px4_ros_com_ros2/install/px4_ros_com/share/px4_ros_com/local_setup.sh
[40.840s] -- Up-to-date symlink: /home/yjh/px4_ros_com_ros2/install/px4_ros_com/share/px4_ros_com/local_setup.zsh
[40.840s] -- Up-to-date symlink: /home/yjh/px4_ros_com_ros2/install/px4_ros_com/share/px4_ros_com/local_setup.dsv
[40.841s] -- Symlinking: /home/yjh/px4_ros_com_ros2/install/px4_ros_com/share/px4_ros_com/package.dsv
[40.865s] -- Up-to-date symlink: /home/yjh/px4_ros_com_ros2/install/px4_ros_com/share/ament_index/resource_index/packages/px4_ros_com
[40.866s] -- Up-to-date symlink: /home/yjh/px4_ros_com_ros2/install/px4_ros_com/share/px4_ros_com/cmake/ament_cmake_export_dependencies-extras.cmake
[40.867s] -- Up-to-date symlink: /home/yjh/px4_ros_com_ros2/install/px4_ros_com/share/px4_ros_com/cmake/ament_cmake_export_targets-extras.cmake
[40.870s] -- Up-to-date symlink: /home/yjh/px4_ros_com_ros2/install/px4_ros_com/share/px4_ros_com/cmake/ament_cmake_export_include_directories-extras.cmake
[40.871s] -- Up-to-date symlink: /home/yjh/px4_ros_com_ros2/install/px4_ros_com/share/px4_ros_com/cmake/ament_cmake_export_libraries-extras.cmake
[40.871s] -- Up-to-date symlink: /home/yjh/px4_ros_com_ros2/install/px4_ros_com/share/px4_ros_com/cmake/px4_ros_comConfig.cmake
[40.872s] -- Up-to-date symlink: /home/yjh/px4_ros_com_ros2/install/px4_ros_com/share/px4_ros_com/cmake/px4_ros_comConfig-version.cmake
[40.873s] -- Up-to-date symlink: /home/yjh/px4_ros_com_ros2/install/px4_ros_com/share/px4_ros_com/package.xml
[40.873s] -- Up-to-date: /home/yjh/px4_ros_com_ros2/install/px4_ros_com/lib/libframe_transforms.so
[40.876s] -- Up-to-date: /home/yjh/px4_ros_com_ros2/install/px4_ros_com/bin/micrortps_agent
[40.877s] -- Up-to-date: /home/yjh/px4_ros_com_ros2/install/px4_ros_com/share/px4_ros_com/cmake/export_frame_transformsExport.cmake
[40.877s] -- Up-to-date: /home/yjh/px4_ros_com_ros2/install/px4_ros_com/share/px4_ros_com/cmake/export_frame_transformsExport-relwithdebinfo.cmake
[40.886s] Invoked command in '/home/yjh/px4_ros_com_ros2/build/px4_ros_com' returned '0': AMENT_PREFIX_PATH=/home/yjh/px4_ros_com_ros2/install/px4_msgs:${AMENT_PREFIX_PATH} CMAKE_PREFIX_PATH=/home/yjh/px4_ros_com_ros2/install/px4_msgs:/opt/ros/foxy LD_LIBRARY_PATH=/home/yjh/px4_ros_com_ros2/install/px4_msgs/lib:${LD_LIBRARY_PATH} PYTHONPATH=/home/yjh/px4_ros_com_ros2/install/px4_msgs/lib/python3.8/site-packages:${PYTHONPATH} /usr/bin/cmake --install /home/yjh/px4_ros_com_ros2/build/px4_ros_com
