[0.011s] Invoking command in '/home/yjh/px4_ros_com_ros2/build/px4_ros_com': AMENT_PREFIX_PATH=/home/yjh/px4_ros_com_ros2/install/px4_msgs:${AMENT_PREFIX_PATH} CMAKE_PREFIX_PATH=/home/yjh/px4_ros_com_ros2/install/px4_msgs:/opt/ros/foxy LD_LIBRARY_PATH=/home/yjh/px4_ros_com_ros2/install/px4_msgs/lib:${LD_LIBRARY_PATH} PYTHONPATH=/home/yjh/px4_ros_com_ros2/install/px4_msgs/lib/python3.8/site-packages:${PYTHONPATH} /usr/bin/cmake /home/yjh/px4_ros_com_ros2/src/px4_ros_com -DCMAKE_BUILD_TYPE=RELWITHDEBINFO -DAMENT_CMAKE_SYMLINK_INSTALL=1 -DCMAKE_INSTALL_PREFIX=/home/yjh/px4_ros_com_ros2/install/px4_ros_com
[0.072s] -- The C compiler identification is GNU 9.4.0
[0.128s] -- The CXX compiler identification is GNU 9.4.0
[0.133s] -- Check for working C compiler: /usr/bin/cc
[0.204s] -- Check for working C compiler: /usr/bin/cc -- works
[0.204s] -- Detecting C compiler ABI info
[0.275s] -- Detecting C compiler ABI info - done
[0.287s] -- Detecting C compile features
[0.288s] -- Detecting C compile features - done
[0.290s] -- Check for working CXX compiler: /usr/bin/c++
[0.373s] -- Check for working CXX compiler: /usr/bin/c++ -- works
[0.374s] -- Detecting CXX compiler ABI info
[0.456s] -- Detecting CXX compiler ABI info - done
[0.470s] -- Detecting CXX compile features
[0.470s] -- Detecting CXX compile features - done
[0.481s] -- Performing Test COMPILER_SUPPORTS_CXX17
[0.579s] -- Performing Test COMPILER_SUPPORTS_CXX17 - Success
[0.579s] -- Performing Test COMPILER_SUPPORTS_CXX14
[0.661s] -- Performing Test COMPILER_SUPPORTS_CXX14 - Success
[0.661s] -- Performing Test COMPILER_SUPPORTS_CXX11
[0.742s] -- Performing Test COMPILER_SUPPORTS_CXX11 - Success
[0.743s] -- Performing Test COMPILER_SUPPORTS_CXX0X
[0.824s] -- Performing Test COMPILER_SUPPORTS_CXX0X - Success
[0.824s] -- Using C++17 compiler
[0.826s] -- Found ament_cmake: 0.9.9 (/opt/ros/foxy/share/ament_cmake/cmake)
[0.852s] -- Found PythonInterp: /usr/bin/python3 (found suitable version "3.8.10", minimum required is "3") 
[0.852s] -- Using PYTHON_EXECUTABLE: /usr/bin/python3
[1.076s] -- Override CMake install command with custom implementation using symlinks instead of copying resources
[1.099s] -- Found builtin_interfaces: 1.0.0 (/opt/ros/foxy/share/builtin_interfaces/cmake)
[1.127s] -- Using all available rosidl_typesupport_c: rosidl_typesupport_fastrtps_c;rosidl_typesupport_introspection_c
[1.134s] -- Found rosidl_adapter: 1.2.1 (/opt/ros/foxy/share/rosidl_adapter/cmake)
[1.224s] -- Found OpenSSL: /usr/lib/x86_64-linux-gnu/libcrypto.so (found version "1.1.1f")  
[1.256s] -- Found FastRTPS: /opt/ros/foxy/include  
[1.342s] -- Using all available rosidl_typesupport_cpp: rosidl_typesupport_fastrtps_cpp;rosidl_typesupport_introspection_cpp
[1.404s] -- Found rclcpp: 2.4.1 (/opt/ros/foxy/share/rclcpp/cmake)
[1.474s] -- Found rmw_implementation_cmake: 1.0.3 (/opt/ros/foxy/share/rmw_implementation_cmake/cmake)
[1.476s] -- Using RMW implementation 'rmw_fastrtps_cpp' as default
[1.478s] -- Looking for pthread.h
[1.561s] -- Looking for pthread.h - found
[1.561s] -- Performing Test CMAKE_HAVE_LIBC_PTHREAD
[1.641s] -- Performing Test CMAKE_HAVE_LIBC_PTHREAD - Failed
[1.641s] -- Looking for pthread_create in pthreads
[1.705s] -- Looking for pthread_create in pthreads - not found
[1.705s] -- Looking for pthread_create in pthread
[1.782s] -- Looking for pthread_create in pthread - found
[1.783s] -- Found Threads: TRUE  
[1.977s] -- Found rmw_fastrtps_cpp: 1.3.0 (/opt/ros/foxy/share/rmw_fastrtps_cpp/cmake)
[2.110s] -- Found px4_msgs: 2.0.1 (/home/yjh/px4_ros_com_ros2/install/px4_msgs/share/px4_msgs/cmake)
[2.137s] -- Found sensor_msgs: 2.0.5 (/opt/ros/foxy/share/sensor_msgs/cmake)
[2.322s] -- Found eigen3_cmake_module: 0.1.1 (/opt/ros/foxy/share/eigen3_cmake_module/cmake)
[2.326s] -- fastrtpsgen found in /usr/local/bin
[2.365s] openjdk version "13.0.7" 2021-04-20
[2.366s] OpenJDK Runtime Environment (build 13.0.7+5-Ubuntu-0ubuntu120.04)
[2.366s] OpenJDK 64-Bit Server VM (build 13.0.7+5-Ubuntu-0ubuntu120.04, mixed mode, sharing)
[2.395s] -- fastrtpsgen version 1.0.4
[2.396s] -- px4_msgs message dir under /home/yjh/px4_ros_com_ros2/install/px4_msgs/share/px4_msgs/msg
[2.396s] -- IDL definitions under /home/yjh/px4_ros_com_ros2/install/px4_msgs/share/px4_msgs/msg
[2.396s] -- Retrieving list of msgs to send...
[2.458s] -- List of msgs to send: DebugArray, DebugKeyValue, DebugValue, DebugVect, OffboardControlMode, OnboardComputerStatus, OpticalFlow, PositionSetpoint, PositionSetpointTriplet, TelemetryStatus, Timesync, TrajectoryBezier, TrajectorySetpoint, VehicleCommand, VehicleLocalPositionSetpoint, VehicleTrajectoryBezier, VehicleTrajectoryWaypoint, VehicleMocapOdometry, VehicleVisualOdometry
[2.459s] -- Retrieving list of msgs to receive...
[2.523s] -- List of msgs to receive: CollisionConstraints, SensorCombined, Timesync, TimesyncStatus, TrajectoryWaypoint, VehicleControlMode, VehicleLocalPosition, VehicleOdometry, VehicleStatus
[2.618s] -- Configuring done
[2.874s] -- Generating done
[2.876s] -- Build files have been written to: /home/yjh/px4_ros_com_ros2/build/px4_ros_com
[2.887s] Invoked command in '/home/yjh/px4_ros_com_ros2/build/px4_ros_com' returned '0': AMENT_PREFIX_PATH=/home/yjh/px4_ros_com_ros2/install/px4_msgs:${AMENT_PREFIX_PATH} CMAKE_PREFIX_PATH=/home/yjh/px4_ros_com_ros2/install/px4_msgs:/opt/ros/foxy LD_LIBRARY_PATH=/home/yjh/px4_ros_com_ros2/install/px4_msgs/lib:${LD_LIBRARY_PATH} PYTHONPATH=/home/yjh/px4_ros_com_ros2/install/px4_msgs/lib/python3.8/site-packages:${PYTHONPATH} /usr/bin/cmake /home/yjh/px4_ros_com_ros2/src/px4_ros_com -DCMAKE_BUILD_TYPE=RELWITHDEBINFO -DAMENT_CMAKE_SYMLINK_INSTALL=1 -DCMAKE_INSTALL_PREFIX=/home/yjh/px4_ros_com_ros2/install/px4_ros_com
[2.889s] Invoking command in '/home/yjh/px4_ros_com_ros2/build/px4_ros_com': AMENT_PREFIX_PATH=/home/yjh/px4_ros_com_ros2/install/px4_msgs:${AMENT_PREFIX_PATH} CMAKE_PREFIX_PATH=/home/yjh/px4_ros_com_ros2/install/px4_msgs:/opt/ros/foxy LD_LIBRARY_PATH=/home/yjh/px4_ros_com_ros2/install/px4_msgs/lib:${LD_LIBRARY_PATH} PYTHONPATH=/home/yjh/px4_ros_com_ros2/install/px4_msgs/lib/python3.8/site-packages:${PYTHONPATH} /usr/bin/cmake --build /home/yjh/px4_ros_com_ros2/build/px4_ros_com -- -j4 -l4
[2.941s] [35m[1mScanning dependencies of target vehicle_gps_position_listener[0m
[2.942s] [35m[1mScanning dependencies of target frame_transforms[0m
[2.943s] [35m[1mScanning dependencies of target offboard_control[0m
[2.946s] [  1%] [34m[1mGenerating micro-RTPS agent code...[0m
[3.072s] [  2%] [32mBuilding CXX object CMakeFiles/offboard_control.dir/src/examples/offboard/offboard_control.cpp.o[0m
[3.079s] [  3%] [32mBuilding CXX object CMakeFiles/vehicle_gps_position_listener.dir/src/examples/listeners/vehicle_gps_position_listener.cpp.o[0m
[3.102s] [  4%] [32mBuilding CXX object CMakeFiles/frame_transforms.dir/src/lib/frame_transforms.cpp.o[0m
[20.106s] [35m[1mScanning dependencies of target micrortps_agent[0m
[20.395s] [  5%] [32mBuilding CXX object CMakeFiles/micrortps_agent.dir/src/micrortps_agent/microRTPS_agent.cpp.o[0m
[25.445s] [  6%] [32m[1mLinking CXX executable vehicle_gps_position_listener[0m
[26.060s] [  6%] Built target vehicle_gps_position_listener
[26.085s] [35m[1mScanning dependencies of target debug_vect_advertiser[0m
[26.180s] [  6%] [32mBuilding CXX object CMakeFiles/debug_vect_advertiser.dir/src/examples/advertisers/debug_vect_advertiser.cpp.o[0m
[26.424s] [  7%] [32m[1mLinking CXX shared library libframe_transforms.so[0m
[29.414s] [  8%] [32mBuilding CXX object CMakeFiles/micrortps_agent.dir/src/micrortps_agent/microRTPS_transport.cpp.o[0m
[29.987s] [  9%] [32mBuilding CXX object CMakeFiles/micrortps_agent.dir/src/micrortps_agent/microRTPS_timesync.cpp.o[0m
[32.877s] [ 10%] [32m[1mLinking CXX executable offboard_control[0m
[33.303s] [ 10%] Built target offboard_control
[33.320s] [35m[1mScanning dependencies of target sensor_combined_listener[0m
[33.393s] [ 11%] [32mBuilding CXX object CMakeFiles/sensor_combined_listener.dir/src/examples/listeners/sensor_combined_listener.cpp.o[0m
[38.557s] [ 12%] [32mBuilding CXX object CMakeFiles/micrortps_agent.dir/src/micrortps_agent/RtpsTopics.cpp.o[0m
[38.894s] [ 13%] [32m[1mLinking CXX executable debug_vect_advertiser[0m
[39.363s] [ 13%] Built target debug_vect_advertiser
[39.384s] [ 14%] [32mBuilding CXX object CMakeFiles/micrortps_agent.dir/src/micrortps_agent/DebugArray.cpp.o[0m
[40.698s] [ 15%] [32mBuilding CXX object CMakeFiles/micrortps_agent.dir/src/micrortps_agent/DebugArrayPubSubTypes.cpp.o[0m
[46.395s] [ 16%] [32mBuilding CXX object CMakeFiles/micrortps_agent.dir/src/micrortps_agent/DebugKeyValue.cpp.o[0m
[47.346s] [ 17%] [32mBuilding CXX object CMakeFiles/micrortps_agent.dir/src/micrortps_agent/DebugKeyValuePubSubTypes.cpp.o[0m
[47.472s] [ 18%] [32mBuilding CXX object CMakeFiles/micrortps_agent.dir/src/micrortps_agent/DebugValue.cpp.o[0m
[48.491s] [ 19%] [32mBuilding CXX object CMakeFiles/micrortps_agent.dir/src/micrortps_agent/DebugValuePubSubTypes.cpp.o[0m
[51.995s] [ 20%] [32mBuilding CXX object CMakeFiles/micrortps_agent.dir/src/micrortps_agent/DebugVect.cpp.o[0m
[53.093s] [ 21%] [32mBuilding CXX object CMakeFiles/micrortps_agent.dir/src/micrortps_agent/DebugVectPubSubTypes.cpp.o[0m
[53.126s] [ 22%] [32m[1mLinking CXX executable sensor_combined_listener[0m
[53.450s] [ 23%] [32mBuilding CXX object CMakeFiles/micrortps_agent.dir/src/micrortps_agent/OffboardControlMode.cpp.o[0m
[53.541s] [ 23%] Built target sensor_combined_listener
[54.365s] [ 24%] [32mBuilding CXX object CMakeFiles/micrortps_agent.dir/src/micrortps_agent/OffboardControlModePubSubTypes.cpp.o[0m
[55.378s] [ 25%] [32mBuilding CXX object CMakeFiles/micrortps_agent.dir/src/micrortps_agent/OnboardComputerStatus.cpp.o[0m
[56.614s] [ 26%] [32mBuilding CXX object CMakeFiles/micrortps_agent.dir/src/micrortps_agent/OnboardComputerStatusPubSubTypes.cpp.o[0m
[57.501s] [ 27%] [32mBuilding CXX object CMakeFiles/micrortps_agent.dir/src/micrortps_agent/OpticalFlow.cpp.o[0m
[58.877s] [ 28%] [32mBuilding CXX object CMakeFiles/micrortps_agent.dir/src/micrortps_agent/OpticalFlowPubSubTypes.cpp.o[0m
[59.176s] [ 29%] [32mBuilding CXX object CMakeFiles/micrortps_agent.dir/src/micrortps_agent/PositionSetpoint.cpp.o[0m
[60.627s] [ 30%] [32mBuilding CXX object CMakeFiles/micrortps_agent.dir/src/micrortps_agent/PositionSetpointPubSubTypes.cpp.o[0m
[60.826s] [ 31%] [32mBuilding CXX object CMakeFiles/micrortps_agent.dir/src/micrortps_agent/PositionSetpointTriplet.cpp.o[0m
[61.797s] [ 32%] [32mBuilding CXX object CMakeFiles/micrortps_agent.dir/src/micrortps_agent/PositionSetpointTripletPubSubTypes.cpp.o[0m
[63.909s] [ 33%] [32mBuilding CXX object CMakeFiles/micrortps_agent.dir/src/micrortps_agent/TelemetryStatus.cpp.o[0m
[66.108s] [ 34%] [32mBuilding CXX object CMakeFiles/micrortps_agent.dir/src/micrortps_agent/Timesync.cpp.o[0m
[66.817s] [ 35%] [32mBuilding CXX object CMakeFiles/micrortps_agent.dir/src/micrortps_agent/TimesyncPubSubTypes.cpp.o[0m
[69.949s] [ 36%] [32mBuilding CXX object CMakeFiles/micrortps_agent.dir/src/micrortps_agent/TrajectoryBezier.cpp.o[0m
[70.602s] [ 37%] [32mBuilding CXX object CMakeFiles/micrortps_agent.dir/src/micrortps_agent/TrajectoryBezierPubSubTypes.cpp.o[0m
[72.621s] [ 38%] [32mBuilding CXX object CMakeFiles/micrortps_agent.dir/src/micrortps_agent/TrajectorySetpoint.cpp.o[0m
[73.521s] [ 39%] [32mBuilding CXX object CMakeFiles/micrortps_agent.dir/src/micrortps_agent/TelemetryStatusPubSubTypes.cpp.o[0m
[74.281s] [ 40%] [32mBuilding CXX object CMakeFiles/micrortps_agent.dir/src/micrortps_agent/TrajectorySetpointPubSubTypes.cpp.o[0m
[76.301s] [ 41%] [32mBuilding CXX object CMakeFiles/micrortps_agent.dir/src/micrortps_agent/VehicleCommand.cpp.o[0m
[77.637s] [ 42%] [32mBuilding CXX object CMakeFiles/micrortps_agent.dir/src/micrortps_agent/VehicleCommandPubSubTypes.cpp.o[0m
[77.729s] [ 43%] [32mBuilding CXX object CMakeFiles/micrortps_agent.dir/src/micrortps_agent/VehicleLocalPositionSetpoint.cpp.o[0m
[78.727s] [ 44%] [32mBuilding CXX object CMakeFiles/micrortps_agent.dir/src/micrortps_agent/VehicleLocalPositionSetpointPubSubTypes.cpp.o[0m
[78.864s] [ 45%] [32mBuilding CXX object CMakeFiles/micrortps_agent.dir/src/micrortps_agent/VehicleTrajectoryBezier.cpp.o[0m
[80.025s] [ 46%] [32mBuilding CXX object CMakeFiles/micrortps_agent.dir/src/micrortps_agent/VehicleTrajectoryBezierPubSubTypes.cpp.o[0m
[83.828s] [ 47%] [32mBuilding CXX object CMakeFiles/micrortps_agent.dir/src/micrortps_agent/VehicleTrajectoryWaypointPubSubTypes.cpp.o[0m
[85.848s] [ 48%] [32mBuilding CXX object CMakeFiles/micrortps_agent.dir/src/micrortps_agent/VehicleMocapOdometry.cpp.o[0m
[86.864s] [ 49%] [32mBuilding CXX object CMakeFiles/micrortps_agent.dir/src/micrortps_agent/VehicleTrajectoryWaypoint.cpp.o[0m
[86.915s] [ 50%] [32mBuilding CXX object CMakeFiles/micrortps_agent.dir/src/micrortps_agent/VehicleMocapOdometryPubSubTypes.cpp.o[0m
[86.940s] [ 51%] [32mBuilding CXX object CMakeFiles/micrortps_agent.dir/src/micrortps_agent/VehicleVisualOdometry.cpp.o[0m
[88.052s] [ 52%] [32mBuilding CXX object CMakeFiles/micrortps_agent.dir/src/micrortps_agent/VehicleVisualOdometryPubSubTypes.cpp.o[0m
[88.206s] [ 53%] [32mBuilding CXX object CMakeFiles/micrortps_agent.dir/src/micrortps_agent/CollisionConstraints.cpp.o[0m
[89.243s] [ 54%] [32mBuilding CXX object CMakeFiles/micrortps_agent.dir/src/micrortps_agent/CollisionConstraintsPubSubTypes.cpp.o[0m
[93.471s] [ 55%] [32mBuilding CXX object CMakeFiles/micrortps_agent.dir/src/micrortps_agent/SensorCombinedPubSubTypes.cpp.o[0m
[96.695s] [ 56%] [32mBuilding CXX object CMakeFiles/micrortps_agent.dir/src/micrortps_agent/TimesyncStatus.cpp.o[0m
[97.397s] [ 57%] [32mBuilding CXX object CMakeFiles/micrortps_agent.dir/src/micrortps_agent/TimesyncStatusPubSubTypes.cpp.o[0m
[100.354s] [ 58%] [32mBuilding CXX object CMakeFiles/micrortps_agent.dir/src/micrortps_agent/TrajectoryWaypoint.cpp.o[0m
[101.059s] [ 59%] [32mBuilding CXX object CMakeFiles/micrortps_agent.dir/src/micrortps_agent/TrajectoryWaypointPubSubTypes.cpp.o[0m
[101.735s] [ 59%] Built target frame_transforms
[103.826s] [ 60%] [32mBuilding CXX object CMakeFiles/micrortps_agent.dir/src/micrortps_agent/VehicleControlModePubSubTypes.cpp.o[0m
[106.539s] [ 61%] [32mBuilding CXX object CMakeFiles/micrortps_agent.dir/src/micrortps_agent/VehicleLocalPosition.cpp.o[0m
[107.473s] [ 62%] [32mBuilding CXX object CMakeFiles/micrortps_agent.dir/src/micrortps_agent/VehicleLocalPositionPubSubTypes.cpp.o[0m
[110.293s] [ 63%] [32mBuilding CXX object CMakeFiles/micrortps_agent.dir/src/micrortps_agent/VehicleOdometry.cpp.o[0m
[110.294s] [ 64%] [32mBuilding CXX object CMakeFiles/micrortps_agent.dir/src/micrortps_agent/VehicleControlMode.cpp.o[0m
[111.023s] [ 65%] [32mBuilding CXX object CMakeFiles/micrortps_agent.dir/src/micrortps_agent/VehicleOdometryPubSubTypes.cpp.o[0m
[111.083s] [ 66%] [32mBuilding CXX object CMakeFiles/micrortps_agent.dir/src/micrortps_agent/VehicleStatus.cpp.o[0m
[111.913s] [ 67%] [32mBuilding CXX object CMakeFiles/micrortps_agent.dir/src/micrortps_agent/VehicleStatusPubSubTypes.cpp.o[0m
[112.928s] [ 68%] [32mBuilding CXX object CMakeFiles/micrortps_agent.dir/src/micrortps_agent/VehicleTrajectoryWaypointDesired.cpp.o[0m
[113.795s] [ 69%] [32mBuilding CXX object CMakeFiles/micrortps_agent.dir/src/micrortps_agent/SensorCombined.cpp.o[0m
[114.357s] [ 70%] [32mBuilding CXX object CMakeFiles/micrortps_agent.dir/src/micrortps_agent/VehicleTrajectoryWaypointDesiredPubSubTypes.cpp.o[0m
[114.698s] [ 71%] [32mBuilding CXX object CMakeFiles/micrortps_agent.dir/src/micrortps_agent/CollisionConstraints_Publisher.cpp.o[0m
[115.297s] [ 72%] [32mBuilding CXX object CMakeFiles/micrortps_agent.dir/src/micrortps_agent/SensorCombined_Publisher.cpp.o[0m
[116.317s] [ 73%] [32mBuilding CXX object CMakeFiles/micrortps_agent.dir/src/micrortps_agent/Timesync_Publisher.cpp.o[0m
[118.677s] [ 74%] [32mBuilding CXX object CMakeFiles/micrortps_agent.dir/src/micrortps_agent/TimesyncStatus_Publisher.cpp.o[0m
[120.856s] [ 75%] [32mBuilding CXX object CMakeFiles/micrortps_agent.dir/src/micrortps_agent/TrajectoryWaypoint_Publisher.cpp.o[0m
[121.216s] [ 76%] [32mBuilding CXX object CMakeFiles/micrortps_agent.dir/src/micrortps_agent/VehicleControlMode_Publisher.cpp.o[0m
[122.890s] [ 77%] [32mBuilding CXX object CMakeFiles/micrortps_agent.dir/src/micrortps_agent/VehicleLocalPosition_Publisher.cpp.o[0m
[124.988s] [ 78%] [32mBuilding CXX object CMakeFiles/micrortps_agent.dir/src/micrortps_agent/VehicleOdometry_Publisher.cpp.o[0m
[129.846s] [ 79%] [32mBuilding CXX object CMakeFiles/micrortps_agent.dir/src/micrortps_agent/DebugArray_Subscriber.cpp.o[0m
[130.858s] [ 80%] [32mBuilding CXX object CMakeFiles/micrortps_agent.dir/src/micrortps_agent/DebugKeyValue_Subscriber.cpp.o[0m
[131.877s] [ 81%] [32mBuilding CXX object CMakeFiles/micrortps_agent.dir/src/micrortps_agent/VehicleTrajectoryWaypointDesired_Publisher.cpp.o[0m
[132.900s] [ 82%] [32mBuilding CXX object CMakeFiles/micrortps_agent.dir/src/micrortps_agent/VehicleStatus_Publisher.cpp.o[0m
[138.510s] [ 83%] [32mBuilding CXX object CMakeFiles/micrortps_agent.dir/src/micrortps_agent/OffboardControlMode_Subscriber.cpp.o[0m
[142.813s] [ 84%] [32mBuilding CXX object CMakeFiles/micrortps_agent.dir/src/micrortps_agent/OnboardComputerStatus_Subscriber.cpp.o[0m
[145.827s] [ 85%] [32mBuilding CXX object CMakeFiles/micrortps_agent.dir/src/micrortps_agent/OpticalFlow_Subscriber.cpp.o[0m
[146.844s] [ 86%] [32mBuilding CXX object CMakeFiles/micrortps_agent.dir/src/micrortps_agent/DebugVect_Subscriber.cpp.o[0m
[147.390s] [ 87%] [32mBuilding CXX object CMakeFiles/micrortps_agent.dir/src/micrortps_agent/DebugValue_Subscriber.cpp.o[0m
[148.406s] [ 88%] [32mBuilding CXX object CMakeFiles/micrortps_agent.dir/src/micrortps_agent/PositionSetpoint_Subscriber.cpp.o[0m
[152.377s] [ 89%] [32mBuilding CXX object CMakeFiles/micrortps_agent.dir/src/micrortps_agent/PositionSetpointTriplet_Subscriber.cpp.o[0m
[154.724s] [ 90%] [32mBuilding CXX object CMakeFiles/micrortps_agent.dir/src/micrortps_agent/TelemetryStatus_Subscriber.cpp.o[0m
[154.930s] [ 91%] [32mBuilding CXX object CMakeFiles/micrortps_agent.dir/src/micrortps_agent/Timesync_Subscriber.cpp.o[0m
[160.141s] [ 92%] [32mBuilding CXX object CMakeFiles/micrortps_agent.dir/src/micrortps_agent/TrajectorySetpoint_Subscriber.cpp.o[0m
[160.681s] [ 93%] [32mBuilding CXX object CMakeFiles/micrortps_agent.dir/src/micrortps_agent/TrajectoryBezier_Subscriber.cpp.o[0m
[161.999s] [ 94%] [32mBuilding CXX object CMakeFiles/micrortps_agent.dir/src/micrortps_agent/VehicleLocalPositionSetpoint_Subscriber.cpp.o[0m
[164.020s] [ 95%] [32mBuilding CXX object CMakeFiles/micrortps_agent.dir/src/micrortps_agent/VehicleCommand_Subscriber.cpp.o[0m
[167.404s] [ 96%] [32mBuilding CXX object CMakeFiles/micrortps_agent.dir/src/micrortps_agent/VehicleTrajectoryBezier_Subscriber.cpp.o[0m
[167.600s] [ 97%] [32mBuilding CXX object CMakeFiles/micrortps_agent.dir/src/micrortps_agent/VehicleTrajectoryWaypoint_Subscriber.cpp.o[0m
[169.067s] [ 98%] [32mBuilding CXX object CMakeFiles/micrortps_agent.dir/src/micrortps_agent/VehicleMocapOdometry_Subscriber.cpp.o[0m
[171.800s] [ 99%] [32mBuilding CXX object CMakeFiles/micrortps_agent.dir/src/micrortps_agent/VehicleVisualOdometry_Subscriber.cpp.o[0m
[177.595s] [100%] [32m[1mLinking CXX executable micrortps_agent[0m
[180.435s] [100%] Built target micrortps_agent
[180.451s] Invoked command in '/home/yjh/px4_ros_com_ros2/build/px4_ros_com' returned '0': AMENT_PREFIX_PATH=/home/yjh/px4_ros_com_ros2/install/px4_msgs:${AMENT_PREFIX_PATH} CMAKE_PREFIX_PATH=/home/yjh/px4_ros_com_ros2/install/px4_msgs:/opt/ros/foxy LD_LIBRARY_PATH=/home/yjh/px4_ros_com_ros2/install/px4_msgs/lib:${LD_LIBRARY_PATH} PYTHONPATH=/home/yjh/px4_ros_com_ros2/install/px4_msgs/lib/python3.8/site-packages:${PYTHONPATH} /usr/bin/cmake --build /home/yjh/px4_ros_com_ros2/build/px4_ros_com -- -j4 -l4
[180.649s] Invoking command in '/home/yjh/px4_ros_com_ros2/build/px4_ros_com': AMENT_PREFIX_PATH=/home/yjh/px4_ros_com_ros2/install/px4_msgs:${AMENT_PREFIX_PATH} CMAKE_PREFIX_PATH=/home/yjh/px4_ros_com_ros2/install/px4_msgs:/opt/ros/foxy LD_LIBRARY_PATH=/home/yjh/px4_ros_com_ros2/install/px4_msgs/lib:${LD_LIBRARY_PATH} PYTHONPATH=/home/yjh/px4_ros_com_ros2/install/px4_msgs/lib/python3.8/site-packages:${PYTHONPATH} /usr/bin/cmake --install /home/yjh/px4_ros_com_ros2/build/px4_ros_com
[180.658s] -- Install configuration: "RELWITHDEBINFO"
[180.659s] -- Execute custom install script
[180.659s] -- Symlinking: /home/yjh/px4_ros_com_ros2/install/px4_ros_com/lib/px4_ros_com/sensor_combined_listener
[180.669s] -- Symlinking: /home/yjh/px4_ros_com_ros2/install/px4_ros_com/lib/px4_ros_com/vehicle_gps_position_listener
[180.681s] -- Symlinking: /home/yjh/px4_ros_com_ros2/install/px4_ros_com/lib/px4_ros_com/debug_vect_advertiser
[180.691s] -- Symlinking: /home/yjh/px4_ros_com_ros2/install/px4_ros_com/lib/px4_ros_com/offboard_control
[180.701s] -- Symlinking: /home/yjh/px4_ros_com_ros2/install/px4_ros_com/share/px4_ros_com/environment/library_path.sh
[180.713s] -- Symlinking: /home/yjh/px4_ros_com_ros2/install/px4_ros_com/share/px4_ros_com/environment/library_path.dsv
[180.725s] -- Symlinking: /home/yjh/px4_ros_com_ros2/install/px4_ros_com/include/px4_ros_com/frame_transforms.h
[180.735s] -- Symlinking: /home/yjh/px4_ros_com_ros2/install/px4_ros_com/share/px4_ros_com/cmake/EnableC++XX.cmake
[180.748s] -- Symlinking: /home/yjh/px4_ros_com_ros2/install/px4_ros_com/share/px4_ros_com/cmake/EnableSanitizers.cmake
[180.758s] -- Symlinking: /home/yjh/px4_ros_com_ros2/install/px4_ros_com/share/px4_ros_com/cmake/GenerateMicroRTPSAgent.cmake
[180.768s] -- Symlinking: /home/yjh/px4_ros_com_ros2/install/px4_ros_com/share/px4_ros_com/launch/sensor_combined_listener.launch.py
[180.780s] -- Symlinking: /home/yjh/px4_ros_com_ros2/install/px4_ros_com/share/px4_ros_com/test/__init__.py
[180.790s] -- Symlinking: /home/yjh/px4_ros_com_ros2/install/px4_ros_com/share/px4_ros_com/test/pipeline_io_test.py
[180.800s] -- Symlinking: /home/yjh/px4_ros_com_ros2/install/px4_ros_com/share/px4_ros_com/test/test_input.py
[180.811s] -- Symlinking: /home/yjh/px4_ros_com_ros2/install/px4_ros_com/share/px4_ros_com/test/test_output.py
[180.821s] -- Symlinking: /home/yjh/px4_ros_com_ros2/install/px4_ros_com/share/ament_index/resource_index/package_run_dependencies/px4_ros_com
[180.831s] -- Symlinking: /home/yjh/px4_ros_com_ros2/install/px4_ros_com/share/ament_index/resource_index/parent_prefix_path/px4_ros_com
[180.841s] -- Symlinking: /home/yjh/px4_ros_com_ros2/install/px4_ros_com/share/px4_ros_com/environment/ament_prefix_path.sh
[180.851s] -- Symlinking: /home/yjh/px4_ros_com_ros2/install/px4_ros_com/share/px4_ros_com/environment/ament_prefix_path.dsv
[180.861s] -- Symlinking: /home/yjh/px4_ros_com_ros2/install/px4_ros_com/share/px4_ros_com/environment/path.sh
[180.871s] -- Symlinking: /home/yjh/px4_ros_com_ros2/install/px4_ros_com/share/px4_ros_com/environment/path.dsv
[180.882s] -- Symlinking: /home/yjh/px4_ros_com_ros2/install/px4_ros_com/share/px4_ros_com/local_setup.bash
[180.892s] -- Symlinking: /home/yjh/px4_ros_com_ros2/install/px4_ros_com/share/px4_ros_com/local_setup.sh
[180.902s] -- Symlinking: /home/yjh/px4_ros_com_ros2/install/px4_ros_com/share/px4_ros_com/local_setup.zsh
[180.913s] -- Symlinking: /home/yjh/px4_ros_com_ros2/install/px4_ros_com/share/px4_ros_com/local_setup.dsv
[180.923s] -- Symlinking: /home/yjh/px4_ros_com_ros2/install/px4_ros_com/share/px4_ros_com/package.dsv
[180.933s] -- Symlinking: /home/yjh/px4_ros_com_ros2/install/px4_ros_com/share/ament_index/resource_index/packages/px4_ros_com
[180.944s] -- Symlinking: /home/yjh/px4_ros_com_ros2/install/px4_ros_com/share/px4_ros_com/cmake/ament_cmake_export_dependencies-extras.cmake
[180.954s] -- Symlinking: /home/yjh/px4_ros_com_ros2/install/px4_ros_com/share/px4_ros_com/cmake/ament_cmake_export_targets-extras.cmake
[180.964s] -- Symlinking: /home/yjh/px4_ros_com_ros2/install/px4_ros_com/share/px4_ros_com/cmake/ament_cmake_export_include_directories-extras.cmake
[180.975s] -- Symlinking: /home/yjh/px4_ros_com_ros2/install/px4_ros_com/share/px4_ros_com/cmake/ament_cmake_export_libraries-extras.cmake
[180.985s] -- Symlinking: /home/yjh/px4_ros_com_ros2/install/px4_ros_com/share/px4_ros_com/cmake/px4_ros_comConfig.cmake
[180.995s] -- Symlinking: /home/yjh/px4_ros_com_ros2/install/px4_ros_com/share/px4_ros_com/cmake/px4_ros_comConfig-version.cmake
[181.007s] -- Symlinking: /home/yjh/px4_ros_com_ros2/install/px4_ros_com/share/px4_ros_com/package.xml
[181.018s] -- Installing: /home/yjh/px4_ros_com_ros2/install/px4_ros_com/lib/libframe_transforms.so
[181.029s] -- Set runtime path of "/home/yjh/px4_ros_com_ros2/install/px4_ros_com/lib/libframe_transforms.so" to ""
[181.029s] -- Installing: /home/yjh/px4_ros_com_ros2/install/px4_ros_com/bin/micrortps_agent
[181.088s] -- Set runtime path of "/home/yjh/px4_ros_com_ros2/install/px4_ros_com/bin/micrortps_agent" to ""
[181.088s] -- Installing: /home/yjh/px4_ros_com_ros2/install/px4_ros_com/share/px4_ros_com/cmake/export_frame_transformsExport.cmake
[181.089s] -- Installing: /home/yjh/px4_ros_com_ros2/install/px4_ros_com/share/px4_ros_com/cmake/export_frame_transformsExport-relwithdebinfo.cmake
[181.092s] Invoked command in '/home/yjh/px4_ros_com_ros2/build/px4_ros_com' returned '0': AMENT_PREFIX_PATH=/home/yjh/px4_ros_com_ros2/install/px4_msgs:${AMENT_PREFIX_PATH} CMAKE_PREFIX_PATH=/home/yjh/px4_ros_com_ros2/install/px4_msgs:/opt/ros/foxy LD_LIBRARY_PATH=/home/yjh/px4_ros_com_ros2/install/px4_msgs/lib:${LD_LIBRARY_PATH} PYTHONPATH=/home/yjh/px4_ros_com_ros2/install/px4_msgs/lib/python3.8/site-packages:${PYTHONPATH} /usr/bin/cmake --install /home/yjh/px4_ros_com_ros2/build/px4_ros_com
