openjdk version "13.0.7" 2021-04-20
OpenJDK Runtime Environment (build 13.0.7+5-Ubuntu-0ubuntu120.04)
OpenJDK 64-Bit Server VM (build 13.0.7+5-Ubuntu-0ubuntu120.04, mixed mode, sharing)
CMake Error at CMakeLists.txt:71 (add_executable):
  Cannot find source file:

    src/examples/offboard/iris0_triangle.cpp

  Tried extensions .c .C .c++ .cc .cpp .cxx .cu .m .M .mm .h .hh .h++ .hm
  .hpp .hxx .in .txx
Call Stack (most recent call first):
  CMakeLists.txt:100 (custom_executable)


CMake Error at CMakeLists.txt:71 (add_executable):
  Cannot find source file:

    src/examples/offboard/iris1_triangle.cpp

  Tried extensions .c .C .c++ .cc .cpp .cxx .cu .m .M .mm .h .hh .h++ .hm
  .hpp .hxx .in .txx
Call Stack (most recent call first):
  CMakeLists.txt:101 (custom_executable)


CMake Error at CMakeLists.txt:71 (add_executable):
  Cannot find source file:

    src/examples/offboard/iris2_triangle.cpp

  Tried extensions .c .C .c++ .cc .cpp .cxx .cu .m .M .mm .h .hh .h++ .hm
  .hpp .hxx .in .txx
Call Stack (most recent call first):
  CMakeLists.txt:102 (custom_executable)


CMake Error at CMakeLists.txt:71 (add_executable):
  No SOURCES given to target: iris0_triangle
Call Stack (most recent call first):
  CMakeLists.txt:100 (custom_executable)


CMake Error at CMakeLists.txt:71 (add_executable):
  No SOURCES given to target: iris1_triangle
Call Stack (most recent call first):
  CMakeLists.txt:101 (custom_executable)


CMake Error at CMakeLists.txt:71 (add_executable):
  No SOURCES given to target: iris2_triangle
Call Stack (most recent call first):
  CMakeLists.txt:102 (custom_executable)


CMake Generate step failed.  Build files cannot be regenerated correctly.
make: *** [Makefile:3346: cmake_check_build_system] Error 1
