[0.014s] Invoking command in '/home/yjh/px4_ros_com_ros2/build/px4_ros_com': AMENT_PREFIX_PATH=/home/yjh/px4_ros_com_ros2/install/px4_msgs:${AMENT_PREFIX_PATH} CMAKE_PREFIX_PATH=/home/yjh/px4_ros_com_ros2/install/px4_msgs:/opt/ros/foxy LD_LIBRARY_PATH=/home/yjh/px4_ros_com_ros2/install/px4_msgs/lib:${LD_LIBRARY_PATH} PYTHONPATH=/home/yjh/px4_ros_com_ros2/install/px4_msgs/lib/python3.8/site-packages:${PYTHONPATH} /usr/bin/cmake --build /home/yjh/px4_ros_com_ros2/build/px4_ros_com -- -j4 -l4
[0.060s] -- Using C++17 compiler
[0.061s] -- Found ament_cmake: 0.9.9 (/opt/ros/foxy/share/ament_cmake/cmake)
[0.090s] -- Using PYTHON_EXECUTABLE: /usr/bin/python3
[0.368s] -- Override CMake install command with custom implementation using symlinks instead of copying resources
[0.388s] -- Found builtin_interfaces: 1.0.0 (/opt/ros/foxy/share/builtin_interfaces/cmake)
[0.416s] -- Using all available rosidl_typesupport_c: rosidl_typesupport_fastrtps_c;rosidl_typesupport_introspection_c
[0.422s] -- Found rosidl_adapter: 1.2.1 (/opt/ros/foxy/share/rosidl_adapter/cmake)
[0.571s] -- Using all available rosidl_typesupport_cpp: rosidl_typesupport_fastrtps_cpp;rosidl_typesupport_introspection_cpp
[0.625s] -- Found rclcpp: 2.4.1 (/opt/ros/foxy/share/rclcpp/cmake)
[0.680s] -- Found rmw_implementation_cmake: 1.0.3 (/opt/ros/foxy/share/rmw_implementation_cmake/cmake)
[0.682s] -- Using RMW implementation 'rmw_fastrtps_cpp' as default
[0.861s] -- Found rmw_fastrtps_cpp: 1.3.0 (/opt/ros/foxy/share/rmw_fastrtps_cpp/cmake)
[0.982s] -- Found px4_msgs: 2.0.1 (/home/yjh/px4_ros_com_ros2/install/px4_msgs/share/px4_msgs/cmake)
[1.004s] -- Found sensor_msgs: 2.0.5 (/opt/ros/foxy/share/sensor_msgs/cmake)
[1.177s] -- Found eigen3_cmake_module: 0.1.1 (/opt/ros/foxy/share/eigen3_cmake_module/cmake)
[1.179s] -- fastrtpsgen found in /usr/local/bin
[1.353s] openjdk version "13.0.7" 2021-04-20
[1.353s] OpenJDK Runtime Environment (build 13.0.7+5-Ubuntu-0ubuntu120.04)
[1.354s] OpenJDK 64-Bit Server VM (build 13.0.7+5-Ubuntu-0ubuntu120.04, mixed mode, sharing)
[1.401s] -- fastrtpsgen version 1.0.4
[1.401s] -- px4_msgs message dir under /home/yjh/px4_ros_com_ros2/install/px4_msgs/share/px4_msgs/msg
[1.401s] -- IDL definitions under /home/yjh/px4_ros_com_ros2/install/px4_msgs/share/px4_msgs/msg
[1.401s] -- Retrieving list of msgs to send...
[1.465s] -- List of msgs to send: DebugArray, DebugKeyValue, DebugValue, DebugVect, OffboardControlMode, OnboardComputerStatus, OpticalFlow, PositionSetpoint, PositionSetpointTriplet, TelemetryStatus, Timesync, TrajectoryBezier, TrajectorySetpoint, VehicleCommand, VehicleLocalPositionSetpoint, VehicleTrajectoryBezier, VehicleTrajectoryWaypoint, VehicleMocapOdometry, VehicleVisualOdometry
[1.465s] -- Retrieving list of msgs to receive...
[1.525s] -- List of msgs to receive: CollisionConstraints, SensorCombined, Timesync, TimesyncStatus, TrajectoryWaypoint, VehicleControlMode, VehicleLocalPosition, VehicleOdometry, VehicleStatus
[1.658s] -- Configuring done
[1.660s] CMake Error at CMakeLists.txt:71 (add_executable):
[1.660s]   Cannot find source file:
[1.660s] 
[1.660s]     src/examples/offboard/iris0_triangle.cpp
[1.660s] 
[1.660s]   Tried extensions .c .C .c++ .cc .cpp .cxx .cu .m .M .mm .h .hh .h++ .hm
[1.660s]   .hpp .hxx .in .txx
[1.661s] Call Stack (most recent call first):
[1.661s]   CMakeLists.txt:100 (custom_executable)
[1.661s] 
[1.661s] 
[1.664s] CMake Error at CMakeLists.txt:71 (add_executable):
[1.665s]   Cannot find source file:
[1.665s] 
[1.665s]     src/examples/offboard/iris1_triangle.cpp
[1.665s] 
[1.665s]   Tried extensions .c .C .c++ .cc .cpp .cxx .cu .m .M .mm .h .hh .h++ .hm
[1.665s]   .hpp .hxx .in .txx
[1.665s] Call Stack (most recent call first):
[1.665s]   CMakeLists.txt:101 (custom_executable)
[1.666s] 
[1.666s] 
[1.666s] CMake Error at CMakeLists.txt:71 (add_executable):
[1.666s]   Cannot find source file:
[1.666s] 
[1.666s]     src/examples/offboard/iris2_triangle.cpp
[1.666s] 
[1.666s]   Tried extensions .c .C .c++ .cc .cpp .cxx .cu .m .M .mm .h .hh .h++ .hm
[1.666s]   .hpp .hxx .in .txx
[1.666s] Call Stack (most recent call first):
[1.666s]   CMakeLists.txt:102 (custom_executable)
[1.667s] 
[1.667s] 
[1.667s] CMake Error at CMakeLists.txt:71 (add_executable):
[1.667s]   No SOURCES given to target: iris0_triangle
[1.667s] Call Stack (most recent call first):
[1.667s]   CMakeLists.txt:100 (custom_executable)
[1.667s] 
[1.667s] 
[1.668s] CMake Error at CMakeLists.txt:71 (add_executable):
[1.668s]   No SOURCES given to target: iris1_triangle
[1.668s] Call Stack (most recent call first):
[1.668s]   CMakeLists.txt:101 (custom_executable)
[1.668s] 
[1.668s] 
[1.668s] CMake Error at CMakeLists.txt:71 (add_executable):
[1.668s]   No SOURCES given to target: iris2_triangle
[1.668s] Call Stack (most recent call first):
[1.668s]   CMakeLists.txt:102 (custom_executable)
[1.669s] 
[1.669s] 
[1.669s] CMake Generate step failed.  Build files cannot be regenerated correctly.
[1.676s] make: *** [Makefile:3346: cmake_check_build_system] Error 1
[1.678s] Invoked command in '/home/yjh/px4_ros_com_ros2/build/px4_ros_com' returned '2': AMENT_PREFIX_PATH=/home/yjh/px4_ros_com_ros2/install/px4_msgs:${AMENT_PREFIX_PATH} CMAKE_PREFIX_PATH=/home/yjh/px4_ros_com_ros2/install/px4_msgs:/opt/ros/foxy LD_LIBRARY_PATH=/home/yjh/px4_ros_com_ros2/install/px4_msgs/lib:${LD_LIBRARY_PATH} PYTHONPATH=/home/yjh/px4_ros_com_ros2/install/px4_msgs/lib/python3.8/site-packages:${PYTHONPATH} /usr/bin/cmake --build /home/yjh/px4_ros_com_ros2/build/px4_ros_com -- -j4 -l4
