[0.046s] Invoking command in '/home/yjh/px4_ros_com_ros2/build/px4_ros_com': AMENT_PREFIX_PATH=/home/yjh/px4_ros_com_ros2/install/px4_msgs:${AMENT_PREFIX_PATH} CMAKE_PREFIX_PATH=/home/yjh/px4_ros_com_ros2/install/px4_msgs:/opt/ros/foxy LD_LIBRARY_PATH=/home/yjh/px4_ros_com_ros2/install/px4_msgs/lib:${LD_LIBRARY_PATH} PYTHONPATH=/home/yjh/px4_ros_com_ros2/install/px4_msgs/lib/python3.8/site-packages:${PYTHONPATH} /usr/bin/cmake --build /home/yjh/px4_ros_com_ros2/build/px4_ros_com -- -j4 -l4
[0.195s] [  2%] Built target frame_transforms
[0.262s] [  4%] Built target vehicle_gps_position_listener
[0.319s] [  5%] Built target debug_vect_advertiser
[0.380s] [  7%] Built target sensor_combined_listener
[0.402s] [35m[1mScanning dependencies of target iris0_takeoff[0m
[0.495s] [  8%] [32mBuilding CXX object CMakeFiles/iris0_takeoff.dir/src/examples/offboard/iris0_takeoff.cpp.o[0m
[45.472s] [  9%] [32m[1mLinking CXX executable iris0_takeoff[0m
[46.189s] [  9%] Built target iris0_takeoff
[46.313s] [ 11%] Built target iris2_takeoff
[46.417s] [ 13%] Built target offboard_control
[46.493s] [ 15%] Built target position_calculator
[46.604s] [ 17%] Built target mission2
[46.866s] [ 98%] Built target micrortps_agent
[46.938s] [100%] Built target iris1_takeoff
[46.971s] Invoked command in '/home/yjh/px4_ros_com_ros2/build/px4_ros_com' returned '0': AMENT_PREFIX_PATH=/home/yjh/px4_ros_com_ros2/install/px4_msgs:${AMENT_PREFIX_PATH} CMAKE_PREFIX_PATH=/home/yjh/px4_ros_com_ros2/install/px4_msgs:/opt/ros/foxy LD_LIBRARY_PATH=/home/yjh/px4_ros_com_ros2/install/px4_msgs/lib:${LD_LIBRARY_PATH} PYTHONPATH=/home/yjh/px4_ros_com_ros2/install/px4_msgs/lib/python3.8/site-packages:${PYTHONPATH} /usr/bin/cmake --build /home/yjh/px4_ros_com_ros2/build/px4_ros_com -- -j4 -l4
[47.542s] Invoking command in '/home/yjh/px4_ros_com_ros2/build/px4_ros_com': AMENT_PREFIX_PATH=/home/yjh/px4_ros_com_ros2/install/px4_msgs:${AMENT_PREFIX_PATH} CMAKE_PREFIX_PATH=/home/yjh/px4_ros_com_ros2/install/px4_msgs:/opt/ros/foxy LD_LIBRARY_PATH=/home/yjh/px4_ros_com_ros2/install/px4_msgs/lib:${LD_LIBRARY_PATH} PYTHONPATH=/home/yjh/px4_ros_com_ros2/install/px4_msgs/lib/python3.8/site-packages:${PYTHONPATH} /usr/bin/cmake --install /home/yjh/px4_ros_com_ros2/build/px4_ros_com
[47.560s] -- Install configuration: "RELWITHDEBINFO"
[47.562s] -- Execute custom install script
[47.563s] -- Up-to-date symlink: /home/yjh/px4_ros_com_ros2/install/px4_ros_com/lib/px4_ros_com/sensor_combined_listener
[47.565s] -- Up-to-date symlink: /home/yjh/px4_ros_com_ros2/install/px4_ros_com/lib/px4_ros_com/vehicle_gps_position_listener
[47.568s] -- Up-to-date symlink: /home/yjh/px4_ros_com_ros2/install/px4_ros_com/lib/px4_ros_com/debug_vect_advertiser
[47.570s] -- Up-to-date symlink: /home/yjh/px4_ros_com_ros2/install/px4_ros_com/lib/px4_ros_com/offboard_control
[47.570s] -- Up-to-date symlink: /home/yjh/px4_ros_com_ros2/install/px4_ros_com/lib/px4_ros_com/iris0_takeoff
[47.571s] -- Up-to-date symlink: /home/yjh/px4_ros_com_ros2/install/px4_ros_com/lib/px4_ros_com/iris1_takeoff
[47.572s] -- Up-to-date symlink: /home/yjh/px4_ros_com_ros2/install/px4_ros_com/lib/px4_ros_com/iris2_takeoff
[47.576s] -- Up-to-date symlink: /home/yjh/px4_ros_com_ros2/install/px4_ros_com/lib/px4_ros_com/position_calculator
[47.576s] -- Up-to-date symlink: /home/yjh/px4_ros_com_ros2/install/px4_ros_com/lib/px4_ros_com/mission2
[47.577s] -- Up-to-date symlink: /home/yjh/px4_ros_com_ros2/install/px4_ros_com/share/px4_ros_com/environment/library_path.sh
[47.579s] -- Up-to-date symlink: /home/yjh/px4_ros_com_ros2/install/px4_ros_com/share/px4_ros_com/environment/library_path.dsv
[47.581s] -- Up-to-date symlink: /home/yjh/px4_ros_com_ros2/install/px4_ros_com/include/px4_ros_com/frame_transforms.h
[47.582s] -- Up-to-date symlink: /home/yjh/px4_ros_com_ros2/install/px4_ros_com/share/px4_ros_com/cmake/EnableC++XX.cmake
[47.582s] -- Up-to-date symlink: /home/yjh/px4_ros_com_ros2/install/px4_ros_com/share/px4_ros_com/cmake/EnableSanitizers.cmake
[47.582s] -- Up-to-date symlink: /home/yjh/px4_ros_com_ros2/install/px4_ros_com/share/px4_ros_com/cmake/GenerateMicroRTPSAgent.cmake
[47.583s] -- Up-to-date symlink: /home/yjh/px4_ros_com_ros2/install/px4_ros_com/share/px4_ros_com/launch/sensor_combined_listener.launch.py
[47.587s] -- Up-to-date symlink: /home/yjh/px4_ros_com_ros2/install/px4_ros_com/share/px4_ros_com/test/__init__.py
[47.587s] -- Up-to-date symlink: /home/yjh/px4_ros_com_ros2/install/px4_ros_com/share/px4_ros_com/test/pipeline_io_test.py
[47.588s] -- Up-to-date symlink: /home/yjh/px4_ros_com_ros2/install/px4_ros_com/share/px4_ros_com/test/test_input.py
[47.588s] -- Up-to-date symlink: /home/yjh/px4_ros_com_ros2/install/px4_ros_com/share/px4_ros_com/test/test_output.py
[47.588s] -- Up-to-date symlink: /home/yjh/px4_ros_com_ros2/install/px4_ros_com/share/ament_index/resource_index/package_run_dependencies/px4_ros_com
[47.589s] -- Up-to-date symlink: /home/yjh/px4_ros_com_ros2/install/px4_ros_com/share/ament_index/resource_index/parent_prefix_path/px4_ros_com
[47.590s] -- Up-to-date symlink: /home/yjh/px4_ros_com_ros2/install/px4_ros_com/share/px4_ros_com/environment/ament_prefix_path.sh
[47.590s] -- Up-to-date symlink: /home/yjh/px4_ros_com_ros2/install/px4_ros_com/share/px4_ros_com/environment/ament_prefix_path.dsv
[47.591s] -- Up-to-date symlink: /home/yjh/px4_ros_com_ros2/install/px4_ros_com/share/px4_ros_com/environment/path.sh
[47.591s] -- Up-to-date symlink: /home/yjh/px4_ros_com_ros2/install/px4_ros_com/share/px4_ros_com/environment/path.dsv
[47.592s] -- Up-to-date symlink: /home/yjh/px4_ros_com_ros2/install/px4_ros_com/share/px4_ros_com/local_setup.bash
[47.594s] -- Up-to-date symlink: /home/yjh/px4_ros_com_ros2/install/px4_ros_com/share/px4_ros_com/local_setup.sh
[47.595s] -- Up-to-date symlink: /home/yjh/px4_ros_com_ros2/install/px4_ros_com/share/px4_ros_com/local_setup.zsh
[47.596s] -- Up-to-date symlink: /home/yjh/px4_ros_com_ros2/install/px4_ros_com/share/px4_ros_com/local_setup.dsv
[47.597s] -- Symlinking: /home/yjh/px4_ros_com_ros2/install/px4_ros_com/share/px4_ros_com/package.dsv
[47.617s] -- Up-to-date symlink: /home/yjh/px4_ros_com_ros2/install/px4_ros_com/share/ament_index/resource_index/packages/px4_ros_com
[47.617s] -- Up-to-date symlink: /home/yjh/px4_ros_com_ros2/install/px4_ros_com/share/px4_ros_com/cmake/ament_cmake_export_dependencies-extras.cmake
[47.618s] -- Up-to-date symlink: /home/yjh/px4_ros_com_ros2/install/px4_ros_com/share/px4_ros_com/cmake/ament_cmake_export_targets-extras.cmake
[47.618s] -- Up-to-date symlink: /home/yjh/px4_ros_com_ros2/install/px4_ros_com/share/px4_ros_com/cmake/ament_cmake_export_include_directories-extras.cmake
[47.618s] -- Up-to-date symlink: /home/yjh/px4_ros_com_ros2/install/px4_ros_com/share/px4_ros_com/cmake/ament_cmake_export_libraries-extras.cmake
[47.619s] -- Up-to-date symlink: /home/yjh/px4_ros_com_ros2/install/px4_ros_com/share/px4_ros_com/cmake/px4_ros_comConfig.cmake
[47.619s] -- Up-to-date symlink: /home/yjh/px4_ros_com_ros2/install/px4_ros_com/share/px4_ros_com/cmake/px4_ros_comConfig-version.cmake
[47.619s] -- Up-to-date symlink: /home/yjh/px4_ros_com_ros2/install/px4_ros_com/share/px4_ros_com/package.xml
[47.625s] -- Up-to-date: /home/yjh/px4_ros_com_ros2/install/px4_ros_com/lib/libframe_transforms.so
[47.626s] -- Up-to-date: /home/yjh/px4_ros_com_ros2/install/px4_ros_com/bin/micrortps_agent
[47.626s] -- Up-to-date: /home/yjh/px4_ros_com_ros2/install/px4_ros_com/share/px4_ros_com/cmake/export_frame_transformsExport.cmake
[47.626s] -- Up-to-date: /home/yjh/px4_ros_com_ros2/install/px4_ros_com/share/px4_ros_com/cmake/export_frame_transformsExport-relwithdebinfo.cmake
[47.640s] Invoked command in '/home/yjh/px4_ros_com_ros2/build/px4_ros_com' returned '0': AMENT_PREFIX_PATH=/home/yjh/px4_ros_com_ros2/install/px4_msgs:${AMENT_PREFIX_PATH} CMAKE_PREFIX_PATH=/home/yjh/px4_ros_com_ros2/install/px4_msgs:/opt/ros/foxy LD_LIBRARY_PATH=/home/yjh/px4_ros_com_ros2/install/px4_msgs/lib:${LD_LIBRARY_PATH} PYTHONPATH=/home/yjh/px4_ros_com_ros2/install/px4_msgs/lib/python3.8/site-packages:${PYTHONPATH} /usr/bin/cmake --install /home/yjh/px4_ros_com_ros2/build/px4_ros_com
