[01m[K/home/yjh/px4_ros_com_ros2/src/px4_ros_com/src/examples/offboard/position_calculator.cpp:115:8:[m[K [01;31m[Kerror: [m[Kexpected ‘[01m[K;[m[K’ after class definition
  115 |       }
      |        [01;31m[K^[m[K
      |        [32m[K;[m[K
[01m[K/home/yjh/px4_ros_com_ros2/src/px4_ros_com/src/examples/offboard/position_calculator.cpp:[m[K In constructor ‘[01m[KPositionCalculator::PositionCalculator()[m[K’:
[01m[K/home/yjh/px4_ros_com_ros2/src/px4_ros_com/src/examples/offboard/position_calculator.cpp:97:40:[m[K [01;31m[Kerror: [m[K‘[01m[Ksend_iris1_position[m[K’ is not a member of ‘[01m[KPositionCalculator[m[K’
   97 |    5ms, std::bind(&PositionCalculator::[01;31m[Ksend_iris1_position[m[K, this));
      |                                        [01;31m[K^~~~~~~~~~~~~~~~~~~[m[K
[01m[K/home/yjh/px4_ros_com_ros2/src/px4_ros_com/src/examples/offboard/position_calculator.cpp:99:40:[m[K [01;31m[Kerror: [m[K‘[01m[Ksend_iris2_position[m[K’ is not a member of ‘[01m[KPositionCalculator[m[K’
   99 |    5ms, std::bind(&PositionCalculator::[01;31m[Ksend_iris2_position[m[K, this));
      |                                        [01;31m[K^~~~~~~~~~~~~~~~~~~[m[K
[01m[K/home/yjh/px4_ros_com_ros2/src/px4_ros_com/src/examples/offboard/position_calculator.cpp:[m[K In function ‘[01m[Kvoid send_iris1_position()[m[K’:
[01m[K/home/yjh/px4_ros_com_ros2/src/px4_ros_com/src/examples/offboard/position_calculator.cpp:120:25:[m[K [01;31m[Kerror: [m[K‘[01m[Klocal_position_iris0[m[K’ was not declared in this scope
  120 |      msg.data.push_back([01;31m[Klocal_position_iris0[m[K[0]);
      |                         [01;31m[K^~~~~~~~~~~~~~~~~~~~[m[K
[01m[K/home/yjh/px4_ros_com_ros2/src/px4_ros_com/src/examples/offboard/position_calculator.cpp:126:26:[m[K [01;31m[Kerror: [m[K‘[01m[Klocal_position_iris0[m[K’ was not declared in this scope
  126 |       msg.data.push_back([01;31m[Klocal_position_iris0[m[K[0] + (r2-r1) * sin(30 * PI / 180));
      |                          [01;31m[K^~~~~~~~~~~~~~~~~~~~[m[K
[01m[K/home/yjh/px4_ros_com_ros2/src/px4_ros_com/src/examples/offboard/position_calculator.cpp:131:26:[m[K [01;31m[Kerror: [m[K‘[01m[Klocal_position_iris0[m[K’ was not declared in this scope
  131 |       msg.data.push_back([01;31m[Klocal_position_iris0[m[K[0] - (r1-r2) * sin(30 * PI / 180));
      |                          [01;31m[K^~~~~~~~~~~~~~~~~~~~[m[K
[01m[K/home/yjh/px4_ros_com_ros2/src/px4_ros_com/src/examples/offboard/position_calculator.cpp:136:5:[m[K [01;31m[Kerror: [m[K‘[01m[Kpublisher_iris1_[m[K’ was not declared in this scope
  136 |     [01;31m[Kpublisher_iris1_[m[K->publish(msg);
      |     [01;31m[K^~~~~~~~~~~~~~~~[m[K
[01m[K/home/yjh/px4_ros_com_ros2/src/px4_ros_com/src/examples/offboard/position_calculator.cpp:[m[K In function ‘[01m[Kvoid send_iris2_position()[m[K’:
[01m[K/home/yjh/px4_ros_com_ros2/src/px4_ros_com/src/examples/offboard/position_calculator.cpp:142:25:[m[K [01;31m[Kerror: [m[K‘[01m[Klocal_position_iris0[m[K’ was not declared in this scope
  142 |      msg.data.push_back([01;31m[Klocal_position_iris0[m[K[0]-1.5*sqrt(3));
      |                         [01;31m[K^~~~~~~~~~~~~~~~~~~~[m[K
[01m[K/home/yjh/px4_ros_com_ros2/src/px4_ros_com/src/examples/offboard/position_calculator.cpp:148:26:[m[K [01;31m[Kerror: [m[K‘[01m[Klocal_position_iris0[m[K’ was not declared in this scope
  148 |       msg.data.push_back([01;31m[Klocal_position_iris0[m[K[0]-1.5*sqrt(3) - (r2-r1));
      |                          [01;31m[K^~~~~~~~~~~~~~~~~~~~[m[K
[01m[K/home/yjh/px4_ros_com_ros2/src/px4_ros_com/src/examples/offboard/position_calculator.cpp:153:26:[m[K [01;31m[Kerror: [m[K‘[01m[Klocal_position_iris0[m[K’ was not declared in this scope
  153 |       msg.data.push_back([01;31m[Klocal_position_iris0[m[K[0]-1.5*sqrt(3) + (r1-r2));
      |                          [01;31m[K^~~~~~~~~~~~~~~~~~~~[m[K
[01m[K/home/yjh/px4_ros_com_ros2/src/px4_ros_com/src/examples/offboard/position_calculator.cpp:158:5:[m[K [01;31m[Kerror: [m[K‘[01m[Kpublisher_iris2_[m[K’ was not declared in this scope
  158 |     [01;31m[Kpublisher_iris2_[m[K->publish(msg);
      |     [01;31m[K^~~~~~~~~~~~~~~~[m[K
[01m[K/home/yjh/px4_ros_com_ros2/src/px4_ros_com/src/examples/offboard/position_calculator.cpp:[m[K At global scope:
[01m[K/home/yjh/px4_ros_com_ros2/src/px4_ros_com/src/examples/offboard/position_calculator.cpp:160:1:[m[K [01;31m[Kerror: [m[Kexpected declaration before ‘[01m[K}[m[K’ token
  160 | [01;31m[K}[m[K;
      | [01;31m[K^[m[K
make[2]: *** [CMakeFiles/position_calculator.dir/build.make:63: CMakeFiles/position_calculator.dir/src/examples/offboard/position_calculator.cpp.o] Error 1
make[1]: *** [CMakeFiles/Makefile2:395: CMakeFiles/position_calculator.dir/all] Error 2
make: *** [Makefile:141: all] Error 2
