[1.480s] DEBUG:colcon:Command line arguments: ['/usr/bin/colcon', 'build', '--symlink-install', '--event-handlers', 'console_direct+']
[1.480s] DEBUG:colcon:Parsed command line arguments: Namespace(allow_overriding=[], ament_cmake_args=None, base_paths=['.'], build_base='build', catkin_cmake_args=None, catkin_skip_building_tests=False, cmake_args=None, cmake_clean_cache=False, cmake_clean_first=False, cmake_force_configure=False, cmake_target=None, cmake_target_skip_unavailable=False, continue_on_error=False, event_handlers=['console_direct+'], executor='parallel', ignore_user_meta=False, install_base='install', log_base=None, log_level=None, main=<bound method BuildVerb.main of <colcon_core.verb.build.BuildVerb object at 0x7fa0bcd34940>>, merge_install=False, metas=['./colcon.meta'], packages_above=None, packages_above_and_dependencies=None, packages_above_depth=None, packages_end=None, packages_ignore=None, packages_ignore_regex=None, packages_select=None, packages_select_build_failed=False, packages_select_by_dep=None, packages_select_regex=None, packages_select_test_failures=False, packages_skip=None, packages_skip_build_finished=False, packages_skip_by_dep=None, packages_skip_regex=None, packages_skip_test_passed=False, packages_skip_up_to=None, packages_start=None, packages_up_to=None, packages_up_to_regex=None, parallel_workers=4, paths=None, symlink_install=True, test_result_base=None, verb_extension=<colcon_core.verb.build.BuildVerb object at 0x7fa0bcd34940>, verb_name='build', verb_parser=<colcon_defaults.argument_parser.defaults.DefaultArgumentsDecorator object at 0x7fa0bcbfd100>)
[1.704s] Level 1:colcon.colcon_core.package_discovery:discover_packages(colcon_meta) check parameters
[1.704s] Level 1:colcon.colcon_core.package_discovery:discover_packages(recursive) check parameters
[1.704s] Level 1:colcon.colcon_core.package_discovery:discover_packages(ignore) check parameters
[1.704s] Level 1:colcon.colcon_core.package_discovery:discover_packages(path) check parameters
[1.704s] Level 1:colcon.colcon_core.package_discovery:discover_packages(colcon_meta) discover
[1.704s] Level 1:colcon.colcon_core.package_discovery:discover_packages(recursive) discover
[1.705s] INFO:colcon.colcon_core.package_discovery:Crawling recursively for packages in '/home/yjh/px4_ros_com_ros2'
[1.705s] Level 1:colcon.colcon_core.package_identification:_identify(.) by extensions ['ignore', 'ignore_ament_install']
[1.706s] Level 1:colcon.colcon_core.package_identification:_identify(.) by extension 'ignore'
[1.706s] Level 1:colcon.colcon_core.package_identification:_identify(.) by extension 'ignore_ament_install'
[1.707s] Level 1:colcon.colcon_core.package_identification:_identify(.) by extensions ['colcon_pkg']
[1.707s] Level 1:colcon.colcon_core.package_identification:_identify(.) by extension 'colcon_pkg'
[1.707s] Level 1:colcon.colcon_core.package_identification:_identify(.) by extensions ['colcon_meta']
[1.708s] Level 1:colcon.colcon_core.package_identification:_identify(.) by extension 'colcon_meta'
[1.708s] Level 1:colcon.colcon_core.package_identification:_identify(.) by extensions ['ros']
[1.708s] Level 1:colcon.colcon_core.package_identification:_identify(.) by extension 'ros'
[1.763s] Level 1:colcon.colcon_core.package_identification:_identify(.) by extensions ['cmake', 'python']
[1.763s] Level 1:colcon.colcon_core.package_identification:_identify(.) by extension 'cmake'
[1.763s] Level 1:colcon.colcon_core.package_identification:_identify(.) by extension 'python'
[1.763s] Level 1:colcon.colcon_core.package_identification:_identify(.) by extensions ['python_setup_py']
[1.764s] Level 1:colcon.colcon_core.package_identification:_identify(.) by extension 'python_setup_py'
[1.764s] Level 1:colcon.colcon_core.package_identification:_identify(build) by extensions ['ignore', 'ignore_ament_install']
[1.765s] Level 1:colcon.colcon_core.package_identification:_identify(build) by extension 'ignore'
[1.765s] Level 1:colcon.colcon_core.package_identification:_identify(build) ignored
[1.766s] Level 1:colcon.colcon_core.package_identification:_identify(install) by extensions ['ignore', 'ignore_ament_install']
[1.766s] Level 1:colcon.colcon_core.package_identification:_identify(install) by extension 'ignore'
[1.767s] Level 1:colcon.colcon_core.package_identification:_identify(install) ignored
[1.767s] Level 1:colcon.colcon_core.package_identification:_identify(log) by extensions ['ignore', 'ignore_ament_install']
[1.768s] Level 1:colcon.colcon_core.package_identification:_identify(log) by extension 'ignore'
[1.768s] Level 1:colcon.colcon_core.package_identification:_identify(log) ignored
[1.769s] Level 1:colcon.colcon_core.package_identification:_identify(src) by extensions ['ignore', 'ignore_ament_install']
[1.769s] Level 1:colcon.colcon_core.package_identification:_identify(src) by extension 'ignore'
[1.770s] Level 1:colcon.colcon_core.package_identification:_identify(src) by extension 'ignore_ament_install'
[1.770s] Level 1:colcon.colcon_core.package_identification:_identify(src) by extensions ['colcon_pkg']
[1.770s] Level 1:colcon.colcon_core.package_identification:_identify(src) by extension 'colcon_pkg'
[1.770s] Level 1:colcon.colcon_core.package_identification:_identify(src) by extensions ['colcon_meta']
[1.771s] Level 1:colcon.colcon_core.package_identification:_identify(src) by extension 'colcon_meta'
[1.771s] Level 1:colcon.colcon_core.package_identification:_identify(src) by extensions ['ros']
[1.772s] Level 1:colcon.colcon_core.package_identification:_identify(src) by extension 'ros'
[1.773s] Level 1:colcon.colcon_core.package_identification:_identify(src) by extensions ['cmake', 'python']
[1.774s] Level 1:colcon.colcon_core.package_identification:_identify(src) by extension 'cmake'
[1.774s] Level 1:colcon.colcon_core.package_identification:_identify(src) by extension 'python'
[1.774s] Level 1:colcon.colcon_core.package_identification:_identify(src) by extensions ['python_setup_py']
[1.774s] Level 1:colcon.colcon_core.package_identification:_identify(src) by extension 'python_setup_py'
[1.775s] Level 1:colcon.colcon_core.package_identification:_identify(src/px4_msgs) by extensions ['ignore', 'ignore_ament_install']
[1.775s] Level 1:colcon.colcon_core.package_identification:_identify(src/px4_msgs) by extension 'ignore'
[1.775s] Level 1:colcon.colcon_core.package_identification:_identify(src/px4_msgs) by extension 'ignore_ament_install'
[1.775s] Level 1:colcon.colcon_core.package_identification:_identify(src/px4_msgs) by extensions ['colcon_pkg']
[1.775s] Level 1:colcon.colcon_core.package_identification:_identify(src/px4_msgs) by extension 'colcon_pkg'
[1.775s] Level 1:colcon.colcon_core.package_identification:_identify(src/px4_msgs) by extensions ['colcon_meta']
[1.775s] Level 1:colcon.colcon_core.package_identification:_identify(src/px4_msgs) by extension 'colcon_meta'
[1.776s] Level 1:colcon.colcon_core.package_identification:_identify(src/px4_msgs) by extensions ['ros']
[1.776s] Level 1:colcon.colcon_core.package_identification:_identify(src/px4_msgs) by extension 'ros'
[1.786s] DEBUG:colcon.colcon_core.package_identification:Package 'src/px4_msgs' with type 'ros.ament_cmake' and name 'px4_msgs'
[1.787s] Level 1:colcon.colcon_core.package_identification:_identify(src/px4_ros_com) by extensions ['ignore', 'ignore_ament_install']
[1.788s] Level 1:colcon.colcon_core.package_identification:_identify(src/px4_ros_com) by extension 'ignore'
[1.789s] Level 1:colcon.colcon_core.package_identification:_identify(src/px4_ros_com) by extension 'ignore_ament_install'
[1.789s] Level 1:colcon.colcon_core.package_identification:_identify(src/px4_ros_com) by extensions ['colcon_pkg']
[1.789s] Level 1:colcon.colcon_core.package_identification:_identify(src/px4_ros_com) by extension 'colcon_pkg'
[1.789s] Level 1:colcon.colcon_core.package_identification:_identify(src/px4_ros_com) by extensions ['colcon_meta']
[1.789s] Level 1:colcon.colcon_core.package_identification:_identify(src/px4_ros_com) by extension 'colcon_meta'
[1.789s] Level 1:colcon.colcon_core.package_identification:_identify(src/px4_ros_com) by extensions ['ros']
[1.790s] Level 1:colcon.colcon_core.package_identification:_identify(src/px4_ros_com) by extension 'ros'
[1.792s] DEBUG:colcon.colcon_core.package_identification:Package 'src/px4_ros_com' with type 'ros.ament_cmake' and name 'px4_ros_com'
[1.792s] Level 1:colcon.colcon_core.package_discovery:discover_packages(recursive) using defaults
[1.792s] Level 1:colcon.colcon_core.package_discovery:discover_packages(ignore) discover
[1.792s] Level 1:colcon.colcon_core.package_discovery:discover_packages(ignore) using defaults
[1.792s] Level 1:colcon.colcon_core.package_discovery:discover_packages(path) discover
[1.792s] Level 1:colcon.colcon_core.package_discovery:discover_packages(path) using defaults
[1.870s] Level 1:colcon.colcon_core.package_discovery:discover_packages(prefix_path) check parameters
[1.870s] Level 1:colcon.colcon_core.package_discovery:discover_packages(prefix_path) discover
[1.882s] DEBUG:colcon.colcon_installed_package_information.package_discovery:Found 257 installed packages in /opt/ros/foxy
[1.884s] Level 1:colcon.colcon_core.package_discovery:discover_packages(prefix_path) using defaults
[2.153s] Level 5:colcon.colcon_core.verb:set package 'px4_msgs' build argument 'cmake_args' from command line to 'None'
[2.153s] Level 5:colcon.colcon_core.verb:set package 'px4_msgs' build argument 'cmake_target' from command line to 'None'
[2.154s] Level 5:colcon.colcon_core.verb:set package 'px4_msgs' build argument 'cmake_target_skip_unavailable' from command line to 'False'
[2.154s] Level 5:colcon.colcon_core.verb:set package 'px4_msgs' build argument 'cmake_clean_cache' from command line to 'False'
[2.154s] Level 5:colcon.colcon_core.verb:set package 'px4_msgs' build argument 'cmake_clean_first' from command line to 'False'
[2.154s] Level 5:colcon.colcon_core.verb:set package 'px4_msgs' build argument 'cmake_force_configure' from command line to 'False'
[2.154s] Level 5:colcon.colcon_core.verb:set package 'px4_msgs' build argument 'ament_cmake_args' from command line to 'None'
[2.154s] Level 5:colcon.colcon_core.verb:set package 'px4_msgs' build argument 'catkin_cmake_args' from command line to 'None'
[2.154s] Level 5:colcon.colcon_core.verb:set package 'px4_msgs' build argument 'catkin_skip_building_tests' from command line to 'False'
[2.154s] DEBUG:colcon.colcon_core.verb:Building package 'px4_msgs' with the following arguments: {'ament_cmake_args': None, 'build_base': '/home/yjh/px4_ros_com_ros2/build/px4_msgs', 'catkin_cmake_args': None, 'catkin_skip_building_tests': False, 'cmake_args': None, 'cmake_clean_cache': False, 'cmake_clean_first': False, 'cmake_force_configure': False, 'cmake_target': None, 'cmake_target_skip_unavailable': False, 'install_base': '/home/yjh/px4_ros_com_ros2/install/px4_msgs', 'merge_install': False, 'path': '/home/yjh/px4_ros_com_ros2/src/px4_msgs', 'symlink_install': True, 'test_result_base': None}
[2.155s] Level 5:colcon.colcon_core.verb:set package 'px4_ros_com' build argument 'cmake_args' from command line to 'None'
[2.155s] Level 5:colcon.colcon_core.verb:set package 'px4_ros_com' build argument 'cmake_target' from command line to 'None'
[2.155s] Level 5:colcon.colcon_core.verb:set package 'px4_ros_com' build argument 'cmake_target_skip_unavailable' from command line to 'False'
[2.155s] Level 5:colcon.colcon_core.verb:set package 'px4_ros_com' build argument 'cmake_clean_cache' from command line to 'False'
[2.155s] Level 5:colcon.colcon_core.verb:set package 'px4_ros_com' build argument 'cmake_clean_first' from command line to 'False'
[2.155s] Level 5:colcon.colcon_core.verb:set package 'px4_ros_com' build argument 'cmake_force_configure' from command line to 'False'
[2.155s] Level 5:colcon.colcon_core.verb:set package 'px4_ros_com' build argument 'ament_cmake_args' from command line to 'None'
[2.155s] Level 5:colcon.colcon_core.verb:set package 'px4_ros_com' build argument 'catkin_cmake_args' from command line to 'None'
[2.155s] Level 5:colcon.colcon_core.verb:set package 'px4_ros_com' build argument 'catkin_skip_building_tests' from command line to 'False'
[2.155s] DEBUG:colcon.colcon_core.verb:Building package 'px4_ros_com' with the following arguments: {'ament_cmake_args': None, 'build_base': '/home/yjh/px4_ros_com_ros2/build/px4_ros_com', 'catkin_cmake_args': None, 'catkin_skip_building_tests': False, 'cmake_args': None, 'cmake_clean_cache': False, 'cmake_clean_first': False, 'cmake_force_configure': False, 'cmake_target': None, 'cmake_target_skip_unavailable': False, 'install_base': '/home/yjh/px4_ros_com_ros2/install/px4_ros_com', 'merge_install': False, 'path': '/home/yjh/px4_ros_com_ros2/src/px4_ros_com', 'symlink_install': True, 'test_result_base': None}
[2.156s] INFO:colcon.colcon_core.executor:Executing jobs using 'parallel' executor
[2.158s] DEBUG:colcon.colcon_parallel_executor.executor.parallel:run_until_complete
[2.158s] INFO:colcon.colcon_ros.task.ament_cmake.build:Building ROS package in '/home/yjh/px4_ros_com_ros2/src/px4_msgs' with build type 'ament_cmake'
[2.159s] INFO:colcon.colcon_cmake.task.cmake.build:Building CMake package in '/home/yjh/px4_ros_com_ros2/src/px4_msgs'
[2.171s] INFO:colcon.colcon_core.plugin_system:Skipping extension 'colcon_core.shell.bat': Not used on non-Windows systems
[2.171s] INFO:colcon.colcon_core.shell:Skip shell extension 'powershell' for command environment: Not usable outside of PowerShell
[2.172s] DEBUG:colcon.colcon_core.shell:Skip shell extension 'dsv' for command environment
[2.190s] DEBUG:colcon.colcon_core.event_handler.log_command:Invoking command in '/home/yjh/px4_ros_com_ros2/build/px4_msgs': CMAKE_PREFIX_PATH=/opt/ros/foxy /usr/bin/cmake --build /home/yjh/px4_ros_com_ros2/build/px4_msgs -- -j4 -l4
[10.669s] DEBUG:colcon.colcon_core.event_handler.log_command:Invoked command in '/home/yjh/px4_ros_com_ros2/build/px4_msgs' returned '0': CMAKE_PREFIX_PATH=/opt/ros/foxy /usr/bin/cmake --build /home/yjh/px4_ros_com_ros2/build/px4_msgs -- -j4 -l4
[24.604s] DEBUG:colcon.colcon_core.event_handler.log_command:Invoking command in '/home/yjh/px4_ros_com_ros2/build/px4_msgs': CMAKE_PREFIX_PATH=/opt/ros/foxy /usr/bin/cmake --install /home/yjh/px4_ros_com_ros2/build/px4_msgs
[28.825s] Level 1:colcon.colcon_core.environment:create_environment_scripts_only(px4_msgs)
[28.826s] DEBUG:colcon.colcon_core.event_handler.log_command:Invoked command in '/home/yjh/px4_ros_com_ros2/build/px4_msgs' returned '0': CMAKE_PREFIX_PATH=/opt/ros/foxy /usr/bin/cmake --install /home/yjh/px4_ros_com_ros2/build/px4_msgs
[28.840s] Level 1:colcon.colcon_core.environment:checking '/home/yjh/px4_ros_com_ros2/install/px4_msgs' for CMake module files
[28.841s] Level 1:colcon.colcon_core.environment:checking '/home/yjh/px4_ros_com_ros2/install/px4_msgs' for CMake config files
[28.846s] Level 1:colcon.colcon_core.shell:create_environment_hook('px4_msgs', 'cmake_prefix_path')
[28.847s] INFO:colcon.colcon_core.shell:Creating environment hook '/home/yjh/px4_ros_com_ros2/install/px4_msgs/share/px4_msgs/hook/cmake_prefix_path.ps1'
[28.849s] INFO:colcon.colcon_core.shell:Creating environment descriptor '/home/yjh/px4_ros_com_ros2/install/px4_msgs/share/px4_msgs/hook/cmake_prefix_path.dsv'
[28.851s] INFO:colcon.colcon_core.shell:Creating environment hook '/home/yjh/px4_ros_com_ros2/install/px4_msgs/share/px4_msgs/hook/cmake_prefix_path.sh'
[28.854s] Level 1:colcon.colcon_core.environment:checking '/home/yjh/px4_ros_com_ros2/install/px4_msgs/lib'
[28.854s] Level 1:colcon.colcon_core.shell:create_environment_hook('px4_msgs', 'ld_library_path_lib')
[28.855s] INFO:colcon.colcon_core.shell:Creating environment hook '/home/yjh/px4_ros_com_ros2/install/px4_msgs/share/px4_msgs/hook/ld_library_path_lib.ps1'
[28.855s] INFO:colcon.colcon_core.shell:Creating environment descriptor '/home/yjh/px4_ros_com_ros2/install/px4_msgs/share/px4_msgs/hook/ld_library_path_lib.dsv'
[28.856s] INFO:colcon.colcon_core.shell:Creating environment hook '/home/yjh/px4_ros_com_ros2/install/px4_msgs/share/px4_msgs/hook/ld_library_path_lib.sh'
[28.857s] Level 1:colcon.colcon_core.environment:checking '/home/yjh/px4_ros_com_ros2/install/px4_msgs/bin'
[28.857s] Level 1:colcon.colcon_core.environment:checking '/home/yjh/px4_ros_com_ros2/install/px4_msgs/lib/pkgconfig/px4_msgs.pc'
[28.857s] Level 1:colcon.colcon_core.environment:checking '/home/yjh/px4_ros_com_ros2/install/px4_msgs/lib/python3.8/site-packages'
[28.857s] Level 1:colcon.colcon_core.shell:create_environment_hook('px4_msgs', 'pythonpath')
[28.858s] INFO:colcon.colcon_core.shell:Creating environment hook '/home/yjh/px4_ros_com_ros2/install/px4_msgs/share/px4_msgs/hook/pythonpath.ps1'
[28.859s] INFO:colcon.colcon_core.shell:Creating environment descriptor '/home/yjh/px4_ros_com_ros2/install/px4_msgs/share/px4_msgs/hook/pythonpath.dsv'
[28.860s] INFO:colcon.colcon_core.shell:Creating environment hook '/home/yjh/px4_ros_com_ros2/install/px4_msgs/share/px4_msgs/hook/pythonpath.sh'
[28.860s] Level 1:colcon.colcon_core.environment:checking '/home/yjh/px4_ros_com_ros2/install/px4_msgs/bin'
[28.861s] INFO:colcon.colcon_core.shell:Creating package script '/home/yjh/px4_ros_com_ros2/install/px4_msgs/share/px4_msgs/package.ps1'
[28.862s] INFO:colcon.colcon_core.shell:Creating package descriptor '/home/yjh/px4_ros_com_ros2/install/px4_msgs/share/px4_msgs/package.dsv'
[28.864s] INFO:colcon.colcon_core.shell:Creating package script '/home/yjh/px4_ros_com_ros2/install/px4_msgs/share/px4_msgs/package.sh'
[28.868s] INFO:colcon.colcon_core.shell:Creating package script '/home/yjh/px4_ros_com_ros2/install/px4_msgs/share/px4_msgs/package.bash'
[28.870s] INFO:colcon.colcon_core.shell:Creating package script '/home/yjh/px4_ros_com_ros2/install/px4_msgs/share/px4_msgs/package.zsh'
[28.872s] Level 1:colcon.colcon_core.environment:create_file_with_runtime_dependencies(/home/yjh/px4_ros_com_ros2/install/px4_msgs/share/colcon-core/packages/px4_msgs)
[43.566s] Level 1:colcon.colcon_core.environment:create_environment_scripts_only(px4_msgs)
[43.568s] Level 1:colcon.colcon_core.environment:checking '/home/yjh/px4_ros_com_ros2/install/px4_msgs' for CMake module files
[43.571s] Level 1:colcon.colcon_core.environment:checking '/home/yjh/px4_ros_com_ros2/install/px4_msgs' for CMake config files
[43.579s] Level 1:colcon.colcon_core.shell:create_environment_hook('px4_msgs', 'cmake_prefix_path')
[43.580s] INFO:colcon.colcon_core.shell:Creating environment hook '/home/yjh/px4_ros_com_ros2/install/px4_msgs/share/px4_msgs/hook/cmake_prefix_path.ps1'
[43.582s] INFO:colcon.colcon_core.shell:Creating environment descriptor '/home/yjh/px4_ros_com_ros2/install/px4_msgs/share/px4_msgs/hook/cmake_prefix_path.dsv'
[43.583s] INFO:colcon.colcon_core.shell:Creating environment hook '/home/yjh/px4_ros_com_ros2/install/px4_msgs/share/px4_msgs/hook/cmake_prefix_path.sh'
[43.584s] Level 1:colcon.colcon_core.environment:checking '/home/yjh/px4_ros_com_ros2/install/px4_msgs/lib'
[43.584s] Level 1:colcon.colcon_core.shell:create_environment_hook('px4_msgs', 'ld_library_path_lib')
[43.587s] INFO:colcon.colcon_core.shell:Creating environment hook '/home/yjh/px4_ros_com_ros2/install/px4_msgs/share/px4_msgs/hook/ld_library_path_lib.ps1'
[43.589s] INFO:colcon.colcon_core.shell:Creating environment descriptor '/home/yjh/px4_ros_com_ros2/install/px4_msgs/share/px4_msgs/hook/ld_library_path_lib.dsv'
[43.590s] INFO:colcon.colcon_core.shell:Creating environment hook '/home/yjh/px4_ros_com_ros2/install/px4_msgs/share/px4_msgs/hook/ld_library_path_lib.sh'
[43.590s] Level 1:colcon.colcon_core.environment:checking '/home/yjh/px4_ros_com_ros2/install/px4_msgs/bin'
[43.590s] Level 1:colcon.colcon_core.environment:checking '/home/yjh/px4_ros_com_ros2/install/px4_msgs/lib/pkgconfig/px4_msgs.pc'
[43.591s] Level 1:colcon.colcon_core.environment:checking '/home/yjh/px4_ros_com_ros2/install/px4_msgs/lib/python3.8/site-packages'
[43.591s] Level 1:colcon.colcon_core.shell:create_environment_hook('px4_msgs', 'pythonpath')
[43.592s] INFO:colcon.colcon_core.shell:Creating environment hook '/home/yjh/px4_ros_com_ros2/install/px4_msgs/share/px4_msgs/hook/pythonpath.ps1'
[43.593s] INFO:colcon.colcon_core.shell:Creating environment descriptor '/home/yjh/px4_ros_com_ros2/install/px4_msgs/share/px4_msgs/hook/pythonpath.dsv'
[43.594s] INFO:colcon.colcon_core.shell:Creating environment hook '/home/yjh/px4_ros_com_ros2/install/px4_msgs/share/px4_msgs/hook/pythonpath.sh'
[43.595s] Level 1:colcon.colcon_core.environment:checking '/home/yjh/px4_ros_com_ros2/install/px4_msgs/bin'
[43.596s] INFO:colcon.colcon_core.shell:Creating package script '/home/yjh/px4_ros_com_ros2/install/px4_msgs/share/px4_msgs/package.ps1'
[43.597s] INFO:colcon.colcon_core.shell:Creating package descriptor '/home/yjh/px4_ros_com_ros2/install/px4_msgs/share/px4_msgs/package.dsv'
[43.598s] INFO:colcon.colcon_core.shell:Creating package script '/home/yjh/px4_ros_com_ros2/install/px4_msgs/share/px4_msgs/package.sh'
[43.599s] INFO:colcon.colcon_core.shell:Creating package script '/home/yjh/px4_ros_com_ros2/install/px4_msgs/share/px4_msgs/package.bash'
[43.600s] INFO:colcon.colcon_core.shell:Creating package script '/home/yjh/px4_ros_com_ros2/install/px4_msgs/share/px4_msgs/package.zsh'
[43.602s] Level 1:colcon.colcon_core.environment:create_file_with_runtime_dependencies(/home/yjh/px4_ros_com_ros2/install/px4_msgs/share/colcon-core/packages/px4_msgs)
[43.604s] INFO:colcon.colcon_ros.task.ament_cmake.build:Building ROS package in '/home/yjh/px4_ros_com_ros2/src/px4_ros_com' with build type 'ament_cmake'
[43.604s] INFO:colcon.colcon_cmake.task.cmake.build:Building CMake package in '/home/yjh/px4_ros_com_ros2/src/px4_ros_com'
[43.605s] INFO:colcon.colcon_core.shell:Skip shell extension 'powershell' for command environment: Not usable outside of PowerShell
[43.605s] DEBUG:colcon.colcon_core.shell:Skip shell extension 'dsv' for command environment
[43.631s] DEBUG:colcon.colcon_core.event_handler.log_command:Invoking command in '/home/yjh/px4_ros_com_ros2/build/px4_ros_com': AMENT_PREFIX_PATH=/home/yjh/px4_ros_com_ros2/install/px4_msgs:${AMENT_PREFIX_PATH} CMAKE_PREFIX_PATH=/home/yjh/px4_ros_com_ros2/install/px4_msgs:/opt/ros/foxy LD_LIBRARY_PATH=/home/yjh/px4_ros_com_ros2/install/px4_msgs/lib:${LD_LIBRARY_PATH} PYTHONPATH=/home/yjh/px4_ros_com_ros2/install/px4_msgs/lib/python3.8/site-packages:${PYTHONPATH} /usr/bin/cmake --build /home/yjh/px4_ros_com_ros2/build/px4_ros_com -- -j4 -l4
[96.335s] DEBUG:colcon.colcon_core.event_handler.log_command:Invoked command in '/home/yjh/px4_ros_com_ros2/build/px4_ros_com' returned '0': AMENT_PREFIX_PATH=/home/yjh/px4_ros_com_ros2/install/px4_msgs:${AMENT_PREFIX_PATH} CMAKE_PREFIX_PATH=/home/yjh/px4_ros_com_ros2/install/px4_msgs:/opt/ros/foxy LD_LIBRARY_PATH=/home/yjh/px4_ros_com_ros2/install/px4_msgs/lib:${LD_LIBRARY_PATH} PYTHONPATH=/home/yjh/px4_ros_com_ros2/install/px4_msgs/lib/python3.8/site-packages:${PYTHONPATH} /usr/bin/cmake --build /home/yjh/px4_ros_com_ros2/build/px4_ros_com -- -j4 -l4
[97.019s] DEBUG:colcon.colcon_core.event_handler.log_command:Invoking command in '/home/yjh/px4_ros_com_ros2/build/px4_ros_com': AMENT_PREFIX_PATH=/home/yjh/px4_ros_com_ros2/install/px4_msgs:${AMENT_PREFIX_PATH} CMAKE_PREFIX_PATH=/home/yjh/px4_ros_com_ros2/install/px4_msgs:/opt/ros/foxy LD_LIBRARY_PATH=/home/yjh/px4_ros_com_ros2/install/px4_msgs/lib:${LD_LIBRARY_PATH} PYTHONPATH=/home/yjh/px4_ros_com_ros2/install/px4_msgs/lib/python3.8/site-packages:${PYTHONPATH} /usr/bin/cmake --install /home/yjh/px4_ros_com_ros2/build/px4_ros_com
[97.173s] Level 1:colcon.colcon_core.environment:create_environment_scripts_only(px4_ros_com)
[97.182s] Level 1:colcon.colcon_core.environment:checking '/home/yjh/px4_ros_com_ros2/install/px4_ros_com' for CMake module files
[97.183s] DEBUG:colcon.colcon_core.event_handler.log_command:Invoked command in '/home/yjh/px4_ros_com_ros2/build/px4_ros_com' returned '0': AMENT_PREFIX_PATH=/home/yjh/px4_ros_com_ros2/install/px4_msgs:${AMENT_PREFIX_PATH} CMAKE_PREFIX_PATH=/home/yjh/px4_ros_com_ros2/install/px4_msgs:/opt/ros/foxy LD_LIBRARY_PATH=/home/yjh/px4_ros_com_ros2/install/px4_msgs/lib:${LD_LIBRARY_PATH} PYTHONPATH=/home/yjh/px4_ros_com_ros2/install/px4_msgs/lib/python3.8/site-packages:${PYTHONPATH} /usr/bin/cmake --install /home/yjh/px4_ros_com_ros2/build/px4_ros_com
[97.184s] Level 1:colcon.colcon_core.environment:checking '/home/yjh/px4_ros_com_ros2/install/px4_ros_com' for CMake config files
[97.186s] Level 1:colcon.colcon_core.shell:create_environment_hook('px4_ros_com', 'cmake_prefix_path')
[97.188s] INFO:colcon.colcon_core.shell:Creating environment hook '/home/yjh/px4_ros_com_ros2/install/px4_ros_com/share/px4_ros_com/hook/cmake_prefix_path.ps1'
[97.192s] INFO:colcon.colcon_core.shell:Creating environment descriptor '/home/yjh/px4_ros_com_ros2/install/px4_ros_com/share/px4_ros_com/hook/cmake_prefix_path.dsv'
[97.196s] INFO:colcon.colcon_core.shell:Creating environment hook '/home/yjh/px4_ros_com_ros2/install/px4_ros_com/share/px4_ros_com/hook/cmake_prefix_path.sh'
[97.198s] Level 1:colcon.colcon_core.environment:checking '/home/yjh/px4_ros_com_ros2/install/px4_ros_com/lib'
[97.199s] Level 1:colcon.colcon_core.shell:create_environment_hook('px4_ros_com', 'ld_library_path_lib')
[97.201s] INFO:colcon.colcon_core.shell:Creating environment hook '/home/yjh/px4_ros_com_ros2/install/px4_ros_com/share/px4_ros_com/hook/ld_library_path_lib.ps1'
[97.202s] INFO:colcon.colcon_core.shell:Creating environment descriptor '/home/yjh/px4_ros_com_ros2/install/px4_ros_com/share/px4_ros_com/hook/ld_library_path_lib.dsv'
[97.203s] INFO:colcon.colcon_core.shell:Creating environment hook '/home/yjh/px4_ros_com_ros2/install/px4_ros_com/share/px4_ros_com/hook/ld_library_path_lib.sh'
[97.205s] Level 1:colcon.colcon_core.environment:checking '/home/yjh/px4_ros_com_ros2/install/px4_ros_com/bin'
[97.205s] Level 1:colcon.colcon_core.shell:create_environment_hook('px4_ros_com', 'path')
[97.209s] INFO:colcon.colcon_core.shell:Creating environment hook '/home/yjh/px4_ros_com_ros2/install/px4_ros_com/share/px4_ros_com/hook/path.ps1'
[97.213s] INFO:colcon.colcon_core.shell:Creating environment descriptor '/home/yjh/px4_ros_com_ros2/install/px4_ros_com/share/px4_ros_com/hook/path.dsv'
[97.214s] INFO:colcon.colcon_core.shell:Creating environment hook '/home/yjh/px4_ros_com_ros2/install/px4_ros_com/share/px4_ros_com/hook/path.sh'
[97.215s] Level 1:colcon.colcon_core.environment:checking '/home/yjh/px4_ros_com_ros2/install/px4_ros_com/lib/pkgconfig/px4_ros_com.pc'
[97.216s] Level 1:colcon.colcon_core.environment:checking '/home/yjh/px4_ros_com_ros2/install/px4_ros_com/lib/python3.8/site-packages'
[97.216s] Level 1:colcon.colcon_core.environment:checking '/home/yjh/px4_ros_com_ros2/install/px4_ros_com/bin'
[97.217s] Level 1:colcon.colcon_core.shell:create_environment_hook('px4_ros_com', 'pythonscriptspath')
[97.219s] INFO:colcon.colcon_core.shell:Creating environment hook '/home/yjh/px4_ros_com_ros2/install/px4_ros_com/share/px4_ros_com/hook/pythonscriptspath.ps1'
[97.221s] INFO:colcon.colcon_core.shell:Creating environment descriptor '/home/yjh/px4_ros_com_ros2/install/px4_ros_com/share/px4_ros_com/hook/pythonscriptspath.dsv'
[97.229s] INFO:colcon.colcon_core.shell:Creating environment hook '/home/yjh/px4_ros_com_ros2/install/px4_ros_com/share/px4_ros_com/hook/pythonscriptspath.sh'
[97.232s] INFO:colcon.colcon_core.shell:Creating package script '/home/yjh/px4_ros_com_ros2/install/px4_ros_com/share/px4_ros_com/package.ps1'
[97.234s] INFO:colcon.colcon_core.shell:Creating package descriptor '/home/yjh/px4_ros_com_ros2/install/px4_ros_com/share/px4_ros_com/package.dsv'
[97.238s] INFO:colcon.colcon_core.shell:Creating package script '/home/yjh/px4_ros_com_ros2/install/px4_ros_com/share/px4_ros_com/package.sh'
[97.240s] INFO:colcon.colcon_core.shell:Creating package script '/home/yjh/px4_ros_com_ros2/install/px4_ros_com/share/px4_ros_com/package.bash'
[97.244s] INFO:colcon.colcon_core.shell:Creating package script '/home/yjh/px4_ros_com_ros2/install/px4_ros_com/share/px4_ros_com/package.zsh'
[97.246s] Level 1:colcon.colcon_core.environment:create_file_with_runtime_dependencies(/home/yjh/px4_ros_com_ros2/install/px4_ros_com/share/colcon-core/packages/px4_ros_com)
[97.958s] Level 1:colcon.colcon_core.environment:create_environment_scripts_only(px4_ros_com)
[97.960s] Level 1:colcon.colcon_core.environment:checking '/home/yjh/px4_ros_com_ros2/install/px4_ros_com' for CMake module files
[97.963s] Level 1:colcon.colcon_core.environment:checking '/home/yjh/px4_ros_com_ros2/install/px4_ros_com' for CMake config files
[97.964s] Level 1:colcon.colcon_core.shell:create_environment_hook('px4_ros_com', 'cmake_prefix_path')
[97.969s] INFO:colcon.colcon_core.shell:Creating environment hook '/home/yjh/px4_ros_com_ros2/install/px4_ros_com/share/px4_ros_com/hook/cmake_prefix_path.ps1'
[97.970s] INFO:colcon.colcon_core.shell:Creating environment descriptor '/home/yjh/px4_ros_com_ros2/install/px4_ros_com/share/px4_ros_com/hook/cmake_prefix_path.dsv'
[97.971s] INFO:colcon.colcon_core.shell:Creating environment hook '/home/yjh/px4_ros_com_ros2/install/px4_ros_com/share/px4_ros_com/hook/cmake_prefix_path.sh'
[97.972s] Level 1:colcon.colcon_core.environment:checking '/home/yjh/px4_ros_com_ros2/install/px4_ros_com/lib'
[97.973s] Level 1:colcon.colcon_core.shell:create_environment_hook('px4_ros_com', 'ld_library_path_lib')
[97.974s] INFO:colcon.colcon_core.shell:Creating environment hook '/home/yjh/px4_ros_com_ros2/install/px4_ros_com/share/px4_ros_com/hook/ld_library_path_lib.ps1'
[97.978s] INFO:colcon.colcon_core.shell:Creating environment descriptor '/home/yjh/px4_ros_com_ros2/install/px4_ros_com/share/px4_ros_com/hook/ld_library_path_lib.dsv'
[97.982s] INFO:colcon.colcon_core.shell:Creating environment hook '/home/yjh/px4_ros_com_ros2/install/px4_ros_com/share/px4_ros_com/hook/ld_library_path_lib.sh'
[97.984s] Level 1:colcon.colcon_core.environment:checking '/home/yjh/px4_ros_com_ros2/install/px4_ros_com/bin'
[97.984s] Level 1:colcon.colcon_core.shell:create_environment_hook('px4_ros_com', 'path')
[97.985s] INFO:colcon.colcon_core.shell:Creating environment hook '/home/yjh/px4_ros_com_ros2/install/px4_ros_com/share/px4_ros_com/hook/path.ps1'
[97.986s] INFO:colcon.colcon_core.shell:Creating environment descriptor '/home/yjh/px4_ros_com_ros2/install/px4_ros_com/share/px4_ros_com/hook/path.dsv'
[97.988s] INFO:colcon.colcon_core.shell:Creating environment hook '/home/yjh/px4_ros_com_ros2/install/px4_ros_com/share/px4_ros_com/hook/path.sh'
[97.990s] Level 1:colcon.colcon_core.environment:checking '/home/yjh/px4_ros_com_ros2/install/px4_ros_com/lib/pkgconfig/px4_ros_com.pc'
[97.992s] Level 1:colcon.colcon_core.environment:checking '/home/yjh/px4_ros_com_ros2/install/px4_ros_com/lib/python3.8/site-packages'
[97.993s] Level 1:colcon.colcon_core.environment:checking '/home/yjh/px4_ros_com_ros2/install/px4_ros_com/bin'
[97.993s] Level 1:colcon.colcon_core.shell:create_environment_hook('px4_ros_com', 'pythonscriptspath')
[97.999s] INFO:colcon.colcon_core.shell:Creating environment hook '/home/yjh/px4_ros_com_ros2/install/px4_ros_com/share/px4_ros_com/hook/pythonscriptspath.ps1'
[98.003s] INFO:colcon.colcon_core.shell:Creating environment descriptor '/home/yjh/px4_ros_com_ros2/install/px4_ros_com/share/px4_ros_com/hook/pythonscriptspath.dsv'
[98.004s] INFO:colcon.colcon_core.shell:Creating environment hook '/home/yjh/px4_ros_com_ros2/install/px4_ros_com/share/px4_ros_com/hook/pythonscriptspath.sh'
[98.008s] INFO:colcon.colcon_core.shell:Creating package script '/home/yjh/px4_ros_com_ros2/install/px4_ros_com/share/px4_ros_com/package.ps1'
[98.012s] INFO:colcon.colcon_core.shell:Creating package descriptor '/home/yjh/px4_ros_com_ros2/install/px4_ros_com/share/px4_ros_com/package.dsv'
[98.018s] INFO:colcon.colcon_core.shell:Creating package script '/home/yjh/px4_ros_com_ros2/install/px4_ros_com/share/px4_ros_com/package.sh'
[98.020s] INFO:colcon.colcon_core.shell:Creating package script '/home/yjh/px4_ros_com_ros2/install/px4_ros_com/share/px4_ros_com/package.bash'
[98.021s] INFO:colcon.colcon_core.shell:Creating package script '/home/yjh/px4_ros_com_ros2/install/px4_ros_com/share/px4_ros_com/package.zsh'
[98.022s] Level 1:colcon.colcon_core.environment:create_file_with_runtime_dependencies(/home/yjh/px4_ros_com_ros2/install/px4_ros_com/share/colcon-core/packages/px4_ros_com)
[98.024s] DEBUG:colcon.colcon_parallel_executor.executor.parallel:closing loop
[98.026s] DEBUG:colcon.colcon_parallel_executor.executor.parallel:loop closed
[98.026s] DEBUG:colcon.colcon_parallel_executor.executor.parallel:run_until_complete finished with '0'
[98.027s] DEBUG:colcon.colcon_core.event_reactor:joining thread
[98.054s] INFO:colcon.colcon_core.plugin_system:Skipping extension 'colcon_notification.desktop_notification.terminal_notifier': Not used on non-Darwin systems
[98.054s] INFO:colcon.colcon_core.plugin_system:Skipping extension 'colcon_notification.desktop_notification.win32': Not used on non-Windows systems
[98.054s] INFO:colcon.colcon_notification.desktop_notification:Sending desktop notification using 'notify2'
[98.132s] DEBUG:colcon.colcon_core.event_reactor:joined thread
[98.135s] INFO:colcon.colcon_core.shell:Creating prefix script '/home/yjh/px4_ros_com_ros2/install/local_setup.ps1'
[98.140s] INFO:colcon.colcon_core.shell:Creating prefix util module '/home/yjh/px4_ros_com_ros2/install/_local_setup_util_ps1.py'
[98.145s] INFO:colcon.colcon_core.shell:Creating prefix chain script '/home/yjh/px4_ros_com_ros2/install/setup.ps1'
[98.152s] INFO:colcon.colcon_core.shell:Creating prefix script '/home/yjh/px4_ros_com_ros2/install/local_setup.sh'
[98.153s] INFO:colcon.colcon_core.shell:Creating prefix util module '/home/yjh/px4_ros_com_ros2/install/_local_setup_util_sh.py'
[98.154s] INFO:colcon.colcon_core.shell:Creating prefix chain script '/home/yjh/px4_ros_com_ros2/install/setup.sh'
[98.160s] INFO:colcon.colcon_core.shell:Creating prefix script '/home/yjh/px4_ros_com_ros2/install/local_setup.bash'
[98.164s] INFO:colcon.colcon_core.shell:Creating prefix chain script '/home/yjh/px4_ros_com_ros2/install/setup.bash'
[98.167s] INFO:colcon.colcon_core.shell:Creating prefix script '/home/yjh/px4_ros_com_ros2/install/local_setup.zsh'
[98.170s] INFO:colcon.colcon_core.shell:Creating prefix chain script '/home/yjh/px4_ros_com_ros2/install/setup.zsh'
