[0.698s] DEBUG:colcon:Command line arguments: ['/usr/bin/colcon', 'build', '--symlink-install', '--event-handlers', 'console_direct+']
[0.698s] DEBUG:colcon:Parsed command line arguments: Namespace(allow_overriding=[], ament_cmake_args=None, base_paths=['.'], build_base='build', catkin_cmake_args=None, catkin_skip_building_tests=False, cmake_args=None, cmake_clean_cache=False, cmake_clean_first=False, cmake_force_configure=False, cmake_target=None, cmake_target_skip_unavailable=False, continue_on_error=False, event_handlers=['console_direct+'], executor='parallel', ignore_user_meta=False, install_base='install', log_base=None, log_level=None, main=<bound method BuildVerb.main of <colcon_core.verb.build.BuildVerb object at 0x7fbe203c5400>>, merge_install=False, metas=['./colcon.meta'], packages_above=None, packages_above_and_dependencies=None, packages_above_depth=None, packages_end=None, packages_ignore=None, packages_ignore_regex=None, packages_select=None, packages_select_build_failed=False, packages_select_by_dep=None, packages_select_regex=None, packages_select_test_failures=False, packages_skip=None, packages_skip_build_finished=False, packages_skip_by_dep=None, packages_skip_regex=None, packages_skip_test_passed=False, packages_skip_up_to=None, packages_start=None, packages_up_to=None, packages_up_to_regex=None, parallel_workers=4, paths=None, symlink_install=True, test_result_base=None, verb_extension=<colcon_core.verb.build.BuildVerb object at 0x7fbe203c5400>, verb_name='build', verb_parser=<colcon_defaults.argument_parser.defaults.DefaultArgumentsDecorator object at 0x7fbe1fbe1070>)
[0.918s] Level 1:colcon.colcon_core.package_discovery:discover_packages(colcon_meta) check parameters
[0.918s] Level 1:colcon.colcon_core.package_discovery:discover_packages(recursive) check parameters
[0.919s] Level 1:colcon.colcon_core.package_discovery:discover_packages(ignore) check parameters
[0.919s] Level 1:colcon.colcon_core.package_discovery:discover_packages(path) check parameters
[0.919s] Level 1:colcon.colcon_core.package_discovery:discover_packages(colcon_meta) discover
[0.919s] Level 1:colcon.colcon_core.package_discovery:discover_packages(recursive) discover
[0.919s] INFO:colcon.colcon_core.package_discovery:Crawling recursively for packages in '/home/yjh/px4_ros_com_ros2'
[0.919s] Level 1:colcon.colcon_core.package_identification:_identify(.) by extensions ['ignore', 'ignore_ament_install']
[0.920s] Level 1:colcon.colcon_core.package_identification:_identify(.) by extension 'ignore'
[0.920s] Level 1:colcon.colcon_core.package_identification:_identify(.) by extension 'ignore_ament_install'
[0.921s] Level 1:colcon.colcon_core.package_identification:_identify(.) by extensions ['colcon_pkg']
[0.921s] Level 1:colcon.colcon_core.package_identification:_identify(.) by extension 'colcon_pkg'
[0.922s] Level 1:colcon.colcon_core.package_identification:_identify(.) by extensions ['colcon_meta']
[0.923s] Level 1:colcon.colcon_core.package_identification:_identify(.) by extension 'colcon_meta'
[0.924s] Level 1:colcon.colcon_core.package_identification:_identify(.) by extensions ['ros']
[0.924s] Level 1:colcon.colcon_core.package_identification:_identify(.) by extension 'ros'
[0.955s] Level 1:colcon.colcon_core.package_identification:_identify(.) by extensions ['cmake', 'python']
[0.955s] Level 1:colcon.colcon_core.package_identification:_identify(.) by extension 'cmake'
[0.955s] Level 1:colcon.colcon_core.package_identification:_identify(.) by extension 'python'
[0.955s] Level 1:colcon.colcon_core.package_identification:_identify(.) by extensions ['python_setup_py']
[0.955s] Level 1:colcon.colcon_core.package_identification:_identify(.) by extension 'python_setup_py'
[0.956s] Level 1:colcon.colcon_core.package_identification:_identify(build) by extensions ['ignore', 'ignore_ament_install']
[0.956s] Level 1:colcon.colcon_core.package_identification:_identify(build) by extension 'ignore'
[0.956s] Level 1:colcon.colcon_core.package_identification:_identify(build) ignored
[0.956s] Level 1:colcon.colcon_core.package_identification:_identify(install) by extensions ['ignore', 'ignore_ament_install']
[0.957s] Level 1:colcon.colcon_core.package_identification:_identify(install) by extension 'ignore'
[0.957s] Level 1:colcon.colcon_core.package_identification:_identify(install) ignored
[0.957s] Level 1:colcon.colcon_core.package_identification:_identify(log) by extensions ['ignore', 'ignore_ament_install']
[0.957s] Level 1:colcon.colcon_core.package_identification:_identify(log) by extension 'ignore'
[0.958s] Level 1:colcon.colcon_core.package_identification:_identify(log) ignored
[0.958s] Level 1:colcon.colcon_core.package_identification:_identify(src) by extensions ['ignore', 'ignore_ament_install']
[0.958s] Level 1:colcon.colcon_core.package_identification:_identify(src) by extension 'ignore'
[0.959s] Level 1:colcon.colcon_core.package_identification:_identify(src) by extension 'ignore_ament_install'
[0.959s] Level 1:colcon.colcon_core.package_identification:_identify(src) by extensions ['colcon_pkg']
[0.959s] Level 1:colcon.colcon_core.package_identification:_identify(src) by extension 'colcon_pkg'
[0.959s] Level 1:colcon.colcon_core.package_identification:_identify(src) by extensions ['colcon_meta']
[0.959s] Level 1:colcon.colcon_core.package_identification:_identify(src) by extension 'colcon_meta'
[0.959s] Level 1:colcon.colcon_core.package_identification:_identify(src) by extensions ['ros']
[0.959s] Level 1:colcon.colcon_core.package_identification:_identify(src) by extension 'ros'
[0.959s] Level 1:colcon.colcon_core.package_identification:_identify(src) by extensions ['cmake', 'python']
[0.959s] Level 1:colcon.colcon_core.package_identification:_identify(src) by extension 'cmake'
[0.959s] Level 1:colcon.colcon_core.package_identification:_identify(src) by extension 'python'
[0.959s] Level 1:colcon.colcon_core.package_identification:_identify(src) by extensions ['python_setup_py']
[0.959s] Level 1:colcon.colcon_core.package_identification:_identify(src) by extension 'python_setup_py'
[0.959s] Level 1:colcon.colcon_core.package_identification:_identify(src/px4_msgs) by extensions ['ignore', 'ignore_ament_install']
[0.960s] Level 1:colcon.colcon_core.package_identification:_identify(src/px4_msgs) by extension 'ignore'
[0.960s] Level 1:colcon.colcon_core.package_identification:_identify(src/px4_msgs) by extension 'ignore_ament_install'
[0.960s] Level 1:colcon.colcon_core.package_identification:_identify(src/px4_msgs) by extensions ['colcon_pkg']
[0.960s] Level 1:colcon.colcon_core.package_identification:_identify(src/px4_msgs) by extension 'colcon_pkg'
[0.960s] Level 1:colcon.colcon_core.package_identification:_identify(src/px4_msgs) by extensions ['colcon_meta']
[0.960s] Level 1:colcon.colcon_core.package_identification:_identify(src/px4_msgs) by extension 'colcon_meta'
[0.960s] Level 1:colcon.colcon_core.package_identification:_identify(src/px4_msgs) by extensions ['ros']
[0.960s] Level 1:colcon.colcon_core.package_identification:_identify(src/px4_msgs) by extension 'ros'
[0.963s] DEBUG:colcon.colcon_core.package_identification:Package 'src/px4_msgs' with type 'ros.ament_cmake' and name 'px4_msgs'
[0.963s] Level 1:colcon.colcon_core.package_identification:_identify(src/px4_ros_com) by extensions ['ignore', 'ignore_ament_install']
[0.964s] Level 1:colcon.colcon_core.package_identification:_identify(src/px4_ros_com) by extension 'ignore'
[0.964s] Level 1:colcon.colcon_core.package_identification:_identify(src/px4_ros_com) by extension 'ignore_ament_install'
[0.964s] Level 1:colcon.colcon_core.package_identification:_identify(src/px4_ros_com) by extensions ['colcon_pkg']
[0.964s] Level 1:colcon.colcon_core.package_identification:_identify(src/px4_ros_com) by extension 'colcon_pkg'
[0.964s] Level 1:colcon.colcon_core.package_identification:_identify(src/px4_ros_com) by extensions ['colcon_meta']
[0.964s] Level 1:colcon.colcon_core.package_identification:_identify(src/px4_ros_com) by extension 'colcon_meta'
[0.964s] Level 1:colcon.colcon_core.package_identification:_identify(src/px4_ros_com) by extensions ['ros']
[0.964s] Level 1:colcon.colcon_core.package_identification:_identify(src/px4_ros_com) by extension 'ros'
[0.968s] DEBUG:colcon.colcon_core.package_identification:Package 'src/px4_ros_com' with type 'ros.ament_cmake' and name 'px4_ros_com'
[0.968s] Level 1:colcon.colcon_core.package_discovery:discover_packages(recursive) using defaults
[0.969s] Level 1:colcon.colcon_core.package_discovery:discover_packages(ignore) discover
[0.969s] Level 1:colcon.colcon_core.package_discovery:discover_packages(ignore) using defaults
[0.969s] Level 1:colcon.colcon_core.package_discovery:discover_packages(path) discover
[0.969s] Level 1:colcon.colcon_core.package_discovery:discover_packages(path) using defaults
[1.001s] Level 1:colcon.colcon_core.package_discovery:discover_packages(prefix_path) check parameters
[1.001s] Level 1:colcon.colcon_core.package_discovery:discover_packages(prefix_path) discover
[1.006s] DEBUG:colcon.colcon_installed_package_information.package_discovery:Found 257 installed packages in /opt/ros/foxy
[1.008s] Level 1:colcon.colcon_core.package_discovery:discover_packages(prefix_path) using defaults
[1.149s] Level 5:colcon.colcon_core.verb:set package 'px4_msgs' build argument 'cmake_args' from command line to 'None'
[1.149s] Level 5:colcon.colcon_core.verb:set package 'px4_msgs' build argument 'cmake_target' from command line to 'None'
[1.149s] Level 5:colcon.colcon_core.verb:set package 'px4_msgs' build argument 'cmake_target_skip_unavailable' from command line to 'False'
[1.149s] Level 5:colcon.colcon_core.verb:set package 'px4_msgs' build argument 'cmake_clean_cache' from command line to 'False'
[1.149s] Level 5:colcon.colcon_core.verb:set package 'px4_msgs' build argument 'cmake_clean_first' from command line to 'False'
[1.149s] Level 5:colcon.colcon_core.verb:set package 'px4_msgs' build argument 'cmake_force_configure' from command line to 'False'
[1.149s] Level 5:colcon.colcon_core.verb:set package 'px4_msgs' build argument 'ament_cmake_args' from command line to 'None'
[1.149s] Level 5:colcon.colcon_core.verb:set package 'px4_msgs' build argument 'catkin_cmake_args' from command line to 'None'
[1.149s] Level 5:colcon.colcon_core.verb:set package 'px4_msgs' build argument 'catkin_skip_building_tests' from command line to 'False'
[1.149s] DEBUG:colcon.colcon_core.verb:Building package 'px4_msgs' with the following arguments: {'ament_cmake_args': None, 'build_base': '/home/yjh/px4_ros_com_ros2/build/px4_msgs', 'catkin_cmake_args': None, 'catkin_skip_building_tests': False, 'cmake_args': None, 'cmake_clean_cache': False, 'cmake_clean_first': False, 'cmake_force_configure': False, 'cmake_target': None, 'cmake_target_skip_unavailable': False, 'install_base': '/home/yjh/px4_ros_com_ros2/install/px4_msgs', 'merge_install': False, 'path': '/home/yjh/px4_ros_com_ros2/src/px4_msgs', 'symlink_install': True, 'test_result_base': None}
[1.150s] Level 5:colcon.colcon_core.verb:set package 'px4_ros_com' build argument 'cmake_args' from command line to 'None'
[1.150s] Level 5:colcon.colcon_core.verb:set package 'px4_ros_com' build argument 'cmake_target' from command line to 'None'
[1.150s] Level 5:colcon.colcon_core.verb:set package 'px4_ros_com' build argument 'cmake_target_skip_unavailable' from command line to 'False'
[1.150s] Level 5:colcon.colcon_core.verb:set package 'px4_ros_com' build argument 'cmake_clean_cache' from command line to 'False'
[1.151s] Level 5:colcon.colcon_core.verb:set package 'px4_ros_com' build argument 'cmake_clean_first' from command line to 'False'
[1.151s] Level 5:colcon.colcon_core.verb:set package 'px4_ros_com' build argument 'cmake_force_configure' from command line to 'False'
[1.151s] Level 5:colcon.colcon_core.verb:set package 'px4_ros_com' build argument 'ament_cmake_args' from command line to 'None'
[1.151s] Level 5:colcon.colcon_core.verb:set package 'px4_ros_com' build argument 'catkin_cmake_args' from command line to 'None'
[1.151s] Level 5:colcon.colcon_core.verb:set package 'px4_ros_com' build argument 'catkin_skip_building_tests' from command line to 'False'
[1.151s] DEBUG:colcon.colcon_core.verb:Building package 'px4_ros_com' with the following arguments: {'ament_cmake_args': None, 'build_base': '/home/yjh/px4_ros_com_ros2/build/px4_ros_com', 'catkin_cmake_args': None, 'catkin_skip_building_tests': False, 'cmake_args': None, 'cmake_clean_cache': False, 'cmake_clean_first': False, 'cmake_force_configure': False, 'cmake_target': None, 'cmake_target_skip_unavailable': False, 'install_base': '/home/yjh/px4_ros_com_ros2/install/px4_ros_com', 'merge_install': False, 'path': '/home/yjh/px4_ros_com_ros2/src/px4_ros_com', 'symlink_install': True, 'test_result_base': None}
[1.151s] INFO:colcon.colcon_core.executor:Executing jobs using 'parallel' executor
[1.156s] DEBUG:colcon.colcon_parallel_executor.executor.parallel:run_until_complete
[1.157s] INFO:colcon.colcon_ros.task.ament_cmake.build:Building ROS package in '/home/yjh/px4_ros_com_ros2/src/px4_msgs' with build type 'ament_cmake'
[1.157s] INFO:colcon.colcon_cmake.task.cmake.build:Building CMake package in '/home/yjh/px4_ros_com_ros2/src/px4_msgs'
[1.171s] INFO:colcon.colcon_core.plugin_system:Skipping extension 'colcon_core.shell.bat': Not used on non-Windows systems
[1.172s] INFO:colcon.colcon_core.shell:Skip shell extension 'powershell' for command environment: Not usable outside of PowerShell
[1.172s] DEBUG:colcon.colcon_core.shell:Skip shell extension 'dsv' for command environment
[1.206s] DEBUG:colcon.colcon_core.event_handler.log_command:Invoking command in '/home/yjh/px4_ros_com_ros2/build/px4_msgs': CMAKE_PREFIX_PATH=/opt/ros/foxy /usr/bin/cmake --build /home/yjh/px4_ros_com_ros2/build/px4_msgs -- -j4 -l4
[8.201s] DEBUG:colcon.colcon_core.event_handler.log_command:Invoked command in '/home/yjh/px4_ros_com_ros2/build/px4_msgs' returned '0': CMAKE_PREFIX_PATH=/opt/ros/foxy /usr/bin/cmake --build /home/yjh/px4_ros_com_ros2/build/px4_msgs -- -j4 -l4
[19.559s] DEBUG:colcon.colcon_core.event_handler.log_command:Invoking command in '/home/yjh/px4_ros_com_ros2/build/px4_msgs': CMAKE_PREFIX_PATH=/opt/ros/foxy /usr/bin/cmake --install /home/yjh/px4_ros_com_ros2/build/px4_msgs
[21.770s] Level 1:colcon.colcon_core.environment:create_environment_scripts_only(px4_msgs)
[21.772s] DEBUG:colcon.colcon_core.event_handler.log_command:Invoked command in '/home/yjh/px4_ros_com_ros2/build/px4_msgs' returned '0': CMAKE_PREFIX_PATH=/opt/ros/foxy /usr/bin/cmake --install /home/yjh/px4_ros_com_ros2/build/px4_msgs
[21.786s] Level 1:colcon.colcon_core.environment:checking '/home/yjh/px4_ros_com_ros2/install/px4_msgs' for CMake module files
[21.787s] Level 1:colcon.colcon_core.environment:checking '/home/yjh/px4_ros_com_ros2/install/px4_msgs' for CMake config files
[21.795s] Level 1:colcon.colcon_core.shell:create_environment_hook('px4_msgs', 'cmake_prefix_path')
[21.796s] INFO:colcon.colcon_core.shell:Creating environment hook '/home/yjh/px4_ros_com_ros2/install/px4_msgs/share/px4_msgs/hook/cmake_prefix_path.ps1'
[21.797s] INFO:colcon.colcon_core.shell:Creating environment descriptor '/home/yjh/px4_ros_com_ros2/install/px4_msgs/share/px4_msgs/hook/cmake_prefix_path.dsv'
[21.798s] INFO:colcon.colcon_core.shell:Creating environment hook '/home/yjh/px4_ros_com_ros2/install/px4_msgs/share/px4_msgs/hook/cmake_prefix_path.sh'
[21.801s] Level 1:colcon.colcon_core.environment:checking '/home/yjh/px4_ros_com_ros2/install/px4_msgs/lib'
[21.802s] Level 1:colcon.colcon_core.shell:create_environment_hook('px4_msgs', 'ld_library_path_lib')
[21.804s] INFO:colcon.colcon_core.shell:Creating environment hook '/home/yjh/px4_ros_com_ros2/install/px4_msgs/share/px4_msgs/hook/ld_library_path_lib.ps1'
[21.804s] INFO:colcon.colcon_core.shell:Creating environment descriptor '/home/yjh/px4_ros_com_ros2/install/px4_msgs/share/px4_msgs/hook/ld_library_path_lib.dsv'
[21.805s] INFO:colcon.colcon_core.shell:Creating environment hook '/home/yjh/px4_ros_com_ros2/install/px4_msgs/share/px4_msgs/hook/ld_library_path_lib.sh'
[21.807s] Level 1:colcon.colcon_core.environment:checking '/home/yjh/px4_ros_com_ros2/install/px4_msgs/bin'
[21.808s] Level 1:colcon.colcon_core.environment:checking '/home/yjh/px4_ros_com_ros2/install/px4_msgs/lib/pkgconfig/px4_msgs.pc'
[21.810s] Level 1:colcon.colcon_core.environment:checking '/home/yjh/px4_ros_com_ros2/install/px4_msgs/lib/python3.8/site-packages'
[21.810s] Level 1:colcon.colcon_core.shell:create_environment_hook('px4_msgs', 'pythonpath')
[21.811s] INFO:colcon.colcon_core.shell:Creating environment hook '/home/yjh/px4_ros_com_ros2/install/px4_msgs/share/px4_msgs/hook/pythonpath.ps1'
[21.812s] INFO:colcon.colcon_core.shell:Creating environment descriptor '/home/yjh/px4_ros_com_ros2/install/px4_msgs/share/px4_msgs/hook/pythonpath.dsv'
[21.813s] INFO:colcon.colcon_core.shell:Creating environment hook '/home/yjh/px4_ros_com_ros2/install/px4_msgs/share/px4_msgs/hook/pythonpath.sh'
[21.814s] Level 1:colcon.colcon_core.environment:checking '/home/yjh/px4_ros_com_ros2/install/px4_msgs/bin'
[21.815s] INFO:colcon.colcon_core.shell:Creating package script '/home/yjh/px4_ros_com_ros2/install/px4_msgs/share/px4_msgs/package.ps1'
[21.817s] INFO:colcon.colcon_core.shell:Creating package descriptor '/home/yjh/px4_ros_com_ros2/install/px4_msgs/share/px4_msgs/package.dsv'
[21.819s] INFO:colcon.colcon_core.shell:Creating package script '/home/yjh/px4_ros_com_ros2/install/px4_msgs/share/px4_msgs/package.sh'
[21.821s] INFO:colcon.colcon_core.shell:Creating package script '/home/yjh/px4_ros_com_ros2/install/px4_msgs/share/px4_msgs/package.bash'
[21.825s] INFO:colcon.colcon_core.shell:Creating package script '/home/yjh/px4_ros_com_ros2/install/px4_msgs/share/px4_msgs/package.zsh'
[21.827s] Level 1:colcon.colcon_core.environment:create_file_with_runtime_dependencies(/home/yjh/px4_ros_com_ros2/install/px4_msgs/share/colcon-core/packages/px4_msgs)
[33.057s] Level 1:colcon.colcon_core.environment:create_environment_scripts_only(px4_msgs)
[33.059s] Level 1:colcon.colcon_core.environment:checking '/home/yjh/px4_ros_com_ros2/install/px4_msgs' for CMake module files
[33.060s] Level 1:colcon.colcon_core.environment:checking '/home/yjh/px4_ros_com_ros2/install/px4_msgs' for CMake config files
[33.066s] Level 1:colcon.colcon_core.shell:create_environment_hook('px4_msgs', 'cmake_prefix_path')
[33.068s] INFO:colcon.colcon_core.shell:Creating environment hook '/home/yjh/px4_ros_com_ros2/install/px4_msgs/share/px4_msgs/hook/cmake_prefix_path.ps1'
[33.070s] INFO:colcon.colcon_core.shell:Creating environment descriptor '/home/yjh/px4_ros_com_ros2/install/px4_msgs/share/px4_msgs/hook/cmake_prefix_path.dsv'
[33.073s] INFO:colcon.colcon_core.shell:Creating environment hook '/home/yjh/px4_ros_com_ros2/install/px4_msgs/share/px4_msgs/hook/cmake_prefix_path.sh'
[33.074s] Level 1:colcon.colcon_core.environment:checking '/home/yjh/px4_ros_com_ros2/install/px4_msgs/lib'
[33.074s] Level 1:colcon.colcon_core.shell:create_environment_hook('px4_msgs', 'ld_library_path_lib')
[33.075s] INFO:colcon.colcon_core.shell:Creating environment hook '/home/yjh/px4_ros_com_ros2/install/px4_msgs/share/px4_msgs/hook/ld_library_path_lib.ps1'
[33.076s] INFO:colcon.colcon_core.shell:Creating environment descriptor '/home/yjh/px4_ros_com_ros2/install/px4_msgs/share/px4_msgs/hook/ld_library_path_lib.dsv'
[33.077s] INFO:colcon.colcon_core.shell:Creating environment hook '/home/yjh/px4_ros_com_ros2/install/px4_msgs/share/px4_msgs/hook/ld_library_path_lib.sh'
[33.078s] Level 1:colcon.colcon_core.environment:checking '/home/yjh/px4_ros_com_ros2/install/px4_msgs/bin'
[33.078s] Level 1:colcon.colcon_core.environment:checking '/home/yjh/px4_ros_com_ros2/install/px4_msgs/lib/pkgconfig/px4_msgs.pc'
[33.078s] Level 1:colcon.colcon_core.environment:checking '/home/yjh/px4_ros_com_ros2/install/px4_msgs/lib/python3.8/site-packages'
[33.078s] Level 1:colcon.colcon_core.shell:create_environment_hook('px4_msgs', 'pythonpath')
[33.079s] INFO:colcon.colcon_core.shell:Creating environment hook '/home/yjh/px4_ros_com_ros2/install/px4_msgs/share/px4_msgs/hook/pythonpath.ps1'
[33.080s] INFO:colcon.colcon_core.shell:Creating environment descriptor '/home/yjh/px4_ros_com_ros2/install/px4_msgs/share/px4_msgs/hook/pythonpath.dsv'
[33.081s] INFO:colcon.colcon_core.shell:Creating environment hook '/home/yjh/px4_ros_com_ros2/install/px4_msgs/share/px4_msgs/hook/pythonpath.sh'
[33.084s] Level 1:colcon.colcon_core.environment:checking '/home/yjh/px4_ros_com_ros2/install/px4_msgs/bin'
[33.085s] INFO:colcon.colcon_core.shell:Creating package script '/home/yjh/px4_ros_com_ros2/install/px4_msgs/share/px4_msgs/package.ps1'
[33.089s] INFO:colcon.colcon_core.shell:Creating package descriptor '/home/yjh/px4_ros_com_ros2/install/px4_msgs/share/px4_msgs/package.dsv'
[33.091s] INFO:colcon.colcon_core.shell:Creating package script '/home/yjh/px4_ros_com_ros2/install/px4_msgs/share/px4_msgs/package.sh'
[33.092s] INFO:colcon.colcon_core.shell:Creating package script '/home/yjh/px4_ros_com_ros2/install/px4_msgs/share/px4_msgs/package.bash'
[33.092s] INFO:colcon.colcon_core.shell:Creating package script '/home/yjh/px4_ros_com_ros2/install/px4_msgs/share/px4_msgs/package.zsh'
[33.093s] Level 1:colcon.colcon_core.environment:create_file_with_runtime_dependencies(/home/yjh/px4_ros_com_ros2/install/px4_msgs/share/colcon-core/packages/px4_msgs)
[33.094s] INFO:colcon.colcon_ros.task.ament_cmake.build:Building ROS package in '/home/yjh/px4_ros_com_ros2/src/px4_ros_com' with build type 'ament_cmake'
[33.096s] INFO:colcon.colcon_cmake.task.cmake.build:Building CMake package in '/home/yjh/px4_ros_com_ros2/src/px4_ros_com'
[33.098s] INFO:colcon.colcon_core.shell:Skip shell extension 'powershell' for command environment: Not usable outside of PowerShell
[33.098s] DEBUG:colcon.colcon_core.shell:Skip shell extension 'dsv' for command environment
[33.133s] DEBUG:colcon.colcon_core.event_handler.log_command:Invoking command in '/home/yjh/px4_ros_com_ros2/build/px4_ros_com': AMENT_PREFIX_PATH=/home/yjh/px4_ros_com_ros2/install/px4_msgs:${AMENT_PREFIX_PATH} CMAKE_PREFIX_PATH=/home/yjh/px4_ros_com_ros2/install/px4_msgs:/opt/ros/foxy LD_LIBRARY_PATH=/home/yjh/px4_ros_com_ros2/install/px4_msgs/lib:${LD_LIBRARY_PATH} PYTHONPATH=/home/yjh/px4_ros_com_ros2/install/px4_msgs/lib/python3.8/site-packages:${PYTHONPATH} /usr/bin/cmake --build /home/yjh/px4_ros_com_ros2/build/px4_ros_com -- -j4 -l4
[70.020s] DEBUG:colcon.colcon_core.event_handler.log_command:Invoked command in '/home/yjh/px4_ros_com_ros2/build/px4_ros_com' returned '0': AMENT_PREFIX_PATH=/home/yjh/px4_ros_com_ros2/install/px4_msgs:${AMENT_PREFIX_PATH} CMAKE_PREFIX_PATH=/home/yjh/px4_ros_com_ros2/install/px4_msgs:/opt/ros/foxy LD_LIBRARY_PATH=/home/yjh/px4_ros_com_ros2/install/px4_msgs/lib:${LD_LIBRARY_PATH} PYTHONPATH=/home/yjh/px4_ros_com_ros2/install/px4_msgs/lib/python3.8/site-packages:${PYTHONPATH} /usr/bin/cmake --build /home/yjh/px4_ros_com_ros2/build/px4_ros_com -- -j4 -l4
[70.468s] DEBUG:colcon.colcon_core.event_handler.log_command:Invoking command in '/home/yjh/px4_ros_com_ros2/build/px4_ros_com': AMENT_PREFIX_PATH=/home/yjh/px4_ros_com_ros2/install/px4_msgs:${AMENT_PREFIX_PATH} CMAKE_PREFIX_PATH=/home/yjh/px4_ros_com_ros2/install/px4_msgs:/opt/ros/foxy LD_LIBRARY_PATH=/home/yjh/px4_ros_com_ros2/install/px4_msgs/lib:${LD_LIBRARY_PATH} PYTHONPATH=/home/yjh/px4_ros_com_ros2/install/px4_msgs/lib/python3.8/site-packages:${PYTHONPATH} /usr/bin/cmake --install /home/yjh/px4_ros_com_ros2/build/px4_ros_com
[70.565s] Level 1:colcon.colcon_core.environment:create_environment_scripts_only(px4_ros_com)
[70.567s] Level 1:colcon.colcon_core.environment:checking '/home/yjh/px4_ros_com_ros2/install/px4_ros_com' for CMake module files
[70.568s] DEBUG:colcon.colcon_core.event_handler.log_command:Invoked command in '/home/yjh/px4_ros_com_ros2/build/px4_ros_com' returned '0': AMENT_PREFIX_PATH=/home/yjh/px4_ros_com_ros2/install/px4_msgs:${AMENT_PREFIX_PATH} CMAKE_PREFIX_PATH=/home/yjh/px4_ros_com_ros2/install/px4_msgs:/opt/ros/foxy LD_LIBRARY_PATH=/home/yjh/px4_ros_com_ros2/install/px4_msgs/lib:${LD_LIBRARY_PATH} PYTHONPATH=/home/yjh/px4_ros_com_ros2/install/px4_msgs/lib/python3.8/site-packages:${PYTHONPATH} /usr/bin/cmake --install /home/yjh/px4_ros_com_ros2/build/px4_ros_com
[70.569s] Level 1:colcon.colcon_core.environment:checking '/home/yjh/px4_ros_com_ros2/install/px4_ros_com' for CMake config files
[70.570s] Level 1:colcon.colcon_core.shell:create_environment_hook('px4_ros_com', 'cmake_prefix_path')
[70.576s] INFO:colcon.colcon_core.shell:Creating environment hook '/home/yjh/px4_ros_com_ros2/install/px4_ros_com/share/px4_ros_com/hook/cmake_prefix_path.ps1'
[70.578s] INFO:colcon.colcon_core.shell:Creating environment descriptor '/home/yjh/px4_ros_com_ros2/install/px4_ros_com/share/px4_ros_com/hook/cmake_prefix_path.dsv'
[70.580s] INFO:colcon.colcon_core.shell:Creating environment hook '/home/yjh/px4_ros_com_ros2/install/px4_ros_com/share/px4_ros_com/hook/cmake_prefix_path.sh'
[70.582s] Level 1:colcon.colcon_core.environment:checking '/home/yjh/px4_ros_com_ros2/install/px4_ros_com/lib'
[70.582s] Level 1:colcon.colcon_core.shell:create_environment_hook('px4_ros_com', 'ld_library_path_lib')
[70.583s] INFO:colcon.colcon_core.shell:Creating environment hook '/home/yjh/px4_ros_com_ros2/install/px4_ros_com/share/px4_ros_com/hook/ld_library_path_lib.ps1'
[70.583s] INFO:colcon.colcon_core.shell:Creating environment descriptor '/home/yjh/px4_ros_com_ros2/install/px4_ros_com/share/px4_ros_com/hook/ld_library_path_lib.dsv'
[70.584s] INFO:colcon.colcon_core.shell:Creating environment hook '/home/yjh/px4_ros_com_ros2/install/px4_ros_com/share/px4_ros_com/hook/ld_library_path_lib.sh'
[70.584s] Level 1:colcon.colcon_core.environment:checking '/home/yjh/px4_ros_com_ros2/install/px4_ros_com/bin'
[70.584s] Level 1:colcon.colcon_core.shell:create_environment_hook('px4_ros_com', 'path')
[70.585s] INFO:colcon.colcon_core.shell:Creating environment hook '/home/yjh/px4_ros_com_ros2/install/px4_ros_com/share/px4_ros_com/hook/path.ps1'
[70.588s] INFO:colcon.colcon_core.shell:Creating environment descriptor '/home/yjh/px4_ros_com_ros2/install/px4_ros_com/share/px4_ros_com/hook/path.dsv'
[70.591s] INFO:colcon.colcon_core.shell:Creating environment hook '/home/yjh/px4_ros_com_ros2/install/px4_ros_com/share/px4_ros_com/hook/path.sh'
[70.592s] Level 1:colcon.colcon_core.environment:checking '/home/yjh/px4_ros_com_ros2/install/px4_ros_com/lib/pkgconfig/px4_ros_com.pc'
[70.594s] Level 1:colcon.colcon_core.environment:checking '/home/yjh/px4_ros_com_ros2/install/px4_ros_com/lib/python3.8/site-packages'
[70.594s] Level 1:colcon.colcon_core.environment:checking '/home/yjh/px4_ros_com_ros2/install/px4_ros_com/bin'
[70.595s] Level 1:colcon.colcon_core.shell:create_environment_hook('px4_ros_com', 'pythonscriptspath')
[70.597s] INFO:colcon.colcon_core.shell:Creating environment hook '/home/yjh/px4_ros_com_ros2/install/px4_ros_com/share/px4_ros_com/hook/pythonscriptspath.ps1'
[70.598s] INFO:colcon.colcon_core.shell:Creating environment descriptor '/home/yjh/px4_ros_com_ros2/install/px4_ros_com/share/px4_ros_com/hook/pythonscriptspath.dsv'
[70.598s] INFO:colcon.colcon_core.shell:Creating environment hook '/home/yjh/px4_ros_com_ros2/install/px4_ros_com/share/px4_ros_com/hook/pythonscriptspath.sh'
[70.600s] INFO:colcon.colcon_core.shell:Creating package script '/home/yjh/px4_ros_com_ros2/install/px4_ros_com/share/px4_ros_com/package.ps1'
[70.600s] INFO:colcon.colcon_core.shell:Creating package descriptor '/home/yjh/px4_ros_com_ros2/install/px4_ros_com/share/px4_ros_com/package.dsv'
[70.602s] INFO:colcon.colcon_core.shell:Creating package script '/home/yjh/px4_ros_com_ros2/install/px4_ros_com/share/px4_ros_com/package.sh'
[70.608s] INFO:colcon.colcon_core.shell:Creating package script '/home/yjh/px4_ros_com_ros2/install/px4_ros_com/share/px4_ros_com/package.bash'
[70.610s] INFO:colcon.colcon_core.shell:Creating package script '/home/yjh/px4_ros_com_ros2/install/px4_ros_com/share/px4_ros_com/package.zsh'
[70.613s] Level 1:colcon.colcon_core.environment:create_file_with_runtime_dependencies(/home/yjh/px4_ros_com_ros2/install/px4_ros_com/share/colcon-core/packages/px4_ros_com)
[71.076s] Level 1:colcon.colcon_core.environment:create_environment_scripts_only(px4_ros_com)
[71.078s] Level 1:colcon.colcon_core.environment:checking '/home/yjh/px4_ros_com_ros2/install/px4_ros_com' for CMake module files
[71.079s] Level 1:colcon.colcon_core.environment:checking '/home/yjh/px4_ros_com_ros2/install/px4_ros_com' for CMake config files
[71.079s] Level 1:colcon.colcon_core.shell:create_environment_hook('px4_ros_com', 'cmake_prefix_path')
[71.080s] INFO:colcon.colcon_core.shell:Creating environment hook '/home/yjh/px4_ros_com_ros2/install/px4_ros_com/share/px4_ros_com/hook/cmake_prefix_path.ps1'
[71.081s] INFO:colcon.colcon_core.shell:Creating environment descriptor '/home/yjh/px4_ros_com_ros2/install/px4_ros_com/share/px4_ros_com/hook/cmake_prefix_path.dsv'
[71.082s] INFO:colcon.colcon_core.shell:Creating environment hook '/home/yjh/px4_ros_com_ros2/install/px4_ros_com/share/px4_ros_com/hook/cmake_prefix_path.sh'
[71.084s] Level 1:colcon.colcon_core.environment:checking '/home/yjh/px4_ros_com_ros2/install/px4_ros_com/lib'
[71.085s] Level 1:colcon.colcon_core.shell:create_environment_hook('px4_ros_com', 'ld_library_path_lib')
[71.087s] INFO:colcon.colcon_core.shell:Creating environment hook '/home/yjh/px4_ros_com_ros2/install/px4_ros_com/share/px4_ros_com/hook/ld_library_path_lib.ps1'
[71.087s] INFO:colcon.colcon_core.shell:Creating environment descriptor '/home/yjh/px4_ros_com_ros2/install/px4_ros_com/share/px4_ros_com/hook/ld_library_path_lib.dsv'
[71.088s] INFO:colcon.colcon_core.shell:Creating environment hook '/home/yjh/px4_ros_com_ros2/install/px4_ros_com/share/px4_ros_com/hook/ld_library_path_lib.sh'
[71.089s] Level 1:colcon.colcon_core.environment:checking '/home/yjh/px4_ros_com_ros2/install/px4_ros_com/bin'
[71.089s] Level 1:colcon.colcon_core.shell:create_environment_hook('px4_ros_com', 'path')
[71.090s] INFO:colcon.colcon_core.shell:Creating environment hook '/home/yjh/px4_ros_com_ros2/install/px4_ros_com/share/px4_ros_com/hook/path.ps1'
[71.091s] INFO:colcon.colcon_core.shell:Creating environment descriptor '/home/yjh/px4_ros_com_ros2/install/px4_ros_com/share/px4_ros_com/hook/path.dsv'
[71.091s] INFO:colcon.colcon_core.shell:Creating environment hook '/home/yjh/px4_ros_com_ros2/install/px4_ros_com/share/px4_ros_com/hook/path.sh'
[71.092s] Level 1:colcon.colcon_core.environment:checking '/home/yjh/px4_ros_com_ros2/install/px4_ros_com/lib/pkgconfig/px4_ros_com.pc'
[71.092s] Level 1:colcon.colcon_core.environment:checking '/home/yjh/px4_ros_com_ros2/install/px4_ros_com/lib/python3.8/site-packages'
[71.092s] Level 1:colcon.colcon_core.environment:checking '/home/yjh/px4_ros_com_ros2/install/px4_ros_com/bin'
[71.092s] Level 1:colcon.colcon_core.shell:create_environment_hook('px4_ros_com', 'pythonscriptspath')
[71.093s] INFO:colcon.colcon_core.shell:Creating environment hook '/home/yjh/px4_ros_com_ros2/install/px4_ros_com/share/px4_ros_com/hook/pythonscriptspath.ps1'
[71.094s] INFO:colcon.colcon_core.shell:Creating environment descriptor '/home/yjh/px4_ros_com_ros2/install/px4_ros_com/share/px4_ros_com/hook/pythonscriptspath.dsv'
[71.094s] INFO:colcon.colcon_core.shell:Creating environment hook '/home/yjh/px4_ros_com_ros2/install/px4_ros_com/share/px4_ros_com/hook/pythonscriptspath.sh'
[71.095s] INFO:colcon.colcon_core.shell:Creating package script '/home/yjh/px4_ros_com_ros2/install/px4_ros_com/share/px4_ros_com/package.ps1'
[71.096s] INFO:colcon.colcon_core.shell:Creating package descriptor '/home/yjh/px4_ros_com_ros2/install/px4_ros_com/share/px4_ros_com/package.dsv'
[71.097s] INFO:colcon.colcon_core.shell:Creating package script '/home/yjh/px4_ros_com_ros2/install/px4_ros_com/share/px4_ros_com/package.sh'
[71.098s] INFO:colcon.colcon_core.shell:Creating package script '/home/yjh/px4_ros_com_ros2/install/px4_ros_com/share/px4_ros_com/package.bash'
[71.101s] INFO:colcon.colcon_core.shell:Creating package script '/home/yjh/px4_ros_com_ros2/install/px4_ros_com/share/px4_ros_com/package.zsh'
[71.103s] Level 1:colcon.colcon_core.environment:create_file_with_runtime_dependencies(/home/yjh/px4_ros_com_ros2/install/px4_ros_com/share/colcon-core/packages/px4_ros_com)
[71.104s] DEBUG:colcon.colcon_parallel_executor.executor.parallel:closing loop
[71.104s] DEBUG:colcon.colcon_parallel_executor.executor.parallel:loop closed
[71.104s] DEBUG:colcon.colcon_parallel_executor.executor.parallel:run_until_complete finished with '0'
[71.105s] DEBUG:colcon.colcon_core.event_reactor:joining thread
[71.113s] INFO:colcon.colcon_core.plugin_system:Skipping extension 'colcon_notification.desktop_notification.terminal_notifier': Not used on non-Darwin systems
[71.114s] INFO:colcon.colcon_core.plugin_system:Skipping extension 'colcon_notification.desktop_notification.win32': Not used on non-Windows systems
[71.114s] INFO:colcon.colcon_notification.desktop_notification:Sending desktop notification using 'notify2'
[71.143s] DEBUG:colcon.colcon_core.event_reactor:joined thread
[71.145s] INFO:colcon.colcon_core.shell:Creating prefix script '/home/yjh/px4_ros_com_ros2/install/local_setup.ps1'
[71.147s] INFO:colcon.colcon_core.shell:Creating prefix util module '/home/yjh/px4_ros_com_ros2/install/_local_setup_util_ps1.py'
[71.151s] INFO:colcon.colcon_core.shell:Creating prefix chain script '/home/yjh/px4_ros_com_ros2/install/setup.ps1'
[71.153s] INFO:colcon.colcon_core.shell:Creating prefix script '/home/yjh/px4_ros_com_ros2/install/local_setup.sh'
[71.154s] INFO:colcon.colcon_core.shell:Creating prefix util module '/home/yjh/px4_ros_com_ros2/install/_local_setup_util_sh.py'
[71.155s] INFO:colcon.colcon_core.shell:Creating prefix chain script '/home/yjh/px4_ros_com_ros2/install/setup.sh'
[71.156s] INFO:colcon.colcon_core.shell:Creating prefix script '/home/yjh/px4_ros_com_ros2/install/local_setup.bash'
[71.158s] INFO:colcon.colcon_core.shell:Creating prefix chain script '/home/yjh/px4_ros_com_ros2/install/setup.bash'
[71.159s] INFO:colcon.colcon_core.shell:Creating prefix script '/home/yjh/px4_ros_com_ros2/install/local_setup.zsh'
[71.160s] INFO:colcon.colcon_core.shell:Creating prefix chain script '/home/yjh/px4_ros_com_ros2/install/setup.zsh'
