[0.298s] DEBUG:colcon:Command line arguments: ['/usr/bin/colcon', 'build', '--symlink-install', '--event-handlers', 'console_direct+']
[0.298s] DEBUG:colcon:Parsed command line arguments: Namespace(allow_overriding=[], ament_cmake_args=None, base_paths=['.'], build_base='build', catkin_cmake_args=None, catkin_skip_building_tests=False, cmake_args=None, cmake_clean_cache=False, cmake_clean_first=False, cmake_force_configure=False, cmake_target=None, cmake_target_skip_unavailable=False, continue_on_error=False, event_handlers=['console_direct+'], executor='parallel', ignore_user_meta=False, install_base='install', log_base=None, log_level=None, main=<bound method BuildVerb.main of <colcon_core.verb.build.BuildVerb object at 0x7f8123391610>>, merge_install=False, metas=['./colcon.meta'], packages_above=None, packages_above_and_dependencies=None, packages_above_depth=None, packages_end=None, packages_ignore=None, packages_ignore_regex=None, packages_select=None, packages_select_build_failed=False, packages_select_by_dep=None, packages_select_regex=None, packages_select_test_failures=False, packages_skip=None, packages_skip_build_finished=False, packages_skip_by_dep=None, packages_skip_regex=None, packages_skip_test_passed=False, packages_skip_up_to=None, packages_start=None, packages_up_to=None, packages_up_to_regex=None, parallel_workers=4, paths=None, symlink_install=True, test_result_base=None, verb_extension=<colcon_core.verb.build.BuildVerb object at 0x7f8123391610>, verb_name='build', verb_parser=<colcon_defaults.argument_parser.defaults.DefaultArgumentsDecorator object at 0x7f812324cf10>)
[0.372s] Level 1:colcon.colcon_core.package_discovery:discover_packages(colcon_meta) check parameters
[0.372s] Level 1:colcon.colcon_core.package_discovery:discover_packages(recursive) check parameters
[0.372s] Level 1:colcon.colcon_core.package_discovery:discover_packages(ignore) check parameters
[0.372s] Level 1:colcon.colcon_core.package_discovery:discover_packages(path) check parameters
[0.372s] Level 1:colcon.colcon_core.package_discovery:discover_packages(colcon_meta) discover
[0.372s] Level 1:colcon.colcon_core.package_discovery:discover_packages(recursive) discover
[0.372s] INFO:colcon.colcon_core.package_discovery:Crawling recursively for packages in '/home/yjh/px4_ros_com_ros2'
[0.372s] Level 1:colcon.colcon_core.package_identification:_identify(.) by extensions ['ignore', 'ignore_ament_install']
[0.372s] Level 1:colcon.colcon_core.package_identification:_identify(.) by extension 'ignore'
[0.372s] Level 1:colcon.colcon_core.package_identification:_identify(.) by extension 'ignore_ament_install'
[0.372s] Level 1:colcon.colcon_core.package_identification:_identify(.) by extensions ['colcon_pkg']
[0.372s] Level 1:colcon.colcon_core.package_identification:_identify(.) by extension 'colcon_pkg'
[0.372s] Level 1:colcon.colcon_core.package_identification:_identify(.) by extensions ['colcon_meta']
[0.372s] Level 1:colcon.colcon_core.package_identification:_identify(.) by extension 'colcon_meta'
[0.372s] Level 1:colcon.colcon_core.package_identification:_identify(.) by extensions ['ros']
[0.373s] Level 1:colcon.colcon_core.package_identification:_identify(.) by extension 'ros'
[0.391s] Level 1:colcon.colcon_core.package_identification:_identify(.) by extensions ['cmake', 'python']
[0.391s] Level 1:colcon.colcon_core.package_identification:_identify(.) by extension 'cmake'
[0.391s] Level 1:colcon.colcon_core.package_identification:_identify(.) by extension 'python'
[0.391s] Level 1:colcon.colcon_core.package_identification:_identify(.) by extensions ['python_setup_py']
[0.391s] Level 1:colcon.colcon_core.package_identification:_identify(.) by extension 'python_setup_py'
[0.391s] Level 1:colcon.colcon_core.package_identification:_identify(build) by extensions ['ignore', 'ignore_ament_install']
[0.392s] Level 1:colcon.colcon_core.package_identification:_identify(build) by extension 'ignore'
[0.392s] Level 1:colcon.colcon_core.package_identification:_identify(build) ignored
[0.392s] Level 1:colcon.colcon_core.package_identification:_identify(install) by extensions ['ignore', 'ignore_ament_install']
[0.392s] Level 1:colcon.colcon_core.package_identification:_identify(install) by extension 'ignore'
[0.392s] Level 1:colcon.colcon_core.package_identification:_identify(install) ignored
[0.392s] Level 1:colcon.colcon_core.package_identification:_identify(log) by extensions ['ignore', 'ignore_ament_install']
[0.392s] Level 1:colcon.colcon_core.package_identification:_identify(log) by extension 'ignore'
[0.392s] Level 1:colcon.colcon_core.package_identification:_identify(log) ignored
[0.392s] Level 1:colcon.colcon_core.package_identification:_identify(src) by extensions ['ignore', 'ignore_ament_install']
[0.392s] Level 1:colcon.colcon_core.package_identification:_identify(src) by extension 'ignore'
[0.392s] Level 1:colcon.colcon_core.package_identification:_identify(src) by extension 'ignore_ament_install'
[0.393s] Level 1:colcon.colcon_core.package_identification:_identify(src) by extensions ['colcon_pkg']
[0.393s] Level 1:colcon.colcon_core.package_identification:_identify(src) by extension 'colcon_pkg'
[0.393s] Level 1:colcon.colcon_core.package_identification:_identify(src) by extensions ['colcon_meta']
[0.393s] Level 1:colcon.colcon_core.package_identification:_identify(src) by extension 'colcon_meta'
[0.393s] Level 1:colcon.colcon_core.package_identification:_identify(src) by extensions ['ros']
[0.393s] Level 1:colcon.colcon_core.package_identification:_identify(src) by extension 'ros'
[0.393s] Level 1:colcon.colcon_core.package_identification:_identify(src) by extensions ['cmake', 'python']
[0.393s] Level 1:colcon.colcon_core.package_identification:_identify(src) by extension 'cmake'
[0.393s] Level 1:colcon.colcon_core.package_identification:_identify(src) by extension 'python'
[0.393s] Level 1:colcon.colcon_core.package_identification:_identify(src) by extensions ['python_setup_py']
[0.393s] Level 1:colcon.colcon_core.package_identification:_identify(src) by extension 'python_setup_py'
[0.393s] Level 1:colcon.colcon_core.package_identification:_identify(src/px4_msgs) by extensions ['ignore', 'ignore_ament_install']
[0.393s] Level 1:colcon.colcon_core.package_identification:_identify(src/px4_msgs) by extension 'ignore'
[0.393s] Level 1:colcon.colcon_core.package_identification:_identify(src/px4_msgs) by extension 'ignore_ament_install'
[0.393s] Level 1:colcon.colcon_core.package_identification:_identify(src/px4_msgs) by extensions ['colcon_pkg']
[0.393s] Level 1:colcon.colcon_core.package_identification:_identify(src/px4_msgs) by extension 'colcon_pkg'
[0.393s] Level 1:colcon.colcon_core.package_identification:_identify(src/px4_msgs) by extensions ['colcon_meta']
[0.393s] Level 1:colcon.colcon_core.package_identification:_identify(src/px4_msgs) by extension 'colcon_meta'
[0.393s] Level 1:colcon.colcon_core.package_identification:_identify(src/px4_msgs) by extensions ['ros']
[0.393s] Level 1:colcon.colcon_core.package_identification:_identify(src/px4_msgs) by extension 'ros'
[0.397s] DEBUG:colcon.colcon_core.package_identification:Package 'src/px4_msgs' with type 'ros.ament_cmake' and name 'px4_msgs'
[0.397s] Level 1:colcon.colcon_core.package_identification:_identify(src/px4_ros_com) by extensions ['ignore', 'ignore_ament_install']
[0.398s] Level 1:colcon.colcon_core.package_identification:_identify(src/px4_ros_com) by extension 'ignore'
[0.398s] Level 1:colcon.colcon_core.package_identification:_identify(src/px4_ros_com) by extension 'ignore_ament_install'
[0.398s] Level 1:colcon.colcon_core.package_identification:_identify(src/px4_ros_com) by extensions ['colcon_pkg']
[0.398s] Level 1:colcon.colcon_core.package_identification:_identify(src/px4_ros_com) by extension 'colcon_pkg'
[0.398s] Level 1:colcon.colcon_core.package_identification:_identify(src/px4_ros_com) by extensions ['colcon_meta']
[0.398s] Level 1:colcon.colcon_core.package_identification:_identify(src/px4_ros_com) by extension 'colcon_meta'
[0.398s] Level 1:colcon.colcon_core.package_identification:_identify(src/px4_ros_com) by extensions ['ros']
[0.398s] Level 1:colcon.colcon_core.package_identification:_identify(src/px4_ros_com) by extension 'ros'
[0.400s] DEBUG:colcon.colcon_core.package_identification:Package 'src/px4_ros_com' with type 'ros.ament_cmake' and name 'px4_ros_com'
[0.400s] Level 1:colcon.colcon_core.package_discovery:discover_packages(recursive) using defaults
[0.401s] Level 1:colcon.colcon_core.package_discovery:discover_packages(ignore) discover
[0.401s] Level 1:colcon.colcon_core.package_discovery:discover_packages(ignore) using defaults
[0.401s] Level 1:colcon.colcon_core.package_discovery:discover_packages(path) discover
[0.401s] Level 1:colcon.colcon_core.package_discovery:discover_packages(path) using defaults
[0.424s] Level 1:colcon.colcon_core.package_discovery:discover_packages(prefix_path) check parameters
[0.424s] Level 1:colcon.colcon_core.package_discovery:discover_packages(prefix_path) discover
[0.427s] DEBUG:colcon.colcon_installed_package_information.package_discovery:Found 257 installed packages in /opt/ros/foxy
[0.429s] Level 1:colcon.colcon_core.package_discovery:discover_packages(prefix_path) using defaults
[0.509s] Level 5:colcon.colcon_core.verb:set package 'px4_msgs' build argument 'cmake_args' from command line to 'None'
[0.509s] Level 5:colcon.colcon_core.verb:set package 'px4_msgs' build argument 'cmake_target' from command line to 'None'
[0.509s] Level 5:colcon.colcon_core.verb:set package 'px4_msgs' build argument 'cmake_target_skip_unavailable' from command line to 'False'
[0.509s] Level 5:colcon.colcon_core.verb:set package 'px4_msgs' build argument 'cmake_clean_cache' from command line to 'False'
[0.509s] Level 5:colcon.colcon_core.verb:set package 'px4_msgs' build argument 'cmake_clean_first' from command line to 'False'
[0.509s] Level 5:colcon.colcon_core.verb:set package 'px4_msgs' build argument 'cmake_force_configure' from command line to 'False'
[0.509s] Level 5:colcon.colcon_core.verb:set package 'px4_msgs' build argument 'ament_cmake_args' from command line to 'None'
[0.509s] Level 5:colcon.colcon_core.verb:set package 'px4_msgs' build argument 'catkin_cmake_args' from command line to 'None'
[0.509s] Level 5:colcon.colcon_core.verb:set package 'px4_msgs' build argument 'catkin_skip_building_tests' from command line to 'False'
[0.509s] DEBUG:colcon.colcon_core.verb:Building package 'px4_msgs' with the following arguments: {'ament_cmake_args': None, 'build_base': '/home/yjh/px4_ros_com_ros2/build/px4_msgs', 'catkin_cmake_args': None, 'catkin_skip_building_tests': False, 'cmake_args': None, 'cmake_clean_cache': False, 'cmake_clean_first': False, 'cmake_force_configure': False, 'cmake_target': None, 'cmake_target_skip_unavailable': False, 'install_base': '/home/yjh/px4_ros_com_ros2/install/px4_msgs', 'merge_install': False, 'path': '/home/yjh/px4_ros_com_ros2/src/px4_msgs', 'symlink_install': True, 'test_result_base': None}
[0.510s] Level 5:colcon.colcon_core.verb:set package 'px4_ros_com' build argument 'cmake_args' from command line to 'None'
[0.510s] Level 5:colcon.colcon_core.verb:set package 'px4_ros_com' build argument 'cmake_target' from command line to 'None'
[0.510s] Level 5:colcon.colcon_core.verb:set package 'px4_ros_com' build argument 'cmake_target_skip_unavailable' from command line to 'False'
[0.510s] Level 5:colcon.colcon_core.verb:set package 'px4_ros_com' build argument 'cmake_clean_cache' from command line to 'False'
[0.510s] Level 5:colcon.colcon_core.verb:set package 'px4_ros_com' build argument 'cmake_clean_first' from command line to 'False'
[0.510s] Level 5:colcon.colcon_core.verb:set package 'px4_ros_com' build argument 'cmake_force_configure' from command line to 'False'
[0.510s] Level 5:colcon.colcon_core.verb:set package 'px4_ros_com' build argument 'ament_cmake_args' from command line to 'None'
[0.510s] Level 5:colcon.colcon_core.verb:set package 'px4_ros_com' build argument 'catkin_cmake_args' from command line to 'None'
[0.510s] Level 5:colcon.colcon_core.verb:set package 'px4_ros_com' build argument 'catkin_skip_building_tests' from command line to 'False'
[0.510s] DEBUG:colcon.colcon_core.verb:Building package 'px4_ros_com' with the following arguments: {'ament_cmake_args': None, 'build_base': '/home/yjh/px4_ros_com_ros2/build/px4_ros_com', 'catkin_cmake_args': None, 'catkin_skip_building_tests': False, 'cmake_args': None, 'cmake_clean_cache': False, 'cmake_clean_first': False, 'cmake_force_configure': False, 'cmake_target': None, 'cmake_target_skip_unavailable': False, 'install_base': '/home/yjh/px4_ros_com_ros2/install/px4_ros_com', 'merge_install': False, 'path': '/home/yjh/px4_ros_com_ros2/src/px4_ros_com', 'symlink_install': True, 'test_result_base': None}
[0.511s] INFO:colcon.colcon_core.executor:Executing jobs using 'parallel' executor
[0.514s] DEBUG:colcon.colcon_parallel_executor.executor.parallel:run_until_complete
[0.514s] INFO:colcon.colcon_ros.task.ament_cmake.build:Building ROS package in '/home/yjh/px4_ros_com_ros2/src/px4_msgs' with build type 'ament_cmake'
[0.514s] INFO:colcon.colcon_cmake.task.cmake.build:Building CMake package in '/home/yjh/px4_ros_com_ros2/src/px4_msgs'
[0.518s] INFO:colcon.colcon_core.plugin_system:Skipping extension 'colcon_core.shell.bat': Not used on non-Windows systems
[0.518s] INFO:colcon.colcon_core.shell:Skip shell extension 'powershell' for command environment: Not usable outside of PowerShell
[0.518s] DEBUG:colcon.colcon_core.shell:Skip shell extension 'dsv' for command environment
[0.533s] DEBUG:colcon.colcon_core.event_handler.log_command:Invoking command in '/home/yjh/px4_ros_com_ros2/build/px4_msgs': CMAKE_PREFIX_PATH=/opt/ros/foxy /usr/bin/cmake --build /home/yjh/px4_ros_com_ros2/build/px4_msgs -- -j4 -l4
[2.012s] DEBUG:colcon.colcon_core.event_handler.log_command:Invoked command in '/home/yjh/px4_ros_com_ros2/build/px4_msgs' returned '0': CMAKE_PREFIX_PATH=/opt/ros/foxy /usr/bin/cmake --build /home/yjh/px4_ros_com_ros2/build/px4_msgs -- -j4 -l4
[5.577s] DEBUG:colcon.colcon_core.event_handler.log_command:Invoking command in '/home/yjh/px4_ros_com_ros2/build/px4_msgs': CMAKE_PREFIX_PATH=/opt/ros/foxy /usr/bin/cmake --install /home/yjh/px4_ros_com_ros2/build/px4_msgs
[6.482s] Level 1:colcon.colcon_core.environment:create_environment_scripts_only(px4_msgs)
[6.483s] DEBUG:colcon.colcon_core.event_handler.log_command:Invoked command in '/home/yjh/px4_ros_com_ros2/build/px4_msgs' returned '0': CMAKE_PREFIX_PATH=/opt/ros/foxy /usr/bin/cmake --install /home/yjh/px4_ros_com_ros2/build/px4_msgs
[6.487s] Level 1:colcon.colcon_core.environment:checking '/home/yjh/px4_ros_com_ros2/install/px4_msgs' for CMake module files
[6.488s] Level 1:colcon.colcon_core.environment:checking '/home/yjh/px4_ros_com_ros2/install/px4_msgs' for CMake config files
[6.491s] Level 1:colcon.colcon_core.shell:create_environment_hook('px4_msgs', 'cmake_prefix_path')
[6.492s] INFO:colcon.colcon_core.shell:Creating environment hook '/home/yjh/px4_ros_com_ros2/install/px4_msgs/share/px4_msgs/hook/cmake_prefix_path.ps1'
[6.493s] INFO:colcon.colcon_core.shell:Creating environment descriptor '/home/yjh/px4_ros_com_ros2/install/px4_msgs/share/px4_msgs/hook/cmake_prefix_path.dsv'
[6.493s] INFO:colcon.colcon_core.shell:Creating environment hook '/home/yjh/px4_ros_com_ros2/install/px4_msgs/share/px4_msgs/hook/cmake_prefix_path.sh'
[6.494s] Level 1:colcon.colcon_core.environment:checking '/home/yjh/px4_ros_com_ros2/install/px4_msgs/lib'
[6.495s] Level 1:colcon.colcon_core.shell:create_environment_hook('px4_msgs', 'ld_library_path_lib')
[6.495s] INFO:colcon.colcon_core.shell:Creating environment hook '/home/yjh/px4_ros_com_ros2/install/px4_msgs/share/px4_msgs/hook/ld_library_path_lib.ps1'
[6.496s] INFO:colcon.colcon_core.shell:Creating environment descriptor '/home/yjh/px4_ros_com_ros2/install/px4_msgs/share/px4_msgs/hook/ld_library_path_lib.dsv'
[6.496s] INFO:colcon.colcon_core.shell:Creating environment hook '/home/yjh/px4_ros_com_ros2/install/px4_msgs/share/px4_msgs/hook/ld_library_path_lib.sh'
[6.497s] Level 1:colcon.colcon_core.environment:checking '/home/yjh/px4_ros_com_ros2/install/px4_msgs/bin'
[6.497s] Level 1:colcon.colcon_core.environment:checking '/home/yjh/px4_ros_com_ros2/install/px4_msgs/lib/pkgconfig/px4_msgs.pc'
[6.497s] Level 1:colcon.colcon_core.environment:checking '/home/yjh/px4_ros_com_ros2/install/px4_msgs/lib/python3.8/site-packages'
[6.497s] Level 1:colcon.colcon_core.shell:create_environment_hook('px4_msgs', 'pythonpath')
[6.498s] INFO:colcon.colcon_core.shell:Creating environment hook '/home/yjh/px4_ros_com_ros2/install/px4_msgs/share/px4_msgs/hook/pythonpath.ps1'
[6.498s] INFO:colcon.colcon_core.shell:Creating environment descriptor '/home/yjh/px4_ros_com_ros2/install/px4_msgs/share/px4_msgs/hook/pythonpath.dsv'
[6.498s] INFO:colcon.colcon_core.shell:Creating environment hook '/home/yjh/px4_ros_com_ros2/install/px4_msgs/share/px4_msgs/hook/pythonpath.sh'
[6.499s] Level 1:colcon.colcon_core.environment:checking '/home/yjh/px4_ros_com_ros2/install/px4_msgs/bin'
[6.499s] INFO:colcon.colcon_core.shell:Creating package script '/home/yjh/px4_ros_com_ros2/install/px4_msgs/share/px4_msgs/package.ps1'
[6.500s] INFO:colcon.colcon_core.shell:Creating package descriptor '/home/yjh/px4_ros_com_ros2/install/px4_msgs/share/px4_msgs/package.dsv'
[6.501s] INFO:colcon.colcon_core.shell:Creating package script '/home/yjh/px4_ros_com_ros2/install/px4_msgs/share/px4_msgs/package.sh'
[6.502s] INFO:colcon.colcon_core.shell:Creating package script '/home/yjh/px4_ros_com_ros2/install/px4_msgs/share/px4_msgs/package.bash'
[6.502s] INFO:colcon.colcon_core.shell:Creating package script '/home/yjh/px4_ros_com_ros2/install/px4_msgs/share/px4_msgs/package.zsh'
[6.503s] Level 1:colcon.colcon_core.environment:create_file_with_runtime_dependencies(/home/yjh/px4_ros_com_ros2/install/px4_msgs/share/colcon-core/packages/px4_msgs)
[10.034s] Level 1:colcon.colcon_core.environment:create_environment_scripts_only(px4_msgs)
[10.035s] Level 1:colcon.colcon_core.environment:checking '/home/yjh/px4_ros_com_ros2/install/px4_msgs' for CMake module files
[10.036s] Level 1:colcon.colcon_core.environment:checking '/home/yjh/px4_ros_com_ros2/install/px4_msgs' for CMake config files
[10.040s] Level 1:colcon.colcon_core.shell:create_environment_hook('px4_msgs', 'cmake_prefix_path')
[10.040s] INFO:colcon.colcon_core.shell:Creating environment hook '/home/yjh/px4_ros_com_ros2/install/px4_msgs/share/px4_msgs/hook/cmake_prefix_path.ps1'
[10.041s] INFO:colcon.colcon_core.shell:Creating environment descriptor '/home/yjh/px4_ros_com_ros2/install/px4_msgs/share/px4_msgs/hook/cmake_prefix_path.dsv'
[10.041s] INFO:colcon.colcon_core.shell:Creating environment hook '/home/yjh/px4_ros_com_ros2/install/px4_msgs/share/px4_msgs/hook/cmake_prefix_path.sh'
[10.042s] Level 1:colcon.colcon_core.environment:checking '/home/yjh/px4_ros_com_ros2/install/px4_msgs/lib'
[10.042s] Level 1:colcon.colcon_core.shell:create_environment_hook('px4_msgs', 'ld_library_path_lib')
[10.043s] INFO:colcon.colcon_core.shell:Creating environment hook '/home/yjh/px4_ros_com_ros2/install/px4_msgs/share/px4_msgs/hook/ld_library_path_lib.ps1'
[10.043s] INFO:colcon.colcon_core.shell:Creating environment descriptor '/home/yjh/px4_ros_com_ros2/install/px4_msgs/share/px4_msgs/hook/ld_library_path_lib.dsv'
[10.043s] INFO:colcon.colcon_core.shell:Creating environment hook '/home/yjh/px4_ros_com_ros2/install/px4_msgs/share/px4_msgs/hook/ld_library_path_lib.sh'
[10.044s] Level 1:colcon.colcon_core.environment:checking '/home/yjh/px4_ros_com_ros2/install/px4_msgs/bin'
[10.044s] Level 1:colcon.colcon_core.environment:checking '/home/yjh/px4_ros_com_ros2/install/px4_msgs/lib/pkgconfig/px4_msgs.pc'
[10.044s] Level 1:colcon.colcon_core.environment:checking '/home/yjh/px4_ros_com_ros2/install/px4_msgs/lib/python3.8/site-packages'
[10.044s] Level 1:colcon.colcon_core.shell:create_environment_hook('px4_msgs', 'pythonpath')
[10.045s] INFO:colcon.colcon_core.shell:Creating environment hook '/home/yjh/px4_ros_com_ros2/install/px4_msgs/share/px4_msgs/hook/pythonpath.ps1'
[10.045s] INFO:colcon.colcon_core.shell:Creating environment descriptor '/home/yjh/px4_ros_com_ros2/install/px4_msgs/share/px4_msgs/hook/pythonpath.dsv'
[10.045s] INFO:colcon.colcon_core.shell:Creating environment hook '/home/yjh/px4_ros_com_ros2/install/px4_msgs/share/px4_msgs/hook/pythonpath.sh'
[10.046s] Level 1:colcon.colcon_core.environment:checking '/home/yjh/px4_ros_com_ros2/install/px4_msgs/bin'
[10.047s] INFO:colcon.colcon_core.shell:Creating package script '/home/yjh/px4_ros_com_ros2/install/px4_msgs/share/px4_msgs/package.ps1'
[10.048s] INFO:colcon.colcon_core.shell:Creating package descriptor '/home/yjh/px4_ros_com_ros2/install/px4_msgs/share/px4_msgs/package.dsv'
[10.048s] INFO:colcon.colcon_core.shell:Creating package script '/home/yjh/px4_ros_com_ros2/install/px4_msgs/share/px4_msgs/package.sh'
[10.049s] INFO:colcon.colcon_core.shell:Creating package script '/home/yjh/px4_ros_com_ros2/install/px4_msgs/share/px4_msgs/package.bash'
[10.049s] INFO:colcon.colcon_core.shell:Creating package script '/home/yjh/px4_ros_com_ros2/install/px4_msgs/share/px4_msgs/package.zsh'
[10.049s] Level 1:colcon.colcon_core.environment:create_file_with_runtime_dependencies(/home/yjh/px4_ros_com_ros2/install/px4_msgs/share/colcon-core/packages/px4_msgs)
[10.050s] INFO:colcon.colcon_ros.task.ament_cmake.build:Building ROS package in '/home/yjh/px4_ros_com_ros2/src/px4_ros_com' with build type 'ament_cmake'
[10.050s] INFO:colcon.colcon_cmake.task.cmake.build:Building CMake package in '/home/yjh/px4_ros_com_ros2/src/px4_ros_com'
[10.051s] INFO:colcon.colcon_core.shell:Skip shell extension 'powershell' for command environment: Not usable outside of PowerShell
[10.051s] DEBUG:colcon.colcon_core.shell:Skip shell extension 'dsv' for command environment
[10.064s] DEBUG:colcon.colcon_core.event_handler.log_command:Invoking command in '/home/yjh/px4_ros_com_ros2/build/px4_ros_com': AMENT_PREFIX_PATH=/home/yjh/px4_ros_com_ros2/install/px4_msgs:${AMENT_PREFIX_PATH} CMAKE_PREFIX_PATH=/home/yjh/px4_ros_com_ros2/install/px4_msgs:/opt/ros/foxy LD_LIBRARY_PATH=/home/yjh/px4_ros_com_ros2/install/px4_msgs/lib:${LD_LIBRARY_PATH} PYTHONPATH=/home/yjh/px4_ros_com_ros2/install/px4_msgs/lib/python3.8/site-packages:${PYTHONPATH} /usr/bin/cmake --build /home/yjh/px4_ros_com_ros2/build/px4_ros_com -- -j4 -l4
[39.861s] DEBUG:colcon.colcon_core.event_handler.log_command:Invoked command in '/home/yjh/px4_ros_com_ros2/build/px4_ros_com' returned '0': AMENT_PREFIX_PATH=/home/yjh/px4_ros_com_ros2/install/px4_msgs:${AMENT_PREFIX_PATH} CMAKE_PREFIX_PATH=/home/yjh/px4_ros_com_ros2/install/px4_msgs:/opt/ros/foxy LD_LIBRARY_PATH=/home/yjh/px4_ros_com_ros2/install/px4_msgs/lib:${LD_LIBRARY_PATH} PYTHONPATH=/home/yjh/px4_ros_com_ros2/install/px4_msgs/lib/python3.8/site-packages:${PYTHONPATH} /usr/bin/cmake --build /home/yjh/px4_ros_com_ros2/build/px4_ros_com -- -j4 -l4
[40.046s] DEBUG:colcon.colcon_core.event_handler.log_command:Invoking command in '/home/yjh/px4_ros_com_ros2/build/px4_ros_com': AMENT_PREFIX_PATH=/home/yjh/px4_ros_com_ros2/install/px4_msgs:${AMENT_PREFIX_PATH} CMAKE_PREFIX_PATH=/home/yjh/px4_ros_com_ros2/install/px4_msgs:/opt/ros/foxy LD_LIBRARY_PATH=/home/yjh/px4_ros_com_ros2/install/px4_msgs/lib:${LD_LIBRARY_PATH} PYTHONPATH=/home/yjh/px4_ros_com_ros2/install/px4_msgs/lib/python3.8/site-packages:${PYTHONPATH} /usr/bin/cmake --install /home/yjh/px4_ros_com_ros2/build/px4_ros_com
[40.083s] Level 1:colcon.colcon_core.environment:create_environment_scripts_only(px4_ros_com)
[40.084s] Level 1:colcon.colcon_core.environment:checking '/home/yjh/px4_ros_com_ros2/install/px4_ros_com' for CMake module files
[40.085s] DEBUG:colcon.colcon_core.event_handler.log_command:Invoked command in '/home/yjh/px4_ros_com_ros2/build/px4_ros_com' returned '0': AMENT_PREFIX_PATH=/home/yjh/px4_ros_com_ros2/install/px4_msgs:${AMENT_PREFIX_PATH} CMAKE_PREFIX_PATH=/home/yjh/px4_ros_com_ros2/install/px4_msgs:/opt/ros/foxy LD_LIBRARY_PATH=/home/yjh/px4_ros_com_ros2/install/px4_msgs/lib:${LD_LIBRARY_PATH} PYTHONPATH=/home/yjh/px4_ros_com_ros2/install/px4_msgs/lib/python3.8/site-packages:${PYTHONPATH} /usr/bin/cmake --install /home/yjh/px4_ros_com_ros2/build/px4_ros_com
[40.085s] Level 1:colcon.colcon_core.environment:checking '/home/yjh/px4_ros_com_ros2/install/px4_ros_com' for CMake config files
[40.086s] Level 1:colcon.colcon_core.shell:create_environment_hook('px4_ros_com', 'cmake_prefix_path')
[40.086s] INFO:colcon.colcon_core.shell:Creating environment hook '/home/yjh/px4_ros_com_ros2/install/px4_ros_com/share/px4_ros_com/hook/cmake_prefix_path.ps1'
[40.087s] INFO:colcon.colcon_core.shell:Creating environment descriptor '/home/yjh/px4_ros_com_ros2/install/px4_ros_com/share/px4_ros_com/hook/cmake_prefix_path.dsv'
[40.087s] INFO:colcon.colcon_core.shell:Creating environment hook '/home/yjh/px4_ros_com_ros2/install/px4_ros_com/share/px4_ros_com/hook/cmake_prefix_path.sh'
[40.088s] Level 1:colcon.colcon_core.environment:checking '/home/yjh/px4_ros_com_ros2/install/px4_ros_com/lib'
[40.088s] Level 1:colcon.colcon_core.shell:create_environment_hook('px4_ros_com', 'ld_library_path_lib')
[40.089s] INFO:colcon.colcon_core.shell:Creating environment hook '/home/yjh/px4_ros_com_ros2/install/px4_ros_com/share/px4_ros_com/hook/ld_library_path_lib.ps1'
[40.089s] INFO:colcon.colcon_core.shell:Creating environment descriptor '/home/yjh/px4_ros_com_ros2/install/px4_ros_com/share/px4_ros_com/hook/ld_library_path_lib.dsv'
[40.090s] INFO:colcon.colcon_core.shell:Creating environment hook '/home/yjh/px4_ros_com_ros2/install/px4_ros_com/share/px4_ros_com/hook/ld_library_path_lib.sh'
[40.090s] Level 1:colcon.colcon_core.environment:checking '/home/yjh/px4_ros_com_ros2/install/px4_ros_com/bin'
[40.090s] Level 1:colcon.colcon_core.shell:create_environment_hook('px4_ros_com', 'path')
[40.091s] INFO:colcon.colcon_core.shell:Creating environment hook '/home/yjh/px4_ros_com_ros2/install/px4_ros_com/share/px4_ros_com/hook/path.ps1'
[40.091s] INFO:colcon.colcon_core.shell:Creating environment descriptor '/home/yjh/px4_ros_com_ros2/install/px4_ros_com/share/px4_ros_com/hook/path.dsv'
[40.091s] INFO:colcon.colcon_core.shell:Creating environment hook '/home/yjh/px4_ros_com_ros2/install/px4_ros_com/share/px4_ros_com/hook/path.sh'
[40.092s] Level 1:colcon.colcon_core.environment:checking '/home/yjh/px4_ros_com_ros2/install/px4_ros_com/lib/pkgconfig/px4_ros_com.pc'
[40.092s] Level 1:colcon.colcon_core.environment:checking '/home/yjh/px4_ros_com_ros2/install/px4_ros_com/lib/python3.8/site-packages'
[40.092s] Level 1:colcon.colcon_core.environment:checking '/home/yjh/px4_ros_com_ros2/install/px4_ros_com/bin'
[40.092s] Level 1:colcon.colcon_core.shell:create_environment_hook('px4_ros_com', 'pythonscriptspath')
[40.093s] INFO:colcon.colcon_core.shell:Creating environment hook '/home/yjh/px4_ros_com_ros2/install/px4_ros_com/share/px4_ros_com/hook/pythonscriptspath.ps1'
[40.093s] INFO:colcon.colcon_core.shell:Creating environment descriptor '/home/yjh/px4_ros_com_ros2/install/px4_ros_com/share/px4_ros_com/hook/pythonscriptspath.dsv'
[40.094s] INFO:colcon.colcon_core.shell:Creating environment hook '/home/yjh/px4_ros_com_ros2/install/px4_ros_com/share/px4_ros_com/hook/pythonscriptspath.sh'
[40.095s] INFO:colcon.colcon_core.shell:Creating package script '/home/yjh/px4_ros_com_ros2/install/px4_ros_com/share/px4_ros_com/package.ps1'
[40.096s] INFO:colcon.colcon_core.shell:Creating package descriptor '/home/yjh/px4_ros_com_ros2/install/px4_ros_com/share/px4_ros_com/package.dsv'
[40.097s] INFO:colcon.colcon_core.shell:Creating package script '/home/yjh/px4_ros_com_ros2/install/px4_ros_com/share/px4_ros_com/package.sh'
[40.097s] INFO:colcon.colcon_core.shell:Creating package script '/home/yjh/px4_ros_com_ros2/install/px4_ros_com/share/px4_ros_com/package.bash'
[40.097s] INFO:colcon.colcon_core.shell:Creating package script '/home/yjh/px4_ros_com_ros2/install/px4_ros_com/share/px4_ros_com/package.zsh'
[40.098s] Level 1:colcon.colcon_core.environment:create_file_with_runtime_dependencies(/home/yjh/px4_ros_com_ros2/install/px4_ros_com/share/colcon-core/packages/px4_ros_com)
[40.283s] Level 1:colcon.colcon_core.environment:create_environment_scripts_only(px4_ros_com)
[40.284s] Level 1:colcon.colcon_core.environment:checking '/home/yjh/px4_ros_com_ros2/install/px4_ros_com' for CMake module files
[40.284s] Level 1:colcon.colcon_core.environment:checking '/home/yjh/px4_ros_com_ros2/install/px4_ros_com' for CMake config files
[40.285s] Level 1:colcon.colcon_core.shell:create_environment_hook('px4_ros_com', 'cmake_prefix_path')
[40.286s] INFO:colcon.colcon_core.shell:Creating environment hook '/home/yjh/px4_ros_com_ros2/install/px4_ros_com/share/px4_ros_com/hook/cmake_prefix_path.ps1'
[40.286s] INFO:colcon.colcon_core.shell:Creating environment descriptor '/home/yjh/px4_ros_com_ros2/install/px4_ros_com/share/px4_ros_com/hook/cmake_prefix_path.dsv'
[40.286s] INFO:colcon.colcon_core.shell:Creating environment hook '/home/yjh/px4_ros_com_ros2/install/px4_ros_com/share/px4_ros_com/hook/cmake_prefix_path.sh'
[40.287s] Level 1:colcon.colcon_core.environment:checking '/home/yjh/px4_ros_com_ros2/install/px4_ros_com/lib'
[40.287s] Level 1:colcon.colcon_core.shell:create_environment_hook('px4_ros_com', 'ld_library_path_lib')
[40.288s] INFO:colcon.colcon_core.shell:Creating environment hook '/home/yjh/px4_ros_com_ros2/install/px4_ros_com/share/px4_ros_com/hook/ld_library_path_lib.ps1'
[40.288s] INFO:colcon.colcon_core.shell:Creating environment descriptor '/home/yjh/px4_ros_com_ros2/install/px4_ros_com/share/px4_ros_com/hook/ld_library_path_lib.dsv'
[40.288s] INFO:colcon.colcon_core.shell:Creating environment hook '/home/yjh/px4_ros_com_ros2/install/px4_ros_com/share/px4_ros_com/hook/ld_library_path_lib.sh'
[40.289s] Level 1:colcon.colcon_core.environment:checking '/home/yjh/px4_ros_com_ros2/install/px4_ros_com/bin'
[40.289s] Level 1:colcon.colcon_core.shell:create_environment_hook('px4_ros_com', 'path')
[40.289s] INFO:colcon.colcon_core.shell:Creating environment hook '/home/yjh/px4_ros_com_ros2/install/px4_ros_com/share/px4_ros_com/hook/path.ps1'
[40.290s] INFO:colcon.colcon_core.shell:Creating environment descriptor '/home/yjh/px4_ros_com_ros2/install/px4_ros_com/share/px4_ros_com/hook/path.dsv'
[40.290s] INFO:colcon.colcon_core.shell:Creating environment hook '/home/yjh/px4_ros_com_ros2/install/px4_ros_com/share/px4_ros_com/hook/path.sh'
[40.290s] Level 1:colcon.colcon_core.environment:checking '/home/yjh/px4_ros_com_ros2/install/px4_ros_com/lib/pkgconfig/px4_ros_com.pc'
[40.291s] Level 1:colcon.colcon_core.environment:checking '/home/yjh/px4_ros_com_ros2/install/px4_ros_com/lib/python3.8/site-packages'
[40.291s] Level 1:colcon.colcon_core.environment:checking '/home/yjh/px4_ros_com_ros2/install/px4_ros_com/bin'
[40.291s] Level 1:colcon.colcon_core.shell:create_environment_hook('px4_ros_com', 'pythonscriptspath')
[40.292s] INFO:colcon.colcon_core.shell:Creating environment hook '/home/yjh/px4_ros_com_ros2/install/px4_ros_com/share/px4_ros_com/hook/pythonscriptspath.ps1'
[40.292s] INFO:colcon.colcon_core.shell:Creating environment descriptor '/home/yjh/px4_ros_com_ros2/install/px4_ros_com/share/px4_ros_com/hook/pythonscriptspath.dsv'
[40.292s] INFO:colcon.colcon_core.shell:Creating environment hook '/home/yjh/px4_ros_com_ros2/install/px4_ros_com/share/px4_ros_com/hook/pythonscriptspath.sh'
[40.293s] INFO:colcon.colcon_core.shell:Creating package script '/home/yjh/px4_ros_com_ros2/install/px4_ros_com/share/px4_ros_com/package.ps1'
[40.294s] INFO:colcon.colcon_core.shell:Creating package descriptor '/home/yjh/px4_ros_com_ros2/install/px4_ros_com/share/px4_ros_com/package.dsv'
[40.295s] INFO:colcon.colcon_core.shell:Creating package script '/home/yjh/px4_ros_com_ros2/install/px4_ros_com/share/px4_ros_com/package.sh'
[40.295s] INFO:colcon.colcon_core.shell:Creating package script '/home/yjh/px4_ros_com_ros2/install/px4_ros_com/share/px4_ros_com/package.bash'
[40.296s] INFO:colcon.colcon_core.shell:Creating package script '/home/yjh/px4_ros_com_ros2/install/px4_ros_com/share/px4_ros_com/package.zsh'
[40.296s] Level 1:colcon.colcon_core.environment:create_file_with_runtime_dependencies(/home/yjh/px4_ros_com_ros2/install/px4_ros_com/share/colcon-core/packages/px4_ros_com)
[40.296s] DEBUG:colcon.colcon_parallel_executor.executor.parallel:closing loop
[40.297s] DEBUG:colcon.colcon_parallel_executor.executor.parallel:loop closed
[40.297s] DEBUG:colcon.colcon_parallel_executor.executor.parallel:run_until_complete finished with '0'
[40.297s] DEBUG:colcon.colcon_core.event_reactor:joining thread
[40.303s] INFO:colcon.colcon_core.plugin_system:Skipping extension 'colcon_notification.desktop_notification.terminal_notifier': Not used on non-Darwin systems
[40.303s] INFO:colcon.colcon_core.plugin_system:Skipping extension 'colcon_notification.desktop_notification.win32': Not used on non-Windows systems
[40.303s] INFO:colcon.colcon_notification.desktop_notification:Sending desktop notification using 'notify2'
[40.323s] DEBUG:colcon.colcon_core.event_reactor:joined thread
[40.324s] INFO:colcon.colcon_core.shell:Creating prefix script '/home/yjh/px4_ros_com_ros2/install/local_setup.ps1'
[40.326s] INFO:colcon.colcon_core.shell:Creating prefix util module '/home/yjh/px4_ros_com_ros2/install/_local_setup_util_ps1.py'
[40.328s] INFO:colcon.colcon_core.shell:Creating prefix chain script '/home/yjh/px4_ros_com_ros2/install/setup.ps1'
[40.329s] INFO:colcon.colcon_core.shell:Creating prefix script '/home/yjh/px4_ros_com_ros2/install/local_setup.sh'
[40.330s] INFO:colcon.colcon_core.shell:Creating prefix util module '/home/yjh/px4_ros_com_ros2/install/_local_setup_util_sh.py'
[40.331s] INFO:colcon.colcon_core.shell:Creating prefix chain script '/home/yjh/px4_ros_com_ros2/install/setup.sh'
[40.332s] INFO:colcon.colcon_core.shell:Creating prefix script '/home/yjh/px4_ros_com_ros2/install/local_setup.bash'
[40.333s] INFO:colcon.colcon_core.shell:Creating prefix chain script '/home/yjh/px4_ros_com_ros2/install/setup.bash'
[40.334s] INFO:colcon.colcon_core.shell:Creating prefix script '/home/yjh/px4_ros_com_ros2/install/local_setup.zsh'
[40.335s] INFO:colcon.colcon_core.shell:Creating prefix chain script '/home/yjh/px4_ros_com_ros2/install/setup.zsh'
