[0.031s] Invoking command in '/home/yjh/px4_ros_com_ros2/build/px4_ros_com': AMENT_PREFIX_PATH=/home/yjh/px4_ros_com_ros2/install/px4_msgs:${AMENT_PREFIX_PATH} CMAKE_PREFIX_PATH=/home/yjh/px4_ros_com_ros2/install/px4_msgs:/opt/ros/foxy LD_LIBRARY_PATH=/home/yjh/px4_ros_com_ros2/install/px4_msgs/lib:${LD_LIBRARY_PATH} PYTHONPATH=/home/yjh/px4_ros_com_ros2/install/px4_msgs/lib/python3.8/site-packages:${PYTHONPATH} /usr/bin/cmake --build /home/yjh/px4_ros_com_ros2/build/px4_ros_com -- -j4 -l4
[0.227s] [  2%] Built target frame_transforms
[0.329s] [  4%] Built target vehicle_gps_position_listener
[0.440s] [  5%] Built target debug_vect_advertiser
[0.547s] [  7%] Built target sensor_combined_listener
[0.661s] [  9%] Built target iris0_takeoff
[0.748s] [ 11%] Built target iris2_takeoff
[0.824s] [ 13%] Built target offboard_control
[0.867s] [35m[1mScanning dependencies of target position_calculator[0m
[0.979s] [ 14%] [32mBuilding CXX object CMakeFiles/position_calculator.dir/src/examples/offboard/position_calculator.cpp.o[0m
[48.705s] [ 15%] [32m[1mLinking CXX executable position_calculator[0m
[49.442s] [ 15%] Built target position_calculator
[49.534s] [ 17%] Built target mission2
[49.758s] [ 98%] Built target micrortps_agent
[49.875s] [100%] Built target iris1_takeoff
[49.919s] Invoked command in '/home/yjh/px4_ros_com_ros2/build/px4_ros_com' returned '0': AMENT_PREFIX_PATH=/home/yjh/px4_ros_com_ros2/install/px4_msgs:${AMENT_PREFIX_PATH} CMAKE_PREFIX_PATH=/home/yjh/px4_ros_com_ros2/install/px4_msgs:/opt/ros/foxy LD_LIBRARY_PATH=/home/yjh/px4_ros_com_ros2/install/px4_msgs/lib:${LD_LIBRARY_PATH} PYTHONPATH=/home/yjh/px4_ros_com_ros2/install/px4_msgs/lib/python3.8/site-packages:${PYTHONPATH} /usr/bin/cmake --build /home/yjh/px4_ros_com_ros2/build/px4_ros_com -- -j4 -l4
[50.517s] Invoking command in '/home/yjh/px4_ros_com_ros2/build/px4_ros_com': AMENT_PREFIX_PATH=/home/yjh/px4_ros_com_ros2/install/px4_msgs:${AMENT_PREFIX_PATH} CMAKE_PREFIX_PATH=/home/yjh/px4_ros_com_ros2/install/px4_msgs:/opt/ros/foxy LD_LIBRARY_PATH=/home/yjh/px4_ros_com_ros2/install/px4_msgs/lib:${LD_LIBRARY_PATH} PYTHONPATH=/home/yjh/px4_ros_com_ros2/install/px4_msgs/lib/python3.8/site-packages:${PYTHONPATH} /usr/bin/cmake --install /home/yjh/px4_ros_com_ros2/build/px4_ros_com
[50.545s] -- Install configuration: "RELWITHDEBINFO"
[50.547s] -- Execute custom install script
[50.554s] -- Up-to-date symlink: /home/yjh/px4_ros_com_ros2/install/px4_ros_com/lib/px4_ros_com/sensor_combined_listener
[50.554s] -- Up-to-date symlink: /home/yjh/px4_ros_com_ros2/install/px4_ros_com/lib/px4_ros_com/vehicle_gps_position_listener
[50.555s] -- Up-to-date symlink: /home/yjh/px4_ros_com_ros2/install/px4_ros_com/lib/px4_ros_com/debug_vect_advertiser
[50.556s] -- Up-to-date symlink: /home/yjh/px4_ros_com_ros2/install/px4_ros_com/lib/px4_ros_com/offboard_control
[50.557s] -- Up-to-date symlink: /home/yjh/px4_ros_com_ros2/install/px4_ros_com/lib/px4_ros_com/iris0_takeoff
[50.558s] -- Up-to-date symlink: /home/yjh/px4_ros_com_ros2/install/px4_ros_com/lib/px4_ros_com/iris1_takeoff
[50.560s] -- Up-to-date symlink: /home/yjh/px4_ros_com_ros2/install/px4_ros_com/lib/px4_ros_com/iris2_takeoff
[50.561s] -- Up-to-date symlink: /home/yjh/px4_ros_com_ros2/install/px4_ros_com/lib/px4_ros_com/position_calculator
[50.562s] -- Up-to-date symlink: /home/yjh/px4_ros_com_ros2/install/px4_ros_com/lib/px4_ros_com/mission2
[50.563s] -- Up-to-date symlink: /home/yjh/px4_ros_com_ros2/install/px4_ros_com/share/px4_ros_com/environment/library_path.sh
[50.564s] -- Up-to-date symlink: /home/yjh/px4_ros_com_ros2/install/px4_ros_com/share/px4_ros_com/environment/library_path.dsv
[50.568s] -- Up-to-date symlink: /home/yjh/px4_ros_com_ros2/install/px4_ros_com/include/px4_ros_com/frame_transforms.h
[50.571s] -- Up-to-date symlink: /home/yjh/px4_ros_com_ros2/install/px4_ros_com/share/px4_ros_com/cmake/EnableC++XX.cmake
[50.572s] -- Up-to-date symlink: /home/yjh/px4_ros_com_ros2/install/px4_ros_com/share/px4_ros_com/cmake/EnableSanitizers.cmake
[50.573s] -- Up-to-date symlink: /home/yjh/px4_ros_com_ros2/install/px4_ros_com/share/px4_ros_com/cmake/GenerateMicroRTPSAgent.cmake
[50.574s] -- Up-to-date symlink: /home/yjh/px4_ros_com_ros2/install/px4_ros_com/share/px4_ros_com/launch/sensor_combined_listener.launch.py
[50.575s] -- Up-to-date symlink: /home/yjh/px4_ros_com_ros2/install/px4_ros_com/share/px4_ros_com/test/__init__.py
[50.576s] -- Up-to-date symlink: /home/yjh/px4_ros_com_ros2/install/px4_ros_com/share/px4_ros_com/test/pipeline_io_test.py
[50.577s] -- Up-to-date symlink: /home/yjh/px4_ros_com_ros2/install/px4_ros_com/share/px4_ros_com/test/test_input.py
[50.581s] -- Up-to-date symlink: /home/yjh/px4_ros_com_ros2/install/px4_ros_com/share/px4_ros_com/test/test_output.py
[50.587s] -- Up-to-date symlink: /home/yjh/px4_ros_com_ros2/install/px4_ros_com/share/ament_index/resource_index/package_run_dependencies/px4_ros_com
[50.590s] -- Up-to-date symlink: /home/yjh/px4_ros_com_ros2/install/px4_ros_com/share/ament_index/resource_index/parent_prefix_path/px4_ros_com
[50.591s] -- Up-to-date symlink: /home/yjh/px4_ros_com_ros2/install/px4_ros_com/share/px4_ros_com/environment/ament_prefix_path.sh
[50.593s] -- Up-to-date symlink: /home/yjh/px4_ros_com_ros2/install/px4_ros_com/share/px4_ros_com/environment/ament_prefix_path.dsv
[50.595s] -- Up-to-date symlink: /home/yjh/px4_ros_com_ros2/install/px4_ros_com/share/px4_ros_com/environment/path.sh
[50.596s] -- Up-to-date symlink: /home/yjh/px4_ros_com_ros2/install/px4_ros_com/share/px4_ros_com/environment/path.dsv
[50.596s] -- Up-to-date symlink: /home/yjh/px4_ros_com_ros2/install/px4_ros_com/share/px4_ros_com/local_setup.bash
[50.596s] -- Up-to-date symlink: /home/yjh/px4_ros_com_ros2/install/px4_ros_com/share/px4_ros_com/local_setup.sh
[50.597s] -- Up-to-date symlink: /home/yjh/px4_ros_com_ros2/install/px4_ros_com/share/px4_ros_com/local_setup.zsh
[50.597s] -- Up-to-date symlink: /home/yjh/px4_ros_com_ros2/install/px4_ros_com/share/px4_ros_com/local_setup.dsv
[50.599s] -- Symlinking: /home/yjh/px4_ros_com_ros2/install/px4_ros_com/share/px4_ros_com/package.dsv
[50.625s] -- Up-to-date symlink: /home/yjh/px4_ros_com_ros2/install/px4_ros_com/share/ament_index/resource_index/packages/px4_ros_com
[50.626s] -- Up-to-date symlink: /home/yjh/px4_ros_com_ros2/install/px4_ros_com/share/px4_ros_com/cmake/ament_cmake_export_dependencies-extras.cmake
[50.626s] -- Up-to-date symlink: /home/yjh/px4_ros_com_ros2/install/px4_ros_com/share/px4_ros_com/cmake/ament_cmake_export_targets-extras.cmake
[50.627s] -- Up-to-date symlink: /home/yjh/px4_ros_com_ros2/install/px4_ros_com/share/px4_ros_com/cmake/ament_cmake_export_include_directories-extras.cmake
[50.628s] -- Up-to-date symlink: /home/yjh/px4_ros_com_ros2/install/px4_ros_com/share/px4_ros_com/cmake/ament_cmake_export_libraries-extras.cmake
[50.629s] -- Up-to-date symlink: /home/yjh/px4_ros_com_ros2/install/px4_ros_com/share/px4_ros_com/cmake/px4_ros_comConfig.cmake
[50.630s] -- Up-to-date symlink: /home/yjh/px4_ros_com_ros2/install/px4_ros_com/share/px4_ros_com/cmake/px4_ros_comConfig-version.cmake
[50.631s] -- Up-to-date symlink: /home/yjh/px4_ros_com_ros2/install/px4_ros_com/share/px4_ros_com/package.xml
[50.635s] -- Up-to-date: /home/yjh/px4_ros_com_ros2/install/px4_ros_com/lib/libframe_transforms.so
[50.635s] -- Up-to-date: /home/yjh/px4_ros_com_ros2/install/px4_ros_com/bin/micrortps_agent
[50.636s] -- Up-to-date: /home/yjh/px4_ros_com_ros2/install/px4_ros_com/share/px4_ros_com/cmake/export_frame_transformsExport.cmake
[50.636s] -- Up-to-date: /home/yjh/px4_ros_com_ros2/install/px4_ros_com/share/px4_ros_com/cmake/export_frame_transformsExport-relwithdebinfo.cmake
[50.642s] Invoked command in '/home/yjh/px4_ros_com_ros2/build/px4_ros_com' returned '0': AMENT_PREFIX_PATH=/home/yjh/px4_ros_com_ros2/install/px4_msgs:${AMENT_PREFIX_PATH} CMAKE_PREFIX_PATH=/home/yjh/px4_ros_com_ros2/install/px4_msgs:/opt/ros/foxy LD_LIBRARY_PATH=/home/yjh/px4_ros_com_ros2/install/px4_msgs/lib:${LD_LIBRARY_PATH} PYTHONPATH=/home/yjh/px4_ros_com_ros2/install/px4_msgs/lib/python3.8/site-packages:${PYTHONPATH} /usr/bin/cmake --install /home/yjh/px4_ros_com_ros2/build/px4_ros_com
