[01m[K/home/yjh/px4_ros_com_ros2/src/px4_ros_com/src/examples/offboard/position_calculator.cpp:108:43:[m[K [01;31m[Kerror: [m[K‘[01m[KString[m[K’ is not a member of ‘[01m[Kpx4_msgs::msg[m[K’; did you mean ‘[01m[Kstd_msgs::msg::String[m[K’?
  108 |       rclcpp::Subscription<px4_msgs::msg::[01;31m[KString[m[K>::SharedPtr mission2_subscriber_;
      |                                           [01;31m[K^~~~~~[m[K
In file included from [01m[K/opt/ros/foxy/include/std_msgs/msg/string.hpp:7[m[K,
                 from [01m[K/home/yjh/px4_ros_com_ros2/src/px4_ros_com/src/examples/offboard/position_calculator.cpp:17[m[K:
[01m[K/opt/ros/foxy/include/std_msgs/msg/detail/string__struct.hpp:121:7:[m[K [01;36m[Knote: [m[K‘[01m[Kstd_msgs::msg::String[m[K’ declared here
  121 | using [01;36m[KString[m[K =
      |       [01;36m[K^~~~~~[m[K
[01m[K/home/yjh/px4_ros_com_ros2/src/px4_ros_com/src/examples/offboard/position_calculator.cpp:108:49:[m[K [01;31m[Kerror: [m[Ktemplate argument 1 is invalid
  108 |       rclcpp::Subscription<px4_msgs::msg::String[01;31m[K>[m[K::SharedPtr mission2_subscriber_;
      |                                                 [01;31m[K^[m[K
[01m[K/home/yjh/px4_ros_com_ros2/src/px4_ros_com/src/examples/offboard/position_calculator.cpp:108:49:[m[K [01;31m[Kerror: [m[Ktemplate argument 3 is invalid
[01m[K/home/yjh/px4_ros_com_ros2/src/px4_ros_com/src/examples/offboard/position_calculator.cpp:108:52:[m[K [01;31m[Kerror: [m[Kexpected ‘[01m[K;[m[K’ at end of member declaration
  108 |       rclcpp::Subscription<px4_msgs::msg::String>::[01;31m[KSharedPtr[m[K mission2_subscriber_;
      |                                                    [01;31m[K^~~~~~~~~[m[K
      |                                                             [32m[K;[m[K
[01m[K/home/yjh/px4_ros_com_ros2/src/px4_ros_com/src/examples/offboard/position_calculator.cpp:108:62:[m[K [01;31m[Kerror: [m[K‘[01m[Kmission2_subscriber_[m[K’ does not name a type
  108 |       rclcpp::Subscription<px4_msgs::msg::String>::SharedPtr [01;31m[Kmission2_subscriber_[m[K;
      |                                                              [01;31m[K^~~~~~~~~~~~~~~~~~~~[m[K
[01m[K/home/yjh/px4_ros_com_ros2/src/px4_ros_com/src/examples/offboard/position_calculator.cpp:[m[K In constructor ‘[01m[KPositionCalculator::PositionCalculator()[m[K’:
[01m[K/home/yjh/px4_ros_com_ros2/src/px4_ros_com/src/examples/offboard/position_calculator.cpp:93:3:[m[K [01;31m[Kerror: [m[K‘[01m[Kmission2_subscriber_[m[K’ was not declared in this scope
   93 |   [01;31m[Kmission2_subscriber_[m[K = this->create_subscription<std_msgs::msg::String>(
      |   [01;31m[K^~~~~~~~~~~~~~~~~~~~[m[K
make[2]: *** [CMakeFiles/position_calculator.dir/build.make:63: CMakeFiles/position_calculator.dir/src/examples/offboard/position_calculator.cpp.o] Error 1
make[1]: *** [CMakeFiles/Makefile2:395: CMakeFiles/position_calculator.dir/all] Error 2
make: *** [Makefile:141: all] Error 2
