[0.023s] Invoking command in '/home/yjh/px4_ros_com_ros2/build/px4_ros_com': AMENT_PREFIX_PATH=/home/yjh/px4_ros_com_ros2/install/px4_msgs:${AMENT_PREFIX_PATH} CMAKE_PREFIX_PATH=/home/yjh/px4_ros_com_ros2/install/px4_msgs:/opt/ros/foxy LD_LIBRARY_PATH=/home/yjh/px4_ros_com_ros2/install/px4_msgs/lib:${LD_LIBRARY_PATH} PYTHONPATH=/home/yjh/px4_ros_com_ros2/install/px4_msgs/lib/python3.8/site-packages:${PYTHONPATH} /usr/bin/cmake --build /home/yjh/px4_ros_com_ros2/build/px4_ros_com -- -j4 -l4
[0.260s] [  2%] Built target frame_transforms
[0.389s] [  4%] Built target vehicle_gps_position_listener
[0.495s] [  5%] Built target debug_vect_advertiser
[0.619s] [  7%] Built target sensor_combined_listener
[0.727s] [  9%] Built target iris0_takeoff
[0.820s] [ 11%] Built target iris2_takeoff
[0.933s] [ 13%] Built target offboard_control
[0.980s] [35m[1mScanning dependencies of target position_calculator[0m
[1.085s] [ 14%] [32mBuilding CXX object CMakeFiles/position_calculator.dir/src/examples/offboard/position_calculator.cpp.o[0m
[51.371s] [ 15%] [32m[1mLinking CXX executable position_calculator[0m
[52.258s] [ 15%] Built target position_calculator
[52.341s] [ 17%] Built target mission2
[52.573s] [ 98%] Built target micrortps_agent
[52.682s] [100%] Built target iris1_takeoff
[52.727s] Invoked command in '/home/yjh/px4_ros_com_ros2/build/px4_ros_com' returned '0': AMENT_PREFIX_PATH=/home/yjh/px4_ros_com_ros2/install/px4_msgs:${AMENT_PREFIX_PATH} CMAKE_PREFIX_PATH=/home/yjh/px4_ros_com_ros2/install/px4_msgs:/opt/ros/foxy LD_LIBRARY_PATH=/home/yjh/px4_ros_com_ros2/install/px4_msgs/lib:${LD_LIBRARY_PATH} PYTHONPATH=/home/yjh/px4_ros_com_ros2/install/px4_msgs/lib/python3.8/site-packages:${PYTHONPATH} /usr/bin/cmake --build /home/yjh/px4_ros_com_ros2/build/px4_ros_com -- -j4 -l4
[53.410s] Invoking command in '/home/yjh/px4_ros_com_ros2/build/px4_ros_com': AMENT_PREFIX_PATH=/home/yjh/px4_ros_com_ros2/install/px4_msgs:${AMENT_PREFIX_PATH} CMAKE_PREFIX_PATH=/home/yjh/px4_ros_com_ros2/install/px4_msgs:/opt/ros/foxy LD_LIBRARY_PATH=/home/yjh/px4_ros_com_ros2/install/px4_msgs/lib:${LD_LIBRARY_PATH} PYTHONPATH=/home/yjh/px4_ros_com_ros2/install/px4_msgs/lib/python3.8/site-packages:${PYTHONPATH} /usr/bin/cmake --install /home/yjh/px4_ros_com_ros2/build/px4_ros_com
[53.444s] -- Install configuration: "RELWITHDEBINFO"
[53.450s] -- Execute custom install script
[53.455s] -- Up-to-date symlink: /home/yjh/px4_ros_com_ros2/install/px4_ros_com/lib/px4_ros_com/sensor_combined_listener
[53.456s] -- Up-to-date symlink: /home/yjh/px4_ros_com_ros2/install/px4_ros_com/lib/px4_ros_com/vehicle_gps_position_listener
[53.457s] -- Up-to-date symlink: /home/yjh/px4_ros_com_ros2/install/px4_ros_com/lib/px4_ros_com/debug_vect_advertiser
[53.459s] -- Up-to-date symlink: /home/yjh/px4_ros_com_ros2/install/px4_ros_com/lib/px4_ros_com/offboard_control
[53.460s] -- Up-to-date symlink: /home/yjh/px4_ros_com_ros2/install/px4_ros_com/lib/px4_ros_com/iris0_takeoff
[53.462s] -- Up-to-date symlink: /home/yjh/px4_ros_com_ros2/install/px4_ros_com/lib/px4_ros_com/iris1_takeoff
[53.467s] -- Up-to-date symlink: /home/yjh/px4_ros_com_ros2/install/px4_ros_com/lib/px4_ros_com/iris2_takeoff
[53.468s] -- Up-to-date symlink: /home/yjh/px4_ros_com_ros2/install/px4_ros_com/lib/px4_ros_com/position_calculator
[53.471s] -- Up-to-date symlink: /home/yjh/px4_ros_com_ros2/install/px4_ros_com/lib/px4_ros_com/mission2
[53.472s] -- Up-to-date symlink: /home/yjh/px4_ros_com_ros2/install/px4_ros_com/share/px4_ros_com/environment/library_path.sh
[53.473s] -- Up-to-date symlink: /home/yjh/px4_ros_com_ros2/install/px4_ros_com/share/px4_ros_com/environment/library_path.dsv
[53.480s] -- Up-to-date symlink: /home/yjh/px4_ros_com_ros2/install/px4_ros_com/include/px4_ros_com/frame_transforms.h
[53.485s] -- Up-to-date symlink: /home/yjh/px4_ros_com_ros2/install/px4_ros_com/share/px4_ros_com/cmake/EnableC++XX.cmake
[53.487s] -- Up-to-date symlink: /home/yjh/px4_ros_com_ros2/install/px4_ros_com/share/px4_ros_com/cmake/EnableSanitizers.cmake
[53.487s] -- Up-to-date symlink: /home/yjh/px4_ros_com_ros2/install/px4_ros_com/share/px4_ros_com/cmake/GenerateMicroRTPSAgent.cmake
[53.489s] -- Up-to-date symlink: /home/yjh/px4_ros_com_ros2/install/px4_ros_com/share/px4_ros_com/launch/sensor_combined_listener.launch.py
[53.491s] -- Up-to-date symlink: /home/yjh/px4_ros_com_ros2/install/px4_ros_com/share/px4_ros_com/test/__init__.py
[53.492s] -- Up-to-date symlink: /home/yjh/px4_ros_com_ros2/install/px4_ros_com/share/px4_ros_com/test/pipeline_io_test.py
[53.493s] -- Up-to-date symlink: /home/yjh/px4_ros_com_ros2/install/px4_ros_com/share/px4_ros_com/test/test_input.py
[53.495s] -- Up-to-date symlink: /home/yjh/px4_ros_com_ros2/install/px4_ros_com/share/px4_ros_com/test/test_output.py
[53.496s] -- Up-to-date symlink: /home/yjh/px4_ros_com_ros2/install/px4_ros_com/share/ament_index/resource_index/package_run_dependencies/px4_ros_com
[53.499s] -- Up-to-date symlink: /home/yjh/px4_ros_com_ros2/install/px4_ros_com/share/ament_index/resource_index/parent_prefix_path/px4_ros_com
[53.499s] -- Up-to-date symlink: /home/yjh/px4_ros_com_ros2/install/px4_ros_com/share/px4_ros_com/environment/ament_prefix_path.sh
[53.500s] -- Up-to-date symlink: /home/yjh/px4_ros_com_ros2/install/px4_ros_com/share/px4_ros_com/environment/ament_prefix_path.dsv
[53.500s] -- Up-to-date symlink: /home/yjh/px4_ros_com_ros2/install/px4_ros_com/share/px4_ros_com/environment/path.sh
[53.501s] -- Up-to-date symlink: /home/yjh/px4_ros_com_ros2/install/px4_ros_com/share/px4_ros_com/environment/path.dsv
[53.502s] -- Up-to-date symlink: /home/yjh/px4_ros_com_ros2/install/px4_ros_com/share/px4_ros_com/local_setup.bash
[53.503s] -- Up-to-date symlink: /home/yjh/px4_ros_com_ros2/install/px4_ros_com/share/px4_ros_com/local_setup.sh
[53.505s] -- Up-to-date symlink: /home/yjh/px4_ros_com_ros2/install/px4_ros_com/share/px4_ros_com/local_setup.zsh
[53.507s] -- Up-to-date symlink: /home/yjh/px4_ros_com_ros2/install/px4_ros_com/share/px4_ros_com/local_setup.dsv
[53.508s] -- Symlinking: /home/yjh/px4_ros_com_ros2/install/px4_ros_com/share/px4_ros_com/package.dsv
[53.543s] -- Up-to-date symlink: /home/yjh/px4_ros_com_ros2/install/px4_ros_com/share/ament_index/resource_index/packages/px4_ros_com
[53.544s] -- Up-to-date symlink: /home/yjh/px4_ros_com_ros2/install/px4_ros_com/share/px4_ros_com/cmake/ament_cmake_export_dependencies-extras.cmake
[53.545s] -- Up-to-date symlink: /home/yjh/px4_ros_com_ros2/install/px4_ros_com/share/px4_ros_com/cmake/ament_cmake_export_targets-extras.cmake
[53.546s] -- Up-to-date symlink: /home/yjh/px4_ros_com_ros2/install/px4_ros_com/share/px4_ros_com/cmake/ament_cmake_export_include_directories-extras.cmake
[53.549s] -- Up-to-date symlink: /home/yjh/px4_ros_com_ros2/install/px4_ros_com/share/px4_ros_com/cmake/ament_cmake_export_libraries-extras.cmake
[53.550s] -- Up-to-date symlink: /home/yjh/px4_ros_com_ros2/install/px4_ros_com/share/px4_ros_com/cmake/px4_ros_comConfig.cmake
[53.551s] -- Up-to-date symlink: /home/yjh/px4_ros_com_ros2/install/px4_ros_com/share/px4_ros_com/cmake/px4_ros_comConfig-version.cmake
[53.552s] -- Up-to-date symlink: /home/yjh/px4_ros_com_ros2/install/px4_ros_com/share/px4_ros_com/package.xml
[53.556s] -- Up-to-date: /home/yjh/px4_ros_com_ros2/install/px4_ros_com/lib/libframe_transforms.so
[53.556s] -- Up-to-date: /home/yjh/px4_ros_com_ros2/install/px4_ros_com/bin/micrortps_agent
[53.560s] -- Up-to-date: /home/yjh/px4_ros_com_ros2/install/px4_ros_com/share/px4_ros_com/cmake/export_frame_transformsExport.cmake
[53.560s] -- Up-to-date: /home/yjh/px4_ros_com_ros2/install/px4_ros_com/share/px4_ros_com/cmake/export_frame_transformsExport-relwithdebinfo.cmake
[53.571s] Invoked command in '/home/yjh/px4_ros_com_ros2/build/px4_ros_com' returned '0': AMENT_PREFIX_PATH=/home/yjh/px4_ros_com_ros2/install/px4_msgs:${AMENT_PREFIX_PATH} CMAKE_PREFIX_PATH=/home/yjh/px4_ros_com_ros2/install/px4_msgs:/opt/ros/foxy LD_LIBRARY_PATH=/home/yjh/px4_ros_com_ros2/install/px4_msgs/lib:${LD_LIBRARY_PATH} PYTHONPATH=/home/yjh/px4_ros_com_ros2/install/px4_msgs/lib/python3.8/site-packages:${PYTHONPATH} /usr/bin/cmake --install /home/yjh/px4_ros_com_ros2/build/px4_ros_com
