[  2%] Built target frame_transforms
[  4%] Built target mission2
[  7%] Built target offboard_control
[  7%] Built target iris0_triangle
[  9%] Built target vehicle_gps_position_listener
[ 10%] Built target debug_vect_advertiser
[ 12%] Built target sensor_combined_listener
[ 14%] [32mBuilding CXX object CMakeFiles/position_calculator_iris1.dir/src/examples/offboard/position_calculator_iris1.cpp.o[0m
[ 15%] Built target iris1_triangle
[ 16%] Built target iris2_triangle
[35m[1mScanning dependencies of target position_calculator_iris2[0m
[ 97%] Built target micrortps_agent
[ 98%] [32mBuilding CXX object CMakeFiles/position_calculator_iris2.dir/src/examples/offboard/position_calculator_iris2.cpp.o[0m
[01m[K/home/yjh/px4_ros_com_ros2/src/px4_ros_com/src/examples/offboard/position_calculator_iris1.cpp:28:34:[m[K [01;31m[Kerror: [m[Kexpected ‘[01m[K;[m[K’ at end of member declaration
   28 |   float local_velocity_iris0[3], [01;31m[Kloat[m[K local_velocity_iris1[3], loat local_velocity_iris2[3];
      |                                  [01;31m[K^~~~[m[K
      |                                      [32m[K;[m[K
[01m[K/home/yjh/px4_ros_com_ros2/src/px4_ros_com/src/examples/offboard/position_calculator_iris1.cpp:28:39:[m[K [01;31m[Kerror: [m[K‘[01m[Klocal_velocity_iris1[m[K’ does not name a type
   28 |   float local_velocity_iris0[3], loat [01;31m[Klocal_velocity_iris1[m[K[3], loat local_velocity_iris2[3];
      |                                       [01;31m[K^~~~~~~~~~~~~~~~~~~~[m[K
[01m[K/home/yjh/px4_ros_com_ros2/src/px4_ros_com/src/examples/offboard/position_calculator_iris2.cpp:28:34:[m[K [01;31m[Kerror: [m[Kexpected ‘[01m[K;[m[K’ at end of member declaration
   28 |   float local_velocity_iris0[3], [01;31m[Kloat[m[K local_velocity_iris1[3], loat local_velocity_iris2[3];
      |                                  [01;31m[K^~~~[m[K
      |                                      [32m[K;[m[K
[01m[K/home/yjh/px4_ros_com_ros2/src/px4_ros_com/src/examples/offboard/position_calculator_iris2.cpp:28:39:[m[K [01;31m[Kerror: [m[K‘[01m[Klocal_velocity_iris1[m[K’ does not name a type
   28 |   float local_velocity_iris0[3], loat [01;31m[Klocal_velocity_iris1[m[K[3], loat local_velocity_iris2[3];
      |                                       [01;31m[K^~~~~~~~~~~~~~~~~~~~[m[K
make[2]: *** [CMakeFiles/position_calculator_iris2.dir/build.make:63: CMakeFiles/position_calculator_iris2.dir/src/examples/offboard/position_calculator_iris2.cpp.o] Error 1
make[1]: *** [CMakeFiles/Makefile2:451: CMakeFiles/position_calculator_iris2.dir/all] Error 2
make[1]: *** Waiting for unfinished jobs....
make[2]: *** [CMakeFiles/position_calculator_iris1.dir/build.make:63: CMakeFiles/position_calculator_iris1.dir/src/examples/offboard/position_calculator_iris1.cpp.o] Error 1
make[1]: *** [CMakeFiles/Makefile2:424: CMakeFiles/position_calculator_iris1.dir/all] Error 2
make: *** [Makefile:141: all] Error 2
