[  2%] Built target frame_transforms
[  4%] Built target vehicle_gps_position_listener
[  5%] Built target debug_vect_advertiser
[  7%] Built target sensor_combined_listener
[35m[1mScanning dependencies of target iris0_takeoff[0m
[  8%] [32mBuilding CXX object CMakeFiles/iris0_takeoff.dir/src/examples/offboard/iris0_takeoff.cpp.o[0m
[  9%] [32m[1mLinking CXX executable iris0_takeoff[0m
[  9%] Built target iris0_takeoff
[ 11%] Built target iris2_takeoff
[ 13%] Built target offboard_control
[35m[1mScanning dependencies of target position_calculator[0m
[ 14%] [32mBuilding CXX object CMakeFiles/position_calculator.dir/src/examples/offboard/position_calculator.cpp.o[0m
[ 15%] [32m[1mLinking CXX executable position_calculator[0m
[ 15%] Built target position_calculator
[ 17%] Built target mission2
[ 98%] Built target micrortps_agent
[100%] Built target iris1_takeoff
-- Install configuration: "RELWITHDEBINFO"
-- Execute custom install script
-- Up-to-date symlink: /home/yjh/px4_ros_com_ros2/install/px4_ros_com/lib/px4_ros_com/sensor_combined_listener
-- Up-to-date symlink: /home/yjh/px4_ros_com_ros2/install/px4_ros_com/lib/px4_ros_com/vehicle_gps_position_listener
-- Up-to-date symlink: /home/yjh/px4_ros_com_ros2/install/px4_ros_com/lib/px4_ros_com/debug_vect_advertiser
-- Up-to-date symlink: /home/yjh/px4_ros_com_ros2/install/px4_ros_com/lib/px4_ros_com/offboard_control
-- Up-to-date symlink: /home/yjh/px4_ros_com_ros2/install/px4_ros_com/lib/px4_ros_com/iris0_takeoff
-- Up-to-date symlink: /home/yjh/px4_ros_com_ros2/install/px4_ros_com/lib/px4_ros_com/iris1_takeoff
-- Up-to-date symlink: /home/yjh/px4_ros_com_ros2/install/px4_ros_com/lib/px4_ros_com/iris2_takeoff
-- Up-to-date symlink: /home/yjh/px4_ros_com_ros2/install/px4_ros_com/lib/px4_ros_com/position_calculator
-- Up-to-date symlink: /home/yjh/px4_ros_com_ros2/install/px4_ros_com/lib/px4_ros_com/mission2
-- Up-to-date symlink: /home/yjh/px4_ros_com_ros2/install/px4_ros_com/share/px4_ros_com/environment/library_path.sh
-- Up-to-date symlink: /home/yjh/px4_ros_com_ros2/install/px4_ros_com/share/px4_ros_com/environment/library_path.dsv
-- Up-to-date symlink: /home/yjh/px4_ros_com_ros2/install/px4_ros_com/include/px4_ros_com/frame_transforms.h
-- Up-to-date symlink: /home/yjh/px4_ros_com_ros2/install/px4_ros_com/share/px4_ros_com/cmake/EnableC++XX.cmake
-- Up-to-date symlink: /home/yjh/px4_ros_com_ros2/install/px4_ros_com/share/px4_ros_com/cmake/EnableSanitizers.cmake
-- Up-to-date symlink: /home/yjh/px4_ros_com_ros2/install/px4_ros_com/share/px4_ros_com/cmake/GenerateMicroRTPSAgent.cmake
-- Up-to-date symlink: /home/yjh/px4_ros_com_ros2/install/px4_ros_com/share/px4_ros_com/launch/sensor_combined_listener.launch.py
-- Up-to-date symlink: /home/yjh/px4_ros_com_ros2/install/px4_ros_com/share/px4_ros_com/test/__init__.py
-- Up-to-date symlink: /home/yjh/px4_ros_com_ros2/install/px4_ros_com/share/px4_ros_com/test/pipeline_io_test.py
-- Up-to-date symlink: /home/yjh/px4_ros_com_ros2/install/px4_ros_com/share/px4_ros_com/test/test_input.py
-- Up-to-date symlink: /home/yjh/px4_ros_com_ros2/install/px4_ros_com/share/px4_ros_com/test/test_output.py
-- Up-to-date symlink: /home/yjh/px4_ros_com_ros2/install/px4_ros_com/share/ament_index/resource_index/package_run_dependencies/px4_ros_com
-- Up-to-date symlink: /home/yjh/px4_ros_com_ros2/install/px4_ros_com/share/ament_index/resource_index/parent_prefix_path/px4_ros_com
-- Up-to-date symlink: /home/yjh/px4_ros_com_ros2/install/px4_ros_com/share/px4_ros_com/environment/ament_prefix_path.sh
-- Up-to-date symlink: /home/yjh/px4_ros_com_ros2/install/px4_ros_com/share/px4_ros_com/environment/ament_prefix_path.dsv
-- Up-to-date symlink: /home/yjh/px4_ros_com_ros2/install/px4_ros_com/share/px4_ros_com/environment/path.sh
-- Up-to-date symlink: /home/yjh/px4_ros_com_ros2/install/px4_ros_com/share/px4_ros_com/environment/path.dsv
-- Up-to-date symlink: /home/yjh/px4_ros_com_ros2/install/px4_ros_com/share/px4_ros_com/local_setup.bash
-- Up-to-date symlink: /home/yjh/px4_ros_com_ros2/install/px4_ros_com/share/px4_ros_com/local_setup.sh
-- Up-to-date symlink: /home/yjh/px4_ros_com_ros2/install/px4_ros_com/share/px4_ros_com/local_setup.zsh
-- Up-to-date symlink: /home/yjh/px4_ros_com_ros2/install/px4_ros_com/share/px4_ros_com/local_setup.dsv
-- Symlinking: /home/yjh/px4_ros_com_ros2/install/px4_ros_com/share/px4_ros_com/package.dsv
-- Up-to-date symlink: /home/yjh/px4_ros_com_ros2/install/px4_ros_com/share/ament_index/resource_index/packages/px4_ros_com
-- Up-to-date symlink: /home/yjh/px4_ros_com_ros2/install/px4_ros_com/share/px4_ros_com/cmake/ament_cmake_export_dependencies-extras.cmake
-- Up-to-date symlink: /home/yjh/px4_ros_com_ros2/install/px4_ros_com/share/px4_ros_com/cmake/ament_cmake_export_targets-extras.cmake
-- Up-to-date symlink: /home/yjh/px4_ros_com_ros2/install/px4_ros_com/share/px4_ros_com/cmake/ament_cmake_export_include_directories-extras.cmake
-- Up-to-date symlink: /home/yjh/px4_ros_com_ros2/install/px4_ros_com/share/px4_ros_com/cmake/ament_cmake_export_libraries-extras.cmake
-- Up-to-date symlink: /home/yjh/px4_ros_com_ros2/install/px4_ros_com/share/px4_ros_com/cmake/px4_ros_comConfig.cmake
-- Up-to-date symlink: /home/yjh/px4_ros_com_ros2/install/px4_ros_com/share/px4_ros_com/cmake/px4_ros_comConfig-version.cmake
-- Up-to-date symlink: /home/yjh/px4_ros_com_ros2/install/px4_ros_com/share/px4_ros_com/package.xml
-- Up-to-date: /home/yjh/px4_ros_com_ros2/install/px4_ros_com/lib/libframe_transforms.so
-- Up-to-date: /home/yjh/px4_ros_com_ros2/install/px4_ros_com/bin/micrortps_agent
-- Up-to-date: /home/yjh/px4_ros_com_ros2/install/px4_ros_com/share/px4_ros_com/cmake/export_frame_transformsExport.cmake
-- Up-to-date: /home/yjh/px4_ros_com_ros2/install/px4_ros_com/share/px4_ros_com/cmake/export_frame_transformsExport-relwithdebinfo.cmake
