[1.373s] DEBUG:colcon:Command line arguments: ['/usr/bin/colcon', 'build', '--symlink-install', '--event-handlers', 'console_direct+']
[1.373s] DEBUG:colcon:Parsed command line arguments: Namespace(allow_overriding=[], ament_cmake_args=None, base_paths=['.'], build_base='build', catkin_cmake_args=None, catkin_skip_building_tests=False, cmake_args=None, cmake_clean_cache=False, cmake_clean_first=False, cmake_force_configure=False, cmake_target=None, cmake_target_skip_unavailable=False, continue_on_error=False, event_handlers=['console_direct+'], executor='parallel', ignore_user_meta=False, install_base='install', log_base=None, log_level=None, main=<bound method BuildVerb.main of <colcon_core.verb.build.BuildVerb object at 0x7f255d8477f0>>, merge_install=False, metas=['./colcon.meta'], packages_above=None, packages_above_and_dependencies=None, packages_above_depth=None, packages_end=None, packages_ignore=None, packages_ignore_regex=None, packages_select=None, packages_select_build_failed=False, packages_select_by_dep=None, packages_select_regex=None, packages_select_test_failures=False, packages_skip=None, packages_skip_build_finished=False, packages_skip_by_dep=None, packages_skip_regex=None, packages_skip_test_passed=False, packages_skip_up_to=None, packages_start=None, packages_up_to=None, packages_up_to_regex=None, parallel_workers=4, paths=None, symlink_install=True, test_result_base=None, verb_extension=<colcon_core.verb.build.BuildVerb object at 0x7f255d8477f0>, verb_name='build', verb_parser=<colcon_defaults.argument_parser.defaults.DefaultArgumentsDecorator object at 0x7f255d70f220>)
[1.657s] Level 1:colcon.colcon_core.package_discovery:discover_packages(colcon_meta) check parameters
[1.658s] Level 1:colcon.colcon_core.package_discovery:discover_packages(recursive) check parameters
[1.658s] Level 1:colcon.colcon_core.package_discovery:discover_packages(ignore) check parameters
[1.658s] Level 1:colcon.colcon_core.package_discovery:discover_packages(path) check parameters
[1.659s] Level 1:colcon.colcon_core.package_discovery:discover_packages(colcon_meta) discover
[1.659s] Level 1:colcon.colcon_core.package_discovery:discover_packages(recursive) discover
[1.660s] INFO:colcon.colcon_core.package_discovery:Crawling recursively for packages in '/home/yjh/px4_ros_com_ros2'
[1.661s] Level 1:colcon.colcon_core.package_identification:_identify(.) by extensions ['ignore', 'ignore_ament_install']
[1.661s] Level 1:colcon.colcon_core.package_identification:_identify(.) by extension 'ignore'
[1.661s] Level 1:colcon.colcon_core.package_identification:_identify(.) by extension 'ignore_ament_install'
[1.662s] Level 1:colcon.colcon_core.package_identification:_identify(.) by extensions ['colcon_pkg']
[1.662s] Level 1:colcon.colcon_core.package_identification:_identify(.) by extension 'colcon_pkg'
[1.662s] Level 1:colcon.colcon_core.package_identification:_identify(.) by extensions ['colcon_meta']
[1.662s] Level 1:colcon.colcon_core.package_identification:_identify(.) by extension 'colcon_meta'
[1.662s] Level 1:colcon.colcon_core.package_identification:_identify(.) by extensions ['ros']
[1.662s] Level 1:colcon.colcon_core.package_identification:_identify(.) by extension 'ros'
[1.730s] Level 1:colcon.colcon_core.package_identification:_identify(.) by extensions ['cmake', 'python']
[1.730s] Level 1:colcon.colcon_core.package_identification:_identify(.) by extension 'cmake'
[1.730s] Level 1:colcon.colcon_core.package_identification:_identify(.) by extension 'python'
[1.731s] Level 1:colcon.colcon_core.package_identification:_identify(.) by extensions ['python_setup_py']
[1.731s] Level 1:colcon.colcon_core.package_identification:_identify(.) by extension 'python_setup_py'
[1.731s] Level 1:colcon.colcon_core.package_identification:_identify(build) by extensions ['ignore', 'ignore_ament_install']
[1.731s] Level 1:colcon.colcon_core.package_identification:_identify(build) by extension 'ignore'
[1.731s] Level 1:colcon.colcon_core.package_identification:_identify(build) ignored
[1.732s] Level 1:colcon.colcon_core.package_identification:_identify(install) by extensions ['ignore', 'ignore_ament_install']
[1.732s] Level 1:colcon.colcon_core.package_identification:_identify(install) by extension 'ignore'
[1.732s] Level 1:colcon.colcon_core.package_identification:_identify(install) ignored
[1.733s] Level 1:colcon.colcon_core.package_identification:_identify(log) by extensions ['ignore', 'ignore_ament_install']
[1.734s] Level 1:colcon.colcon_core.package_identification:_identify(log) by extension 'ignore'
[1.734s] Level 1:colcon.colcon_core.package_identification:_identify(log) ignored
[1.735s] Level 1:colcon.colcon_core.package_identification:_identify(src) by extensions ['ignore', 'ignore_ament_install']
[1.736s] Level 1:colcon.colcon_core.package_identification:_identify(src) by extension 'ignore'
[1.737s] Level 1:colcon.colcon_core.package_identification:_identify(src) by extension 'ignore_ament_install'
[1.739s] Level 1:colcon.colcon_core.package_identification:_identify(src) by extensions ['colcon_pkg']
[1.739s] Level 1:colcon.colcon_core.package_identification:_identify(src) by extension 'colcon_pkg'
[1.739s] Level 1:colcon.colcon_core.package_identification:_identify(src) by extensions ['colcon_meta']
[1.739s] Level 1:colcon.colcon_core.package_identification:_identify(src) by extension 'colcon_meta'
[1.740s] Level 1:colcon.colcon_core.package_identification:_identify(src) by extensions ['ros']
[1.740s] Level 1:colcon.colcon_core.package_identification:_identify(src) by extension 'ros'
[1.740s] Level 1:colcon.colcon_core.package_identification:_identify(src) by extensions ['cmake', 'python']
[1.740s] Level 1:colcon.colcon_core.package_identification:_identify(src) by extension 'cmake'
[1.740s] Level 1:colcon.colcon_core.package_identification:_identify(src) by extension 'python'
[1.741s] Level 1:colcon.colcon_core.package_identification:_identify(src) by extensions ['python_setup_py']
[1.741s] Level 1:colcon.colcon_core.package_identification:_identify(src) by extension 'python_setup_py'
[1.741s] Level 1:colcon.colcon_core.package_identification:_identify(src/px4_msgs) by extensions ['ignore', 'ignore_ament_install']
[1.741s] Level 1:colcon.colcon_core.package_identification:_identify(src/px4_msgs) by extension 'ignore'
[1.741s] Level 1:colcon.colcon_core.package_identification:_identify(src/px4_msgs) by extension 'ignore_ament_install'
[1.742s] Level 1:colcon.colcon_core.package_identification:_identify(src/px4_msgs) by extensions ['colcon_pkg']
[1.742s] Level 1:colcon.colcon_core.package_identification:_identify(src/px4_msgs) by extension 'colcon_pkg'
[1.742s] Level 1:colcon.colcon_core.package_identification:_identify(src/px4_msgs) by extensions ['colcon_meta']
[1.742s] Level 1:colcon.colcon_core.package_identification:_identify(src/px4_msgs) by extension 'colcon_meta'
[1.742s] Level 1:colcon.colcon_core.package_identification:_identify(src/px4_msgs) by extensions ['ros']
[1.742s] Level 1:colcon.colcon_core.package_identification:_identify(src/px4_msgs) by extension 'ros'
[1.758s] DEBUG:colcon.colcon_core.package_identification:Package 'src/px4_msgs' with type 'ros.ament_cmake' and name 'px4_msgs'
[1.758s] Level 1:colcon.colcon_core.package_identification:_identify(src/px4_ros_com) by extensions ['ignore', 'ignore_ament_install']
[1.759s] Level 1:colcon.colcon_core.package_identification:_identify(src/px4_ros_com) by extension 'ignore'
[1.759s] Level 1:colcon.colcon_core.package_identification:_identify(src/px4_ros_com) by extension 'ignore_ament_install'
[1.760s] Level 1:colcon.colcon_core.package_identification:_identify(src/px4_ros_com) by extensions ['colcon_pkg']
[1.760s] Level 1:colcon.colcon_core.package_identification:_identify(src/px4_ros_com) by extension 'colcon_pkg'
[1.760s] Level 1:colcon.colcon_core.package_identification:_identify(src/px4_ros_com) by extensions ['colcon_meta']
[1.760s] Level 1:colcon.colcon_core.package_identification:_identify(src/px4_ros_com) by extension 'colcon_meta'
[1.760s] Level 1:colcon.colcon_core.package_identification:_identify(src/px4_ros_com) by extensions ['ros']
[1.761s] Level 1:colcon.colcon_core.package_identification:_identify(src/px4_ros_com) by extension 'ros'
[1.766s] DEBUG:colcon.colcon_core.package_identification:Package 'src/px4_ros_com' with type 'ros.ament_cmake' and name 'px4_ros_com'
[1.766s] Level 1:colcon.colcon_core.package_discovery:discover_packages(recursive) using defaults
[1.768s] Level 1:colcon.colcon_core.package_discovery:discover_packages(ignore) discover
[1.769s] Level 1:colcon.colcon_core.package_discovery:discover_packages(ignore) using defaults
[1.770s] Level 1:colcon.colcon_core.package_discovery:discover_packages(path) discover
[1.770s] Level 1:colcon.colcon_core.package_discovery:discover_packages(path) using defaults
[1.851s] Level 1:colcon.colcon_core.package_discovery:discover_packages(prefix_path) check parameters
[1.851s] Level 1:colcon.colcon_core.package_discovery:discover_packages(prefix_path) discover
[1.863s] DEBUG:colcon.colcon_installed_package_information.package_discovery:Found 257 installed packages in /opt/ros/foxy
[1.867s] Level 1:colcon.colcon_core.package_discovery:discover_packages(prefix_path) using defaults
[2.230s] Level 5:colcon.colcon_core.verb:set package 'px4_msgs' build argument 'cmake_args' from command line to 'None'
[2.230s] Level 5:colcon.colcon_core.verb:set package 'px4_msgs' build argument 'cmake_target' from command line to 'None'
[2.231s] Level 5:colcon.colcon_core.verb:set package 'px4_msgs' build argument 'cmake_target_skip_unavailable' from command line to 'False'
[2.231s] Level 5:colcon.colcon_core.verb:set package 'px4_msgs' build argument 'cmake_clean_cache' from command line to 'False'
[2.231s] Level 5:colcon.colcon_core.verb:set package 'px4_msgs' build argument 'cmake_clean_first' from command line to 'False'
[2.231s] Level 5:colcon.colcon_core.verb:set package 'px4_msgs' build argument 'cmake_force_configure' from command line to 'False'
[2.231s] Level 5:colcon.colcon_core.verb:set package 'px4_msgs' build argument 'ament_cmake_args' from command line to 'None'
[2.231s] Level 5:colcon.colcon_core.verb:set package 'px4_msgs' build argument 'catkin_cmake_args' from command line to 'None'
[2.231s] Level 5:colcon.colcon_core.verb:set package 'px4_msgs' build argument 'catkin_skip_building_tests' from command line to 'False'
[2.232s] DEBUG:colcon.colcon_core.verb:Building package 'px4_msgs' with the following arguments: {'ament_cmake_args': None, 'build_base': '/home/yjh/px4_ros_com_ros2/build/px4_msgs', 'catkin_cmake_args': None, 'catkin_skip_building_tests': False, 'cmake_args': None, 'cmake_clean_cache': False, 'cmake_clean_first': False, 'cmake_force_configure': False, 'cmake_target': None, 'cmake_target_skip_unavailable': False, 'install_base': '/home/yjh/px4_ros_com_ros2/install/px4_msgs', 'merge_install': False, 'path': '/home/yjh/px4_ros_com_ros2/src/px4_msgs', 'symlink_install': True, 'test_result_base': None}
[2.235s] Level 5:colcon.colcon_core.verb:set package 'px4_ros_com' build argument 'cmake_args' from command line to 'None'
[2.236s] Level 5:colcon.colcon_core.verb:set package 'px4_ros_com' build argument 'cmake_target' from command line to 'None'
[2.236s] Level 5:colcon.colcon_core.verb:set package 'px4_ros_com' build argument 'cmake_target_skip_unavailable' from command line to 'False'
[2.236s] Level 5:colcon.colcon_core.verb:set package 'px4_ros_com' build argument 'cmake_clean_cache' from command line to 'False'
[2.236s] Level 5:colcon.colcon_core.verb:set package 'px4_ros_com' build argument 'cmake_clean_first' from command line to 'False'
[2.236s] Level 5:colcon.colcon_core.verb:set package 'px4_ros_com' build argument 'cmake_force_configure' from command line to 'False'
[2.236s] Level 5:colcon.colcon_core.verb:set package 'px4_ros_com' build argument 'ament_cmake_args' from command line to 'None'
[2.236s] Level 5:colcon.colcon_core.verb:set package 'px4_ros_com' build argument 'catkin_cmake_args' from command line to 'None'
[2.236s] Level 5:colcon.colcon_core.verb:set package 'px4_ros_com' build argument 'catkin_skip_building_tests' from command line to 'False'
[2.236s] DEBUG:colcon.colcon_core.verb:Building package 'px4_ros_com' with the following arguments: {'ament_cmake_args': None, 'build_base': '/home/yjh/px4_ros_com_ros2/build/px4_ros_com', 'catkin_cmake_args': None, 'catkin_skip_building_tests': False, 'cmake_args': None, 'cmake_clean_cache': False, 'cmake_clean_first': False, 'cmake_force_configure': False, 'cmake_target': None, 'cmake_target_skip_unavailable': False, 'install_base': '/home/yjh/px4_ros_com_ros2/install/px4_ros_com', 'merge_install': False, 'path': '/home/yjh/px4_ros_com_ros2/src/px4_ros_com', 'symlink_install': True, 'test_result_base': None}
[2.237s] INFO:colcon.colcon_core.executor:Executing jobs using 'parallel' executor
[2.242s] DEBUG:colcon.colcon_parallel_executor.executor.parallel:run_until_complete
[2.243s] INFO:colcon.colcon_ros.task.ament_cmake.build:Building ROS package in '/home/yjh/px4_ros_com_ros2/src/px4_msgs' with build type 'ament_cmake'
[2.244s] INFO:colcon.colcon_cmake.task.cmake.build:Building CMake package in '/home/yjh/px4_ros_com_ros2/src/px4_msgs'
[2.271s] INFO:colcon.colcon_core.plugin_system:Skipping extension 'colcon_core.shell.bat': Not used on non-Windows systems
[2.272s] INFO:colcon.colcon_core.shell:Skip shell extension 'powershell' for command environment: Not usable outside of PowerShell
[2.273s] DEBUG:colcon.colcon_core.shell:Skip shell extension 'dsv' for command environment
[2.323s] DEBUG:colcon.colcon_core.event_handler.log_command:Invoking command in '/home/yjh/px4_ros_com_ros2/build/px4_msgs': CMAKE_PREFIX_PATH=/opt/ros/foxy /usr/bin/cmake --build /home/yjh/px4_ros_com_ros2/build/px4_msgs -- -j4 -l4
[6.237s] DEBUG:colcon.colcon_core.event_handler.log_command:Invoked command in '/home/yjh/px4_ros_com_ros2/build/px4_msgs' returned '0': CMAKE_PREFIX_PATH=/opt/ros/foxy /usr/bin/cmake --build /home/yjh/px4_ros_com_ros2/build/px4_msgs -- -j4 -l4
[10.466s] DEBUG:colcon.colcon_core.event_handler.log_command:Invoking command in '/home/yjh/px4_ros_com_ros2/build/px4_msgs': CMAKE_PREFIX_PATH=/opt/ros/foxy /usr/bin/cmake --install /home/yjh/px4_ros_com_ros2/build/px4_msgs
[11.792s] Level 1:colcon.colcon_core.environment:create_environment_scripts_only(px4_msgs)
[11.793s] DEBUG:colcon.colcon_core.event_handler.log_command:Invoked command in '/home/yjh/px4_ros_com_ros2/build/px4_msgs' returned '0': CMAKE_PREFIX_PATH=/opt/ros/foxy /usr/bin/cmake --install /home/yjh/px4_ros_com_ros2/build/px4_msgs
[11.801s] Level 1:colcon.colcon_core.environment:checking '/home/yjh/px4_ros_com_ros2/install/px4_msgs' for CMake module files
[11.801s] Level 1:colcon.colcon_core.environment:checking '/home/yjh/px4_ros_com_ros2/install/px4_msgs' for CMake config files
[11.806s] Level 1:colcon.colcon_core.shell:create_environment_hook('px4_msgs', 'cmake_prefix_path')
[11.807s] INFO:colcon.colcon_core.shell:Creating environment hook '/home/yjh/px4_ros_com_ros2/install/px4_msgs/share/px4_msgs/hook/cmake_prefix_path.ps1'
[11.808s] INFO:colcon.colcon_core.shell:Creating environment descriptor '/home/yjh/px4_ros_com_ros2/install/px4_msgs/share/px4_msgs/hook/cmake_prefix_path.dsv'
[11.808s] INFO:colcon.colcon_core.shell:Creating environment hook '/home/yjh/px4_ros_com_ros2/install/px4_msgs/share/px4_msgs/hook/cmake_prefix_path.sh'
[11.810s] Level 1:colcon.colcon_core.environment:checking '/home/yjh/px4_ros_com_ros2/install/px4_msgs/lib'
[11.810s] Level 1:colcon.colcon_core.shell:create_environment_hook('px4_msgs', 'ld_library_path_lib')
[11.811s] INFO:colcon.colcon_core.shell:Creating environment hook '/home/yjh/px4_ros_com_ros2/install/px4_msgs/share/px4_msgs/hook/ld_library_path_lib.ps1'
[11.811s] INFO:colcon.colcon_core.shell:Creating environment descriptor '/home/yjh/px4_ros_com_ros2/install/px4_msgs/share/px4_msgs/hook/ld_library_path_lib.dsv'
[11.811s] INFO:colcon.colcon_core.shell:Creating environment hook '/home/yjh/px4_ros_com_ros2/install/px4_msgs/share/px4_msgs/hook/ld_library_path_lib.sh'
[11.812s] Level 1:colcon.colcon_core.environment:checking '/home/yjh/px4_ros_com_ros2/install/px4_msgs/bin'
[11.812s] Level 1:colcon.colcon_core.environment:checking '/home/yjh/px4_ros_com_ros2/install/px4_msgs/lib/pkgconfig/px4_msgs.pc'
[11.812s] Level 1:colcon.colcon_core.environment:checking '/home/yjh/px4_ros_com_ros2/install/px4_msgs/lib/python3.8/site-packages'
[11.812s] Level 1:colcon.colcon_core.shell:create_environment_hook('px4_msgs', 'pythonpath')
[11.813s] INFO:colcon.colcon_core.shell:Creating environment hook '/home/yjh/px4_ros_com_ros2/install/px4_msgs/share/px4_msgs/hook/pythonpath.ps1'
[11.813s] INFO:colcon.colcon_core.shell:Creating environment descriptor '/home/yjh/px4_ros_com_ros2/install/px4_msgs/share/px4_msgs/hook/pythonpath.dsv'
[11.813s] INFO:colcon.colcon_core.shell:Creating environment hook '/home/yjh/px4_ros_com_ros2/install/px4_msgs/share/px4_msgs/hook/pythonpath.sh'
[11.814s] Level 1:colcon.colcon_core.environment:checking '/home/yjh/px4_ros_com_ros2/install/px4_msgs/bin'
[11.815s] INFO:colcon.colcon_core.shell:Creating package script '/home/yjh/px4_ros_com_ros2/install/px4_msgs/share/px4_msgs/package.ps1'
[11.816s] INFO:colcon.colcon_core.shell:Creating package descriptor '/home/yjh/px4_ros_com_ros2/install/px4_msgs/share/px4_msgs/package.dsv'
[11.817s] INFO:colcon.colcon_core.shell:Creating package script '/home/yjh/px4_ros_com_ros2/install/px4_msgs/share/px4_msgs/package.sh'
[11.818s] INFO:colcon.colcon_core.shell:Creating package script '/home/yjh/px4_ros_com_ros2/install/px4_msgs/share/px4_msgs/package.bash'
[11.819s] INFO:colcon.colcon_core.shell:Creating package script '/home/yjh/px4_ros_com_ros2/install/px4_msgs/share/px4_msgs/package.zsh'
[11.820s] Level 1:colcon.colcon_core.environment:create_file_with_runtime_dependencies(/home/yjh/px4_ros_com_ros2/install/px4_msgs/share/colcon-core/packages/px4_msgs)
[15.430s] Level 1:colcon.colcon_core.environment:create_environment_scripts_only(px4_msgs)
[15.431s] Level 1:colcon.colcon_core.environment:checking '/home/yjh/px4_ros_com_ros2/install/px4_msgs' for CMake module files
[15.432s] Level 1:colcon.colcon_core.environment:checking '/home/yjh/px4_ros_com_ros2/install/px4_msgs' for CMake config files
[15.435s] Level 1:colcon.colcon_core.shell:create_environment_hook('px4_msgs', 'cmake_prefix_path')
[15.436s] INFO:colcon.colcon_core.shell:Creating environment hook '/home/yjh/px4_ros_com_ros2/install/px4_msgs/share/px4_msgs/hook/cmake_prefix_path.ps1'
[15.437s] INFO:colcon.colcon_core.shell:Creating environment descriptor '/home/yjh/px4_ros_com_ros2/install/px4_msgs/share/px4_msgs/hook/cmake_prefix_path.dsv'
[15.437s] INFO:colcon.colcon_core.shell:Creating environment hook '/home/yjh/px4_ros_com_ros2/install/px4_msgs/share/px4_msgs/hook/cmake_prefix_path.sh'
[15.438s] Level 1:colcon.colcon_core.environment:checking '/home/yjh/px4_ros_com_ros2/install/px4_msgs/lib'
[15.438s] Level 1:colcon.colcon_core.shell:create_environment_hook('px4_msgs', 'ld_library_path_lib')
[15.439s] INFO:colcon.colcon_core.shell:Creating environment hook '/home/yjh/px4_ros_com_ros2/install/px4_msgs/share/px4_msgs/hook/ld_library_path_lib.ps1'
[15.439s] INFO:colcon.colcon_core.shell:Creating environment descriptor '/home/yjh/px4_ros_com_ros2/install/px4_msgs/share/px4_msgs/hook/ld_library_path_lib.dsv'
[15.439s] INFO:colcon.colcon_core.shell:Creating environment hook '/home/yjh/px4_ros_com_ros2/install/px4_msgs/share/px4_msgs/hook/ld_library_path_lib.sh'
[15.440s] Level 1:colcon.colcon_core.environment:checking '/home/yjh/px4_ros_com_ros2/install/px4_msgs/bin'
[15.440s] Level 1:colcon.colcon_core.environment:checking '/home/yjh/px4_ros_com_ros2/install/px4_msgs/lib/pkgconfig/px4_msgs.pc'
[15.440s] Level 1:colcon.colcon_core.environment:checking '/home/yjh/px4_ros_com_ros2/install/px4_msgs/lib/python3.8/site-packages'
[15.440s] Level 1:colcon.colcon_core.shell:create_environment_hook('px4_msgs', 'pythonpath')
[15.441s] INFO:colcon.colcon_core.shell:Creating environment hook '/home/yjh/px4_ros_com_ros2/install/px4_msgs/share/px4_msgs/hook/pythonpath.ps1'
[15.441s] INFO:colcon.colcon_core.shell:Creating environment descriptor '/home/yjh/px4_ros_com_ros2/install/px4_msgs/share/px4_msgs/hook/pythonpath.dsv'
[15.441s] INFO:colcon.colcon_core.shell:Creating environment hook '/home/yjh/px4_ros_com_ros2/install/px4_msgs/share/px4_msgs/hook/pythonpath.sh'
[15.442s] Level 1:colcon.colcon_core.environment:checking '/home/yjh/px4_ros_com_ros2/install/px4_msgs/bin'
[15.443s] INFO:colcon.colcon_core.shell:Creating package script '/home/yjh/px4_ros_com_ros2/install/px4_msgs/share/px4_msgs/package.ps1'
[15.444s] INFO:colcon.colcon_core.shell:Creating package descriptor '/home/yjh/px4_ros_com_ros2/install/px4_msgs/share/px4_msgs/package.dsv'
[15.444s] INFO:colcon.colcon_core.shell:Creating package script '/home/yjh/px4_ros_com_ros2/install/px4_msgs/share/px4_msgs/package.sh'
[15.445s] INFO:colcon.colcon_core.shell:Creating package script '/home/yjh/px4_ros_com_ros2/install/px4_msgs/share/px4_msgs/package.bash'
[15.445s] INFO:colcon.colcon_core.shell:Creating package script '/home/yjh/px4_ros_com_ros2/install/px4_msgs/share/px4_msgs/package.zsh'
[15.445s] Level 1:colcon.colcon_core.environment:create_file_with_runtime_dependencies(/home/yjh/px4_ros_com_ros2/install/px4_msgs/share/colcon-core/packages/px4_msgs)
[15.446s] INFO:colcon.colcon_ros.task.ament_cmake.build:Building ROS package in '/home/yjh/px4_ros_com_ros2/src/px4_ros_com' with build type 'ament_cmake'
[15.446s] INFO:colcon.colcon_cmake.task.cmake.build:Building CMake package in '/home/yjh/px4_ros_com_ros2/src/px4_ros_com'
[15.447s] INFO:colcon.colcon_core.shell:Skip shell extension 'powershell' for command environment: Not usable outside of PowerShell
[15.447s] DEBUG:colcon.colcon_core.shell:Skip shell extension 'dsv' for command environment
[15.463s] DEBUG:colcon.colcon_core.event_handler.log_command:Invoking command in '/home/yjh/px4_ros_com_ros2/build/px4_ros_com': AMENT_PREFIX_PATH=/home/yjh/px4_ros_com_ros2/install/px4_msgs:${AMENT_PREFIX_PATH} CMAKE_PREFIX_PATH=/home/yjh/px4_ros_com_ros2/install/px4_msgs:/opt/ros/foxy LD_LIBRARY_PATH=/home/yjh/px4_ros_com_ros2/install/px4_msgs/lib:${LD_LIBRARY_PATH} PYTHONPATH=/home/yjh/px4_ros_com_ros2/install/px4_msgs/lib/python3.8/site-packages:${PYTHONPATH} /usr/bin/cmake --build /home/yjh/px4_ros_com_ros2/build/px4_ros_com -- -j4 -l4
[34.379s] DEBUG:colcon.colcon_core.event_handler.log_command:Invoked command in '/home/yjh/px4_ros_com_ros2/build/px4_ros_com' returned '0': AMENT_PREFIX_PATH=/home/yjh/px4_ros_com_ros2/install/px4_msgs:${AMENT_PREFIX_PATH} CMAKE_PREFIX_PATH=/home/yjh/px4_ros_com_ros2/install/px4_msgs:/opt/ros/foxy LD_LIBRARY_PATH=/home/yjh/px4_ros_com_ros2/install/px4_msgs/lib:${LD_LIBRARY_PATH} PYTHONPATH=/home/yjh/px4_ros_com_ros2/install/px4_msgs/lib/python3.8/site-packages:${PYTHONPATH} /usr/bin/cmake --build /home/yjh/px4_ros_com_ros2/build/px4_ros_com -- -j4 -l4
[34.594s] DEBUG:colcon.colcon_core.event_handler.log_command:Invoking command in '/home/yjh/px4_ros_com_ros2/build/px4_ros_com': AMENT_PREFIX_PATH=/home/yjh/px4_ros_com_ros2/install/px4_msgs:${AMENT_PREFIX_PATH} CMAKE_PREFIX_PATH=/home/yjh/px4_ros_com_ros2/install/px4_msgs:/opt/ros/foxy LD_LIBRARY_PATH=/home/yjh/px4_ros_com_ros2/install/px4_msgs/lib:${LD_LIBRARY_PATH} PYTHONPATH=/home/yjh/px4_ros_com_ros2/install/px4_msgs/lib/python3.8/site-packages:${PYTHONPATH} /usr/bin/cmake --install /home/yjh/px4_ros_com_ros2/build/px4_ros_com
[34.647s] Level 1:colcon.colcon_core.environment:create_environment_scripts_only(px4_ros_com)
[34.648s] Level 1:colcon.colcon_core.environment:checking '/home/yjh/px4_ros_com_ros2/install/px4_ros_com' for CMake module files
[34.649s] DEBUG:colcon.colcon_core.event_handler.log_command:Invoked command in '/home/yjh/px4_ros_com_ros2/build/px4_ros_com' returned '0': AMENT_PREFIX_PATH=/home/yjh/px4_ros_com_ros2/install/px4_msgs:${AMENT_PREFIX_PATH} CMAKE_PREFIX_PATH=/home/yjh/px4_ros_com_ros2/install/px4_msgs:/opt/ros/foxy LD_LIBRARY_PATH=/home/yjh/px4_ros_com_ros2/install/px4_msgs/lib:${LD_LIBRARY_PATH} PYTHONPATH=/home/yjh/px4_ros_com_ros2/install/px4_msgs/lib/python3.8/site-packages:${PYTHONPATH} /usr/bin/cmake --install /home/yjh/px4_ros_com_ros2/build/px4_ros_com
[34.649s] Level 1:colcon.colcon_core.environment:checking '/home/yjh/px4_ros_com_ros2/install/px4_ros_com' for CMake config files
[34.650s] Level 1:colcon.colcon_core.shell:create_environment_hook('px4_ros_com', 'cmake_prefix_path')
[34.651s] INFO:colcon.colcon_core.shell:Creating environment hook '/home/yjh/px4_ros_com_ros2/install/px4_ros_com/share/px4_ros_com/hook/cmake_prefix_path.ps1'
[34.652s] INFO:colcon.colcon_core.shell:Creating environment descriptor '/home/yjh/px4_ros_com_ros2/install/px4_ros_com/share/px4_ros_com/hook/cmake_prefix_path.dsv'
[34.652s] INFO:colcon.colcon_core.shell:Creating environment hook '/home/yjh/px4_ros_com_ros2/install/px4_ros_com/share/px4_ros_com/hook/cmake_prefix_path.sh'
[34.653s] Level 1:colcon.colcon_core.environment:checking '/home/yjh/px4_ros_com_ros2/install/px4_ros_com/lib'
[34.653s] Level 1:colcon.colcon_core.shell:create_environment_hook('px4_ros_com', 'ld_library_path_lib')
[34.654s] INFO:colcon.colcon_core.shell:Creating environment hook '/home/yjh/px4_ros_com_ros2/install/px4_ros_com/share/px4_ros_com/hook/ld_library_path_lib.ps1'
[34.654s] INFO:colcon.colcon_core.shell:Creating environment descriptor '/home/yjh/px4_ros_com_ros2/install/px4_ros_com/share/px4_ros_com/hook/ld_library_path_lib.dsv'
[34.654s] INFO:colcon.colcon_core.shell:Creating environment hook '/home/yjh/px4_ros_com_ros2/install/px4_ros_com/share/px4_ros_com/hook/ld_library_path_lib.sh'
[34.655s] Level 1:colcon.colcon_core.environment:checking '/home/yjh/px4_ros_com_ros2/install/px4_ros_com/bin'
[34.655s] Level 1:colcon.colcon_core.shell:create_environment_hook('px4_ros_com', 'path')
[34.656s] INFO:colcon.colcon_core.shell:Creating environment hook '/home/yjh/px4_ros_com_ros2/install/px4_ros_com/share/px4_ros_com/hook/path.ps1'
[34.656s] INFO:colcon.colcon_core.shell:Creating environment descriptor '/home/yjh/px4_ros_com_ros2/install/px4_ros_com/share/px4_ros_com/hook/path.dsv'
[34.656s] INFO:colcon.colcon_core.shell:Creating environment hook '/home/yjh/px4_ros_com_ros2/install/px4_ros_com/share/px4_ros_com/hook/path.sh'
[34.657s] Level 1:colcon.colcon_core.environment:checking '/home/yjh/px4_ros_com_ros2/install/px4_ros_com/lib/pkgconfig/px4_ros_com.pc'
[34.657s] Level 1:colcon.colcon_core.environment:checking '/home/yjh/px4_ros_com_ros2/install/px4_ros_com/lib/python3.8/site-packages'
[34.657s] Level 1:colcon.colcon_core.environment:checking '/home/yjh/px4_ros_com_ros2/install/px4_ros_com/bin'
[34.657s] Level 1:colcon.colcon_core.shell:create_environment_hook('px4_ros_com', 'pythonscriptspath')
[34.658s] INFO:colcon.colcon_core.shell:Creating environment hook '/home/yjh/px4_ros_com_ros2/install/px4_ros_com/share/px4_ros_com/hook/pythonscriptspath.ps1'
[34.658s] INFO:colcon.colcon_core.shell:Creating environment descriptor '/home/yjh/px4_ros_com_ros2/install/px4_ros_com/share/px4_ros_com/hook/pythonscriptspath.dsv'
[34.659s] INFO:colcon.colcon_core.shell:Creating environment hook '/home/yjh/px4_ros_com_ros2/install/px4_ros_com/share/px4_ros_com/hook/pythonscriptspath.sh'
[34.660s] INFO:colcon.colcon_core.shell:Creating package script '/home/yjh/px4_ros_com_ros2/install/px4_ros_com/share/px4_ros_com/package.ps1'
[34.661s] INFO:colcon.colcon_core.shell:Creating package descriptor '/home/yjh/px4_ros_com_ros2/install/px4_ros_com/share/px4_ros_com/package.dsv'
[34.662s] INFO:colcon.colcon_core.shell:Creating package script '/home/yjh/px4_ros_com_ros2/install/px4_ros_com/share/px4_ros_com/package.sh'
[34.663s] INFO:colcon.colcon_core.shell:Creating package script '/home/yjh/px4_ros_com_ros2/install/px4_ros_com/share/px4_ros_com/package.bash'
[34.663s] INFO:colcon.colcon_core.shell:Creating package script '/home/yjh/px4_ros_com_ros2/install/px4_ros_com/share/px4_ros_com/package.zsh'
[34.663s] Level 1:colcon.colcon_core.environment:create_file_with_runtime_dependencies(/home/yjh/px4_ros_com_ros2/install/px4_ros_com/share/colcon-core/packages/px4_ros_com)
[34.858s] Level 1:colcon.colcon_core.environment:create_environment_scripts_only(px4_ros_com)
[34.859s] Level 1:colcon.colcon_core.environment:checking '/home/yjh/px4_ros_com_ros2/install/px4_ros_com' for CMake module files
[34.860s] Level 1:colcon.colcon_core.environment:checking '/home/yjh/px4_ros_com_ros2/install/px4_ros_com' for CMake config files
[34.860s] Level 1:colcon.colcon_core.shell:create_environment_hook('px4_ros_com', 'cmake_prefix_path')
[34.861s] INFO:colcon.colcon_core.shell:Creating environment hook '/home/yjh/px4_ros_com_ros2/install/px4_ros_com/share/px4_ros_com/hook/cmake_prefix_path.ps1'
[34.861s] INFO:colcon.colcon_core.shell:Creating environment descriptor '/home/yjh/px4_ros_com_ros2/install/px4_ros_com/share/px4_ros_com/hook/cmake_prefix_path.dsv'
[34.862s] INFO:colcon.colcon_core.shell:Creating environment hook '/home/yjh/px4_ros_com_ros2/install/px4_ros_com/share/px4_ros_com/hook/cmake_prefix_path.sh'
[34.862s] Level 1:colcon.colcon_core.environment:checking '/home/yjh/px4_ros_com_ros2/install/px4_ros_com/lib'
[34.863s] Level 1:colcon.colcon_core.shell:create_environment_hook('px4_ros_com', 'ld_library_path_lib')
[34.863s] INFO:colcon.colcon_core.shell:Creating environment hook '/home/yjh/px4_ros_com_ros2/install/px4_ros_com/share/px4_ros_com/hook/ld_library_path_lib.ps1'
[34.864s] INFO:colcon.colcon_core.shell:Creating environment descriptor '/home/yjh/px4_ros_com_ros2/install/px4_ros_com/share/px4_ros_com/hook/ld_library_path_lib.dsv'
[34.864s] INFO:colcon.colcon_core.shell:Creating environment hook '/home/yjh/px4_ros_com_ros2/install/px4_ros_com/share/px4_ros_com/hook/ld_library_path_lib.sh'
[34.864s] Level 1:colcon.colcon_core.environment:checking '/home/yjh/px4_ros_com_ros2/install/px4_ros_com/bin'
[34.865s] Level 1:colcon.colcon_core.shell:create_environment_hook('px4_ros_com', 'path')
[34.865s] INFO:colcon.colcon_core.shell:Creating environment hook '/home/yjh/px4_ros_com_ros2/install/px4_ros_com/share/px4_ros_com/hook/path.ps1'
[34.866s] INFO:colcon.colcon_core.shell:Creating environment descriptor '/home/yjh/px4_ros_com_ros2/install/px4_ros_com/share/px4_ros_com/hook/path.dsv'
[34.866s] INFO:colcon.colcon_core.shell:Creating environment hook '/home/yjh/px4_ros_com_ros2/install/px4_ros_com/share/px4_ros_com/hook/path.sh'
[34.867s] Level 1:colcon.colcon_core.environment:checking '/home/yjh/px4_ros_com_ros2/install/px4_ros_com/lib/pkgconfig/px4_ros_com.pc'
[34.867s] Level 1:colcon.colcon_core.environment:checking '/home/yjh/px4_ros_com_ros2/install/px4_ros_com/lib/python3.8/site-packages'
[34.867s] Level 1:colcon.colcon_core.environment:checking '/home/yjh/px4_ros_com_ros2/install/px4_ros_com/bin'
[34.867s] Level 1:colcon.colcon_core.shell:create_environment_hook('px4_ros_com', 'pythonscriptspath')
[34.868s] INFO:colcon.colcon_core.shell:Creating environment hook '/home/yjh/px4_ros_com_ros2/install/px4_ros_com/share/px4_ros_com/hook/pythonscriptspath.ps1'
[34.868s] INFO:colcon.colcon_core.shell:Creating environment descriptor '/home/yjh/px4_ros_com_ros2/install/px4_ros_com/share/px4_ros_com/hook/pythonscriptspath.dsv'
[34.869s] INFO:colcon.colcon_core.shell:Creating environment hook '/home/yjh/px4_ros_com_ros2/install/px4_ros_com/share/px4_ros_com/hook/pythonscriptspath.sh'
[34.870s] INFO:colcon.colcon_core.shell:Creating package script '/home/yjh/px4_ros_com_ros2/install/px4_ros_com/share/px4_ros_com/package.ps1'
[34.871s] INFO:colcon.colcon_core.shell:Creating package descriptor '/home/yjh/px4_ros_com_ros2/install/px4_ros_com/share/px4_ros_com/package.dsv'
[34.871s] INFO:colcon.colcon_core.shell:Creating package script '/home/yjh/px4_ros_com_ros2/install/px4_ros_com/share/px4_ros_com/package.sh'
[34.872s] INFO:colcon.colcon_core.shell:Creating package script '/home/yjh/px4_ros_com_ros2/install/px4_ros_com/share/px4_ros_com/package.bash'
[34.872s] INFO:colcon.colcon_core.shell:Creating package script '/home/yjh/px4_ros_com_ros2/install/px4_ros_com/share/px4_ros_com/package.zsh'
[34.872s] Level 1:colcon.colcon_core.environment:create_file_with_runtime_dependencies(/home/yjh/px4_ros_com_ros2/install/px4_ros_com/share/colcon-core/packages/px4_ros_com)
[34.873s] DEBUG:colcon.colcon_parallel_executor.executor.parallel:closing loop
[34.873s] DEBUG:colcon.colcon_parallel_executor.executor.parallel:loop closed
[34.873s] DEBUG:colcon.colcon_parallel_executor.executor.parallel:run_until_complete finished with '0'
[34.873s] DEBUG:colcon.colcon_core.event_reactor:joining thread
[34.881s] INFO:colcon.colcon_core.plugin_system:Skipping extension 'colcon_notification.desktop_notification.terminal_notifier': Not used on non-Darwin systems
[34.881s] INFO:colcon.colcon_core.plugin_system:Skipping extension 'colcon_notification.desktop_notification.win32': Not used on non-Windows systems
[34.881s] INFO:colcon.colcon_notification.desktop_notification:Sending desktop notification using 'notify2'
[34.900s] DEBUG:colcon.colcon_core.event_reactor:joined thread
[34.901s] INFO:colcon.colcon_core.shell:Creating prefix script '/home/yjh/px4_ros_com_ros2/install/local_setup.ps1'
[34.902s] INFO:colcon.colcon_core.shell:Creating prefix util module '/home/yjh/px4_ros_com_ros2/install/_local_setup_util_ps1.py'
[34.904s] INFO:colcon.colcon_core.shell:Creating prefix chain script '/home/yjh/px4_ros_com_ros2/install/setup.ps1'
[34.905s] INFO:colcon.colcon_core.shell:Creating prefix script '/home/yjh/px4_ros_com_ros2/install/local_setup.sh'
[34.910s] INFO:colcon.colcon_core.shell:Creating prefix util module '/home/yjh/px4_ros_com_ros2/install/_local_setup_util_sh.py'
[34.911s] INFO:colcon.colcon_core.shell:Creating prefix chain script '/home/yjh/px4_ros_com_ros2/install/setup.sh'
[34.912s] INFO:colcon.colcon_core.shell:Creating prefix script '/home/yjh/px4_ros_com_ros2/install/local_setup.bash'
[34.913s] INFO:colcon.colcon_core.shell:Creating prefix chain script '/home/yjh/px4_ros_com_ros2/install/setup.bash'
[34.914s] INFO:colcon.colcon_core.shell:Creating prefix script '/home/yjh/px4_ros_com_ros2/install/local_setup.zsh'
[34.915s] INFO:colcon.colcon_core.shell:Creating prefix chain script '/home/yjh/px4_ros_com_ros2/install/setup.zsh'
