-- Using C++17 compiler
-- Found ament_cmake: 0.9.9 (/opt/ros/foxy/share/ament_cmake/cmake)
-- Using PYTHON_EXECUTABLE: /usr/bin/python3
-- Override CMake install command with custom implementation using symlinks instead of copying resources
-- Found builtin_interfaces: 1.0.0 (/opt/ros/foxy/share/builtin_interfaces/cmake)
-- Using all available rosidl_typesupport_c: rosidl_typesupport_fastrtps_c;rosidl_typesupport_introspection_c
-- Found rosidl_adapter: 1.2.1 (/opt/ros/foxy/share/rosidl_adapter/cmake)
-- Using all available rosidl_typesupport_cpp: rosidl_typesupport_fastrtps_cpp;rosidl_typesupport_introspection_cpp
-- Found rclcpp: 2.4.1 (/opt/ros/foxy/share/rclcpp/cmake)
-- Found rmw_implementation_cmake: 1.0.3 (/opt/ros/foxy/share/rmw_implementation_cmake/cmake)
-- Using RMW implementation 'rmw_fastrtps_cpp' as default
-- Found rmw_fastrtps_cpp: 1.3.0 (/opt/ros/foxy/share/rmw_fastrtps_cpp/cmake)
-- Found px4_msgs: 2.0.1 (/home/yjh/px4_ros_com_ros2/install/px4_msgs/share/px4_msgs/cmake)
-- Found sensor_msgs: 2.0.5 (/opt/ros/foxy/share/sensor_msgs/cmake)
-- Found eigen3_cmake_module: 0.1.1 (/opt/ros/foxy/share/eigen3_cmake_module/cmake)
-- fastrtpsgen found in /usr/local/bin
-- fastrtpsgen version 1.0.4
-- px4_msgs message dir under /home/yjh/px4_ros_com_ros2/install/px4_msgs/share/px4_msgs/msg
-- IDL definitions under /home/yjh/px4_ros_com_ros2/install/px4_msgs/share/px4_msgs/msg
-- Retrieving list of msgs to send...
-- List of msgs to send: DebugArray, DebugKeyValue, DebugValue, DebugVect, OffboardControlMode, OnboardComputerStatus, OpticalFlow, PositionSetpoint, PositionSetpointTriplet, TelemetryStatus, Timesync, TrajectoryBezier, TrajectorySetpoint, VehicleCommand, VehicleLocalPositionSetpoint, VehicleTrajectoryBezier, VehicleTrajectoryWaypoint, VehicleMocapOdometry, VehicleVisualOdometry
-- Retrieving list of msgs to receive...
-- List of msgs to receive: CollisionConstraints, SensorCombined, Timesync, TimesyncStatus, TrajectoryWaypoint, VehicleControlMode, VehicleLocalPosition, VehicleOdometry, VehicleStatus
-- Configuring done
-- Generating done
-- Build files have been written to: /home/yjh/px4_ros_com_ros2/build/px4_ros_com
[  2%] Built target mission2
[  5%] Built target offboard_control
[  5%] Built target iris0_triangle
[  7%] Built target frame_transforms
[  8%] Built target debug_vect_advertiser
[ 10%] Built target sensor_combined_listener
[ 12%] Built target vehicle_gps_position_listener
[35m[1mScanning dependencies of target iris1_triangle[0m
[35m[1mScanning dependencies of target iris2_triangle[0m
[35m[1mScanning dependencies of target position_calculator_iris1[0m
[ 12%] [32mBuilding CXX object CMakeFiles/iris2_triangle.dir/src/examples/offboard/iris2_triangle.cpp.o[0m
[ 13%] [32mBuilding CXX object CMakeFiles/iris1_triangle.dir/src/examples/offboard/iris1_triangle.cpp.o[0m
[ 94%] Built target micrortps_agent
[35m[1mScanning dependencies of target position_calculator_iris2[0m
[ 95%] [32mBuilding CXX object CMakeFiles/position_calculator_iris1.dir/src/examples/offboard/position_calculator_iris1.cpp.o[0m
[ 96%] [32mBuilding CXX object CMakeFiles/position_calculator_iris2.dir/src/examples/offboard/position_calculator_iris2.cpp.o[0m
[ 97%] [32m[1mLinking CXX executable iris2_triangle[0m
[ 98%] [32m[1mLinking CXX executable iris1_triangle[0m
[ 98%] Built target iris2_triangle
[ 98%] Built target iris1_triangle
